35 http://events.ucl.ac.uk/calendar/date:2014-06-23 1
35 http://www.fdh.ucl.ac.uk/speaker/dr-patty-kostkova 2
35 http://www.fdh.ucl.ac.uk/speaker/ana-tajadura-jimenez 2
35 http://www.fdh.ucl.ac.uk/event/student-projects-presentations-awards-ceremony 2
35 http://www.ucl.ac.uk/digital-health/digital-health-events-pub/frontiers-in-digital-health-jan16 2
35 http://www.fdh.ucl.ac.uk/owns-data-opendata-healthcare-summary-roundtable-discussions 2
35 http://www.ucl.ac.uk/digital-health/events 1
35 http://events.ucl.ac.uk/calendar/date:2014-06-25 1
35 http://events.ucl.ac.uk/calendar/date:2014-06-26 1
35 http://www.fdh.ucl.ac.uk/event/digital-health-devices 2
35 http://www.fdh.ucl.ac.uk/event/gamification-self-tracking-health-wellbeing 2
35 http://www.ucl.ac.uk/research/domains/populations-and-lifelong-health/layout-components/carousel/photo3.description 1
35 http://events.ucl.ac.uk/calendar/date:2014-06-30 1
35 http://ihealth.cs.ucl.ac.uk/category/uncategorized 1
35 http://www.ucl.ac.uk/digital-health/our-research 1
35 http://www.ucl.ac.uk/digital-health/copy_of_festival-of-digital-health 1
35 http://www.ucl.ac.uk/digital-health/contact-us 1
35 http://events.ucl.ac.uk/calendar/date:2014-06-22 1
35 http://www.engineering.ucl.ac.uk/events/2016-02 1
35 http://www.ucl.ac.uk/behaviour-change/cbc-events/fdh-bct-workshops 1
35 http://events.ucl.ac.uk/calendar/date:2014-06-21 1
35 http://www.fdh.ucl.ac.uk/wp-content/uploads/2014/08/UCLFDH-Eval.pdf 2
35 http://www.fdh.ucl.ac.uk/speaker/alexandra-douglass-bonner 2
35 http://iris.ucl.ac.uk/iris/browse/researchTheme/list 0
35 http://www.ucl.ac.uk/muse/muse-news-publication/Giulia_prize_FDH 2
35 http://www.fdh.ucl.ac.uk/event/closing-ceremony 2
35 http://www.ucl.ac.uk/behaviour-change/cbc-events/fdh-byte-size-dh 1
35 http://events.ucl.ac.uk/calendar/date:2014-06-19 1
35 http://www.engineering.ucl.ac.uk/event/festival-for-digital-health 2
35 http://www.fdh.ucl.ac.uk 2
35 http://www.fdh.ucl.ac.uk/call-for-abstracts 2
35 http://events.ucl.ac.uk/calendar/date:2014-06-29 1
35 http://www.ucl.ac.uk/digital-health/copy_of_festival-of-digital-health/sponsors 2
35 http://www.ucl.ac.uk/mssl/news/mssl-news/news-jun-2014/tom-pollard-ucl-festival-of-health 2
35 http://www.ucl.ac.uk/digital-health 1
35 http://www.ucl.ac.uk/behaviour-change/CBC_Conference_2016 1
35 http://events.ucl.ac.uk/calendar/date:2014-06-27 1
35 http://www.fdh.ucl.ac.uk/speaker/amanda-c-de-c-williams 2
35 http://events.ucl.ac.uk/calendar/date:2014-06-28 1
35 http://events.ucl.ac.uk/calendar/date:2014-06-20 1
35 http://www.fdh.ucl.ac.uk/call-games-apps 2
35 http://www.ucl.ac.uk/digital-health/documents/fdh-programme 2
35 http://events.ucl.ac.uk/calendar/date:2014-06-24 1
35 http://ihealth.cs.ucl.ac.uk 1
35 http://www.engineering.ucl.ac.uk/events/month 1
35 http://www.ucl.ac.uk/digital-health/digital-health-events-pub/festival-of-digital-health 2
35 http://www.ucl.ac.uk/enterprise/enterprise-news/ucl-festival-for-digital-22-02-16 2
35 http://ihealth.cs.ucl.ac.uk/2014/05/24/festival-for-digital-health-25th-june-2014 2
35 http://ihealth.cs.ucl.ac.uk/2014/11/01/networking-meeting 1
