27 http://www.icn.ucl.ac.uk/nburgess/papers/Arbib2.pdf 0
27 http://www.icn.ucl.ac.uk/Research-Groups/Space-and-Memory-Group/index.php 0
27 http://iris.ucl.ac.uk/iris/browse/researchActivity/590 1
27 http://www.ucl.ac.uk/cdb/research/okeefe/research 2
27 http://www.ucl.ac.uk/ion/education/courses/other/neurology/neurologycourselecturers 1
27 http://www.icn.ucl.ac.uk/nburgess/papers/Burgess93.pdf 0
27 http://www.ucl.ac.uk/media/press-releases 0
27 http://iris.ucl.ac.uk/iris/publication/993794/2 1
27 http://www.ucl.ac.uk/cdb/research/okeefe 2
27 http://www.ucl.ac.uk/swc/research 1
27 http://www.ucl.ac.uk/swc/archived-events 0
27 http://www.icn.ucl.ac.uk/Staff-Lists/affiliated-faculty/index.html 1
27 http://www.gatsby.ucl.ac.uk/members.html 0
27 http://www.icn.ucl.ac.uk/Staff-Lists/MemberDetails.php?FirstName=John&LastName=Okeefe 2
27 http://www.ucl.ac.uk/CNT/list 0
27 http://www.ucl.ac.uk/european-institute/press/2014-15/ukborders 2
27 http://www.ucl.ac.uk/news/news-articles/1014/071014-nobel-coverage 2
27 http://iris.ucl.ac.uk/iris/publication/1016056/11 1
27 http://iris.ucl.ac.uk/iris/browse/profile?upi=JOKEE52 2
27 http://www.ucl.ac.uk/cdb/news/cdb-news/news37 2
27 http://www.ucl.ac.uk/cdb 1
27 http://www.ucl.ac.uk/news/slms/slms-news/slms/nobel 2
27 http://www.ucl.ac.uk/cdb/news/cdb-news/news39 2
27 http://www.ucl.ac.uk/news/news-articles/0806/08062401 2
27 http://iris.ucl.ac.uk/iris/publication/1016057/11 1
27 http://www.ucl.ac.uk/cdb/news/cdb-news/news28 1
27 http://iris.ucl.ac.uk/iris/browse/department/SWC 1
27 http://www.ucl.ac.uk/cdb/news/cdb-news/2008d 2
27 http://iris.ucl.ac.uk/iris/publication/428205/2 1
27 http://www.ucl.ac.uk/news/news-articles/1107/22012011-sainsbury-wellcome-centre-planning 1
27 http://www.ucl.ac.uk/news/news-articles/1014/061014-john-okeefe 2
27 http://www.icn.ucl.ac.uk/Staff-Lists/MemberDetails.php?FirstName=John&LastName=O%27+Keefe&Title=Prof 0
27 http://www.icn.ucl.ac.uk/research-groups/Space-and-Memory-Group/index.php 0
27 http://www.ucl.ac.uk/~ucbpjkr/images/CURRICULUM%20VITAE%202008.doc 0
27 http://iris.ucl.ac.uk/iris/browse/profile/publications/paged?isFirstReq=true&isLastPage=false&itemsPerPage=10&orderBy=4+D&pageNum=1&upi=JOKEE52 1
27 http://www.ucl.ac.uk/cdb/researchthemes/imaging 0
27 http://www.ucl.ac.uk/biosciences/biosciences-news-publication/prof-john-okeefe-wins-kavli-prize-in-neuroscience 2
27 http://www.ucl.ac.uk/rps_includes/RPSDATA.SVC/pubs/kjjef85,dbend52,sgsol97,hjspi38?orderby=year 1
27 http://www.ucl.ac.uk/biosciences/biosciences-news-publication/prof-john-okeefe-wins-nobel-prize-for-medicine 2
27 http://www.ucl.ac.uk/about-ucl/history 1
27 http://iris.ucl.ac.uk/iris/publication/921277/2 2
27 http://www.ucl.ac.uk/news/slms/slms-news/slms/o-keefe 2
27 http://iris.ucl.ac.uk/iris/publication/921276/2 1
27 http://www.ucl.ac.uk/swc/press-releases 0
27 http://www.ucl.ac.uk/swc/contact 1
27 http://www.ucl.ac.uk/stream/embed/media/b23ae5f893a8 1
27 http://www.ucl.ac.uk/news/news-articles/0613/26062013-Director-appointed-to-Sainsbury-Wellcome-Centre 2
27 http://www.ucl.ac.uk/news/headlines/0315/100315-john-okeefe 2
27 http://www.icn.ucl.ac.uk/research-groups/Space-and-Memory-Group/group-members/MemberDetails.php?FirstName=John&LastName=Okeefe&Title=Prof 2
27 http://www.ucl.ac.uk/media/library/gruberprize 2
