9 http://iris.ucl.ac.uk/iris/browse/researchTheme/15 0
9 http://www.ucl.ac.uk/library/content/accs/accs0216.htm 0
9 http://www.ucl.ac.uk/ssees/centenary/centenary-events/seasonoffilm 0
9 http://www.ucl.ac.uk/ssees/people/student-administration-office 1
9 http://www.ucl.ac.uk/ssees/current-students 1
9 http://www.ucl.ac.uk/ssees/centenary/centenary-events/socialism-capitalism-alternatives 0
9 http://libguides.ucl.ac.uk/content.php?pid=684968&sid=5682946 1
9 http://www.ucl.ac.uk/library/content/accs/accs0116.htm 0
9 http://www.ssees.ucl.ac.uk/library/index.htm 1
9 http://www.ssees.ucl.ac.uk/library/collections.htm 1
9 http://www.ucl.ac.uk/ssees/prospective-students 1
9 http://www.ucl.ac.uk/ssees/news-and-events 1
9 http://www.ucl.ac.uk/ssees/eu-referendum-director-ssees 0
9 http://www.ucl.ac.uk/ssees/evening-courses 1
9 http://www.ucl.ac.uk/ssees/publishing 1
9 http://www.ucl.ac.uk/eme/seminars/PastEvents 0
9 http://www.ucl.ac.uk/ssees/publishing 1
9 http://www.ucl.ac.uk/institute-of-advanced-studies/research 0
9 http://www.ucl.ac.uk/ssees/index_right 0
9 http://www.ucl.ac.uk/ssees/alumni 1
9 http://www.ucl.ac.uk/online-giving/support/ucl-huntingtons-disease-research-fund 0
9 http://www.ssees.ucl.ac.uk/videos/index.htm 0
9 http://www.ucl.ac.uk/alumni/news/notices 0
9 http://www.ucl.ac.uk/ssees/vacancies 1
9 http://www.ucl.ac.uk/ssees/eu-referendum-ssees-director 0
9 http://www.ucl.ac.uk/ssees/staff 1
9 http://www.ucl.ac.uk/ssees/contact-us 1
9 http://www.ucl.ac.uk/ssees/current-students/undergraduate 1
9 http://www.ucl.ac.uk/ssees/research 1
9 http://www.ucl.ac.uk/hr/consultancy/index.php 0
9 http://www.ssees.ucl.ac.uk/library 2
9 http://www.ucl.ac.uk/ssees/research/mellon-programme 0
9 http://www.ucl.ac.uk/ssees/centenary 1
9 http://www.ucl.ac.uk/ssees/ssees-library 1
9 http://www.ssees.ucl.ac.uk/library/directory/index.htm 1
9 http://www.ucl.ac.uk/ssees/current-students/postgraduate 1
9 http://www.ucl.ac.uk/ssees/current-students/careers 1
9 http://www.ssees.ucl.ac.uk/library/directory/index.htm 1
9 http://www.ssees.ucl.ac.uk/library 2
9 http://www.ucl.ac.uk/library 0
9 http://www.ssees.ucl.ac.uk/videos/russdocs.htm 0
9 http://www.ucl.ac.uk/ssees 2
9 http://www.ucl.ac.uk/ssees/indexright 0
9 http://www.ssees.ucl.ac.uk/archives/index.htm 1
9 http://www.ucl.ac.uk/ssees/people 1
9 http://www.ucl.ac.uk/ssees/languages-at-ucl-ssees/evening-courses 1
9 http://blogs.ucl.ac.uk/ssees 1
