7 http://www.research-equipment.ucl.ac.uk/a-z/?letter=R 0
7 http://www.ucl.ac.uk/medical-modelling 0
7 http://www.ucl.ac.uk/prospective-students/graduate/taught/subject-areas/mechanical-engineering 1
7 http://www.ucl.ac.uk/mecheng/student-handbook/student-life-in-mechanical-engineering 1
7 http://www.ucl.ac.uk/prospective-students/undergraduate/degrees/engineering-mechanical-business-finance-beng 1
7 http://www.ucl.ac.uk/enterprise/about/success-stories 0
7 http://www.engineering.ucl.ac.uk/departments-index 0
7 http://iris.ucl.ac.uk/iris/browse/researchTheme/25 0
7 http://www.ucl.ac.uk/mecheng/people 1
7 http://www.ucl.ac.uk/prospective-students/study-abroad-guide/application-study/subjects/me 0
7 http://www.ucl.ac.uk/mecheng/our-courses/undergraduate/pre-2014-entry-students/meng-mech-eng 1
7 http://www.ucl.ac.uk/prospective-students/graduate/taught/degrees/mechanical-engineering-msc 1
7 http://iris.ucl.ac.uk/iris/browse/researchTheme/11 0
7 http://iris.ucl.ac.uk/iris/browse/researchTheme/82 0
7 http://www.research-equipment.ucl.ac.uk/facility 0
7 http://www.ucl.ac.uk/mecheng/student-handbook 1
7 http://iris.ucl.ac.uk/iris/browse/profile?upi=GBURR49 0
7 http://www.ucl.ac.uk/mecheng 2
7 http://iris.ucl.ac.uk/iris/browse/researchGroup/1517 0
7 http://www.ucl.ac.uk/mecheng/student-handbook/programmes-and-modules/undergraduate/meng-mech-eng 1
7 http://www.ucl.ac.uk/prospective-students/graduate/taught 0
7 http://iris.ucl.ac.uk/iris/browse/researchTheme/1 0
7 http://www.ucl.ac.uk/solarfox/contact 0
7 http://www.ucl.ac.uk/racing 0
7 http://www.ucl.ac.uk/careers 0
7 http://blogs.ucl.ac.uk/museums/tag/mechanical-engineering 0
7 http://medicalimaging-cdt.ucl.ac.uk/people/supervisors/non-clinical 0
7 http://www.ucl.ac.uk/prospective-students/undergraduate/degrees/engineering-mechanical-business-finance-meng 1
7 http://iris.ucl.ac.uk/iris/browse/researchTheme/19 0
7 http://www.ucl.ac.uk/prospective-students/undergraduate/degrees/engineering-mechanical-meng 1
7 http://www.ucl.ac.uk/prospective-students/undergraduate/subject-areas/mechanical-engineering 1
7 http://www.ucl.ac.uk/mecheng/our-courses/undergraduate 1
7 http://iris.ucl.ac.uk/iris/browse/researchGroup/1180 1
7 http://www.ucl.ac.uk/prospective-students/graduate/taught/degrees/marine-engineering-mechanical-electrical-msc 1
7 http://www.ucl.ac.uk/prospective-students/undergraduate/degrees/engineering-mechanical-beng 1
7 http://www.engineering.ucl.ac.uk/departments/mechanical-engineering 2
7 http://www.ucl.ac.uk/prospective-students/scholarships/graduate/deptscholarships/mechanical-engineering 1
7 http://swdb.ucl.ac.uk 0
7 http://www.ucl.ac.uk/teaching-learning/events/conference/2016/UCLTL2016Abstracts 0
7 http://www.ucl.ac.uk/cmr/staffprofiles/MJEDE48 0
7 http://www.ucl.ac.uk/prospective-students/graduate/research/degrees/mechanical-engineering-mphil-phd 1
7 http://iris.ucl.ac.uk/iris/browse/researchTheme/36 0
7 http://www.research-equipment.ucl.ac.uk/facility/2489/mechanical-engineering-thermodynamics-laboratory-facility.html 0
7 http://www.ucl.ac.uk/museums-static/objectretrieval/taxonomy/term/586 0
7 http://www.ucl.ac.uk/mecheng/our-courses/undergraduate/meng-mech-eng 1
7 http://www.ucl.ac.uk/cmr/staffprofiles/NLADO43 0
7 http://www.ucl.ac.uk/mecheng/our-courses/postgraduate/mechanical 1
7 http://www.ucl.ac.uk/mecheng/contact-details 1
7 http://www.ucl.ac.uk/prospective-students/widening-participation/openday/presentations/mechanical-engineering 1
7 http://www.engineering.ucl.ac.uk/people-list 0
7 http://iris.ucl.ac.uk/iris/browse/researchTheme/80 0
7 http://iris.ucl.ac.uk/iris/browse/researchTheme/37 0
7 http://iris.ucl.ac.uk/iris/browse/researchGroup/1182 0
