45 http://discovery.ucl.ac.uk/1453366 1
45 http://iris.ucl.ac.uk/iris/browse/profile/publications/paged?isFirstReq=true&isLastPage=false&itemsPerPage=10&orderBy=4+D&pageNum=1&upi=LLCHO13 0
45 http://iris.ucl.ac.uk/iris/browse/profile/achievements/paged?isFirstReq=true&isLastPage=false&itemsPerPage=10&orderBy=1+D&pageNum=1&upi=AKFIE12 0
45 http://www.ucl.ac.uk/immunity-transplantation/about/people/atul-mehta 2
45 http://www.ucl.ac.uk/prospective-students/graduate/research/degrees 0
45 http://sfx.ucl.ac.uk/sfx_local?ctx_enc=info%3Aofi%2Fenc%3AUTF-8&ctx_ver=Z39.88-2004&rfr_id=info%3Asid%2Fsfxit.com%3Aazlist&rft.object_id=954925605810&rft.object_portfolio_id=&sfx.ignore_date_threshold=1&svc.fulltext=yes%0D%0A&url_ctx_fmt=info%3Aofi%2Ffmt%3Akev%3Amtx%3Actx&url_ver=Z39.88-2004 1
45 http://www.ucl.ac.uk/lmcb/users/robin-ketteler 2
45 http://discovery.ucl.ac.uk/1308069 1
45 http://discovery.ucl.ac.uk/6966 2
45 http://discovery.ucl.ac.uk/1313455 1
45 http://www.ucl.ac.uk/gacd/about/people/board/board-docs/previous-chair 2
45 http://iris.ucl.ac.uk/iris/publication/1043171/7 2
45 http://www.ucl.ac.uk/ich/core-scientific-facilities-centres/flow-cytometry/documents/biosafety-standard-2006 2
45 http://sfx.ucl.ac.uk/sfx_local/az/default?param_chinese_checkbox_save=&param_chinese_checkbox_type_save=&param_current_view_save=table&param_jumpToPage_save=&param_jumpToPage_value=8&param_lang_save=eng&param_langcode_save=en&param_letter_group_save=H&param_letter_group_script_save=Latin&param_pattern_save=&param_perform_save=searchTitle&param_services2filter_save=getFullTxt&param_sid_save=b055267394152d8b1628ccfbea1e1ee7&param_textSearchType_save=contains&param_type_save=browseLetterGroup&param_ui_control_scripts_save=chinese&param_ui_control_scripts_save=cyrillic&param_ui_control_scripts_save=greek&param_ui_control_scripts_save=hebrew&param_ui_control_scripts_save=japanese&param_ui_control_scripts_save=korean&param_ui_control_scripts_save=latin 1
45 http://www.ucl.ac.uk/cancer/research/department-haematology 2
45 http://discovery.ucl.ac.uk/1308247 1
45 http://discovery.ucl.ac.uk/1338558 2
45 http://iris.ucl.ac.uk/iris/browse/profile/publications/paged?isFirstReq=true&isLastPage=false&itemsPerPage=10&orderBy=4+D&pageNum=1&upi=MGARB77 1
45 http://iris.ucl.ac.uk/iris/browse/profile/publications/paged?upi=MGARB77&isFirstReq=true&isLastPage=false&pageNum=1&itemsPerPage=10&orderBy=4%20D 2
45 http://iris.ucl.ac.uk/iris/browse/profile/achievements/paged?upi=AKFIE12&isFirstReq=true&isLastPage=false&pageNum=1&itemsPerPage=10&orderBy=1%20D 2
45 http://discovery.ucl.ac.uk/1310689 1
45 http://iris.ucl.ac.uk/iris/browse/profile/achievements/paged?isFirstReq=true&isLastPage=false&itemsPerPage=10&orderBy=1+D&pageNum=1&upi=SXUEX42 1
45 http://www.ucl.ac.uk/gacd/about/people/board 1
45 http://discovery.ucl.ac.uk/188228 1
45 http://www.ucl.ac.uk/haemostasis/haemostasis-links 2
45 http://iris.ucl.ac.uk/iris/browse/profile/achievements/paged?isFirstReq=true&isLastPage=false&itemsPerPage=10&orderBy=1+D&pageNum=1&upi=JDEBO95 1
45 http://discovery.ucl.ac.uk/1355905 2
45 http://www.ucl.ac.uk/immunity-transplantation/about/people/mark-lowdell 2
45 http://discovery.ucl.ac.uk/42349 1
45 http://discovery.ucl.ac.uk/358296 2
45 http://www.ucl.ac.uk/museums-static/objectretrieval/node/270 1
45 http://discovery.ucl.ac.uk/1310717 1
45 http://iris.ucl.ac.uk/iris/browse/profile/publications/paged?isFirstReq=true&isLastPage=false&itemsPerPage=10&orderBy=4+D&pageNum=1&upi=MGUPT35 1
45 http://iris.ucl.ac.uk/iris/browse/profile/publications/paged?isFirstReq=true&isLastPage=false&itemsPerPage=10&orderBy=4+D&pageNum=1&upi=SKSSR22 1
45 http://discovery.ucl.ac.uk/1468526 2
45 http://discovery.ucl.ac.uk/view/year/2003.html 1
45 http://www.ucl.ac.uk/ukpdc/co-investigators/atul-mehta 2
45 http://discovery.ucl.ac.uk/1308254 1
45 http://www.ucl.ac.uk/epidemiology/currentstudents/phdstudentdatabase 2
45 http://iris.ucl.ac.uk/iris/browse/profile/achievements/paged?isFirstReq=true&isLastPage=false&itemsPerPage=10&orderBy=1+D&pageNum=1&upi=EMORR72 1
45 http://discovery.ucl.ac.uk/171938 2
45 http://www.ucl.ac.uk/prospective-students/graduate/research/degrees/haematology-mphil-phd 2
45 http://discovery.ucl.ac.uk/1307307 0
45 http://iris.ucl.ac.uk/iris/publication/314060/3 1
45 http://iris.ucl.ac.uk/iris/browse/profile/publications/paged?isFirstReq=true&isLastPage=false&itemsPerPage=10&orderBy=4+D&pageNum=1&upi=MOCON82 0
45 http://iris.ucl.ac.uk/iris/browse/profile/publications/paged?upi=SKSSR22&isFirstReq=true&isLastPage=false&pageNum=1&itemsPerPage=10&orderBy=4%20D 2
45 http://discovery.ucl.ac.uk/view/UCL/GHCSCI/2005.html 2
45 http://www.ucl.ac.uk/haemostasis/publications 2
45 http://discovery.ucl.ac.uk/6885/1/6885.pdf 2
45 http://www.london-nano.com/our-people/%5Bfield_people_section-raw%5D/tabasum-farzaneh 2
