22 http://www.cs.ucl.ac.uk/students/student_information/staff_student_committee/minutes/november_28th_2008 1
22 http://readinglists.ucl.ac.uk/lists/A064FF51-9EA8-5A48-4D8B-7372B926C525/bibliography.pdf?style=bibtex 0
22 http://www.ucl.ac.uk/ear/staff/officers 0
22 http://readinglists.ucl.ac.uk/lists/A064FF51-9EA8-5A48-4D8B-7372B926C525.pdf 0
22 http://www.cs.ucl.ac.uk/students/student_information/staff_student_committee/minutes/december_3rd_2014 1
22 http://www.cs.ucl.ac.uk/mobile/students/student_information/staff_student_committee/minutes/december_3rd_2014 1
22 http://iris.ucl.ac.uk/iris/browse/researchGroup/1582 1
22 http://www.ucl.ac.uk/dcal/team 0
22 http://www.cs.ucl.ac.uk/teaching_learning/your_degree_programme/fourth_year/tutorials 1
22 http://www.ucl.ac.uk/lmcb/users/mark-marsh 0
22 http://www0.cs.ucl.ac.uk/staff/G.Roberts 2
22 http://www.cs.ucl.ac.uk/fileadmin/UCL-CS/images/students/ComputingGuide/firstyearwelcome15.pdf 0
22 http://advancedteaching.cs.ucl.ac.uk/ssigs 0
22 http://www.bartlett.ucl.ac.uk/people 0
22 http://www0.cs.ucl.ac.uk/staff/G.Roberts/courses2005_6/1008/Slides10.pdf 0
22 http://www0.cs.ucl.ac.uk/staff/G.Roberts/courses2005_6/1007/IntroductionSlides.pdf 0
22 http://www.cs.ucl.ac.uk/students/student_information/staff_student_committee/minutes/october_14_2015 1
22 http://www.cs.ucl.ac.uk/teaching_learning/student_information/staff_student_committee/minutes/december_3rd_2014 1
22 http://www.ucl.ac.uk/teaching-learning/pdfs/grahammaster.pdf 0
22 http://www.cs.ucl.ac.uk/students/student_information/staff_student_committee/minutes/february_23rd_2009 1
22 http://advancedteaching.cs.ucl.ac.uk/people 2
22 http://www0.cs.ucl.ac.uk/staff/G.Roberts/courses2005_6/1008/Slides8.pdf 0
22 http://www0.cs.ucl.ac.uk/people/G.Roberts.html 2
22 http://www.cs.ucl.ac.uk/mobile/teaching_learning/student_information/staff_student_committee/minutes/december_3rd_2014 1
22 http://www.cs.ucl.ac.uk/fileadmin/UCL-CS/images/students/ComputingGuide/firstyearwelcome14.pdf 0
22 http://www.cs.ucl.ac.uk/teaching_learning/your_degree_programme/fourth_year/welcome_back 1
22 http://www.ucl.ac.uk/people 0
22 http://www.ucl.ac.uk/teaching-learning/case-studies-news/e-learning/graham-roberts 1
22 http://www.cs.ucl.ac.uk/contacts 1
22 http://www.cs.ucl.ac.uk/students/student_information/survival_guide 0
22 http://www.cs.ucl.ac.uk/event_details/?eventnum=1260 0
22 http://www0.cs.ucl.ac.uk/staff/G.Roberts/courses2005_6/1008/Slides9.pdf 0
22 http://iris.ucl.ac.uk/iris/browse/profile?upi=GROBE55 2
22 http://www0.cs.ucl.ac.uk/staff/G.Roberts/unixintro/index.html 0
22 http://www0.cs.ucl.ac.uk/staff/G.Roberts/courses2005_6/1008/Slides2.pdf 0
22 http://www.ucl.ac.uk/Bentham-Project/publications/wheatley/wheatley.html 0
22 http://www.ucl.ac.uk/mssl/space-plasma-physics/people 0
22 http://www.cs.ucl.ac.uk/mobile/students/student_information/staff_student_committee/minutes/november_28th_2008 1
22 http://www.ucl.ac.uk/slade/degree2004/2004.html 0
22 http://www.cs.ucl.ac.uk/cs_people/G.Roberts.html 2
22 http://advancedteaching.cs.ucl.ac.uk/introduction 0
22 http://www.cs.ucl.ac.uk/wics/contact_us 1
22 http://www0.cs.ucl.ac.uk/staff/G.Roberts/courses2005_6/1008/miniprojectadvice.pdf 0
22 http://www.engineering.ucl.ac.uk/people/graham-roberts 2
22 http://www.cs.ucl.ac.uk/event_details/?eventnum=1259 0
22 http://www.cs.ucl.ac.uk/about_us/who_does_what_in_the_department 1
22 http://iris.ucl.ac.uk/iris/browse/profile?upi=GAROB82 2
22 http://www.ucl.ac.uk/human-wellbeing/events/programme 0
22 http://www0.cs.ucl.ac.uk/staff/G.Roberts/courses2005_6/1008/Slides4.pdf 0
22 http://www0.cs.ucl.ac.uk/staff/G.Roberts/courses2005_6/1008/Slides1.pdf 0
22 http://www.cs.ucl.ac.uk/teaching_learning/student_information/staff_student_committee/minutes/november_28th_2008 1
22 http://www.cs.ucl.ac.uk/contacts 1
22 http://advancedteaching.cs.ucl.ac.uk/e_learning 0
22 http://www.ucl.ac.uk/americas/people/academic-staff/DrGrahamWoodgate 0
22 http://www.cs.ucl.ac.uk/students/student_information/staff_student_committee/minutes/november_3rd_2004 1
22 http://www.ucl.ac.uk/applied-logic-group 0
