8 http://www.ucl.ac.uk/aed 2
8 http://blogs.ucl.ac.uk/museums/category/biological-anthropology 1
8 http://www.ucl.ac.uk/anthropology/studying/msc-digital-anthropology 1
8 http://www.ucl.ac.uk/anthropology/ucl-services 0
8 http://www.ucl.ac.uk/anthropology/current-students 1
8 http://extend.ucl.ac.uk 0
8 http://www.ucl.ac.uk/anthropology/alumni 1
8 http://www.ucl.ac.uk/uclic/news-events/seminars 0
8 http://www.ucl.ac.uk/anthropology/studying/ma-materials-anthropology-design 1
8 http://www.ucl.ac.uk/anthropology/studying/ibsc 1
8 http://www.ucl.ac.uk/anthropology/studying/anthropology_with_a_year_abroad 1
8 http://www.ucl.ac.uk/anthropology/studying/msc-social-cultural-anthropology 1
8 http://www.ucl.ac.uk/anthropology/studying/mphil-phd-anthropology 1
8 http://www.ucl.ac.uk/library/subject-support/guides/anthropology 1
8 http://www.ucl.ac.uk/anthropology/fieldtrips 1
8 http://www.ucl.ac.uk/anthropology/about/biological-anthropology 1
8 http://www.ucl.ac.uk/museums-static/objectretrieval/node/266 0
8 http://blogs.ucl.ac.uk/global-social-media/category/anthropology/comparison 0
8 http://www.ucl.ac.uk/anthropology/studying/why-ucl-anthropology 1
8 http://www.ucl.ac.uk/archaeology/research/tags/biologicalanthropology 1
8 http://www.ucl.ac.uk/anthropology/news-and-events/seminar-series/medical-anthropology-seminar-series 1
8 http://www.ucl.ac.uk/archaeology/studying/masters/degrees/msc_bioarchaeology 1
8 http://www.ucl.ac.uk/anthropology/film-courses 1
8 http://www.ucl.ac.uk/anthropology/news-and-events/seminar-series/social-anthropology-seminar-series 1
8 http://www.ucl.ac.uk/anthropology/studying/mres-anthropology 1
8 http://www.ucl.ac.uk/anthropology/news-and-events 1
8 http://www.ucl.ac.uk/anthropology/news-and-events/seminar-series 1
8 http://iris.ucl.ac.uk/iris/browse/department/SB 1
8 http://www.ucl.ac.uk/anthropology/courses/ug 1
8 http://www.ucl.ac.uk/anthropology/studying/ibsc 1
8 http://www.ucl.ac.uk/anthropology/people 1
8 http://www.ucl.ac.uk/tcga 1
8 http://www.ucl.ac.uk/anthropology/research 1
8 http://www.ucl.ac.uk/anthropology/about/medical-anthropology 1
8 http://www.ucl.ac.uk/anthropology/eva 1
8 http://www.ucl.ac.uk/prospective-students/graduate/taught/degrees/digital-anthropology-msc 1
8 http://www.ucl.ac.uk/anthropology/about/social-anthropology 1
8 http://www.ucl.ac.uk/anthropology/fieldtrips 1
8 http://www.ucl.ac.uk/anthropology/about 1
8 http://www.ucl.ac.uk/anthropology/centre-for-digital-anthropology 1
8 http://www.ucl.ac.uk/anthropology/courses/pg 1
8 http://www.ucl.ac.uk/prospective-students/graduate/apply 0
8 http://www.ucl.ac.uk/anthropology/studying/msc-medical-anthropology 1
8 http://www.ucl.ac.uk/anthropology/studying/bsc_anthropology 1
8 http://www.ucl.ac.uk/anthropology/studying 1
8 http://www.ucl.ac.uk/anthropology/careers 1
8 http://www.cecd.ucl.ac.uk/people 1
8 http://www.ucl.ac.uk/anthropology 2
