17 http://readinglists.ucl.ac.uk/lists/A205CFEC-B950-DDCC-20D4-1E64611FF91F/bibliography.pdf?style=nature 0
17 http://www.ucl.ac.uk/mecheng/our-courses/undergraduate/meng-mech-eng/tabs/degree-structure 0
17 http://www.mgmt.ucl.ac.uk/undergraduate-elective-modules 1
17 http://www.engineering.ucl.ac.uk/current-students/management 1
17 http://readinglists.ucl.ac.uk/modules/msin3001.html 2
17 http://www.ucl.ac.uk/mecheng/module-descriptors/msin3001-m001 2
17 http://www.mgmt.ucl.ac.uk/people/kevinkiernan 0
17 http://www.cs.ucl.ac.uk/mobile/teaching_learning/undergrad_inf/curriculum/year_3_bsc_cs 0
17 http://www.ucl.ac.uk/mecheng/student-handbook/docs/msing001_module_descriptor 0
17 http://www.ucl.ac.uk/chemistry/undergraduate/courses/F1NF_Chem_w_Management/chemistry_with_management_year_tabs/Year3/MSIN3001 1
17 http://www.ucl.ac.uk/mecheng/our-courses/undergraduate/pre-2014-entry-students/meng-mech-eng 0
17 http://www.ucl.ac.uk/mecheng/our-courses/undergraduate/beng-mech-eng/tabs/degree-structure 0
17 http://www.mgmt.ucl.ac.uk/people/magdahercheui 0
17 http://www.cs.ucl.ac.uk/teaching_learning/undergrad_inf/curriculum/year_3_meng_cs 0
17 http://www.mgmt.ucl.ac.uk/modules/msin3001-project-management 2
17 http://timetable.ucl.ac.uk/tt/moduleTimet.do?firstReq=Y&moduleId=MSIN3001 1
17 http://www.cs.ucl.ac.uk/mobile/students/undergrad_inf/curriculum/year_3_meng_cs 0
17 http://www.ucl.ac.uk/prospective-students/study-abroad-ucl/study-abroad-guide/modules/msin3001 2
17 http://www.ucl.ac.uk/biochemeng/students/cn72 0
17 http://www.cs.ucl.ac.uk/students/syllabus/undergrad/3001_technology_management_and_professional_issues 0
17 http://readinglists.ucl.ac.uk/lists/A205CFEC-B950-DDCC-20D4-1E64611FF91F/bibliography.html?style=vancouver 0
17 http://www.ucl.ac.uk/chemeng/ug-results-non-chemeng/msin3001 0
17 http://www.mgmt.ucl.ac.uk/people/elaineaxby 0
17 http://www.mgmt.ucl.ac.uk/people/mattwhyndham 0
17 http://www.ucl.ac.uk/mecheng/our-courses/undergraduate/meng-mech-eng 0
17 http://www.ucl.ac.uk/mecheng/module-descriptors/msing001 1
17 http://www.mgmt.ucl.ac.uk/people/janebritton 0
17 http://www.ucl.ac.uk/mecheng/our-courses/undergraduate/beng-mech-eng 0
17 http://www.ucl.ac.uk/srs/governance-and-committees/qme/ucl-prog-specs/fes-prog-specs/MEng-Civil-Engineering.doc 0
17 http://www.mgmt.ucl.ac.uk/study/elective-course-portfolio 0
17 http://www.engineering.ucl.ac.uk/current-students/management 1
17 http://www.cs.ucl.ac.uk/teaching_learning/undergrad_inf/curriculum/year_3_bsc_cs 0
17 http://www.cs.ucl.ac.uk/students/undergrad_inf/curriculum/year_3_meng_cs 0
17 http://www.cs.ucl.ac.uk/students/undergrad_inf/curriculum/year_3_bsc_cs 0
17 http://readinglists.ucl.ac.uk/lists/E4760B8B-299B-E0DB-003C-E46CDE4B41B4.html 1
17 http://www.cs.ucl.ac.uk/mobile/teaching_learning/undergrad_inf/curriculum/year_3_meng_cs 0
17 http://www.cs.ucl.ac.uk/mobile/students/undergrad_inf/curriculum/year_3_bsc_cs 0
17 http://readinglists.ucl.ac.uk/departments/mansc_eng.html 0
