4 http://www.ucl.ac.uk/prospective-students/undergraduate/degrees/arts-sciences-study-abroad-basc 1
4 http://iris.ucl.ac.uk/iris/browse/researchTheme/29 2
4 http://www.ucl.ac.uk/surgery/courses/msc-performing-arts-medicine 0
4 http://mappinglondon.co.uk 0
4 http://blogs.casa.ucl.ac.uk/category/art 1
4 http://www.ucl.ac.uk/museums/uclart/support 0
4 http://blogs.ucl.ac.uk/museums/2014/06 0
4 http://www.ucl.ac.uk/museums/whats-on 0
4 http://www.ucl.ac.uk/ah/departments-centres 2
4 http://blogs.ucl.ac.uk/museums/tag/art 1
4 http://www.ucl.ac.uk/english-usage/summer-school/index.htm 0
4 http://www.ucl.ac.uk/museums-static/digitalegypt/bibliomk.html 0
4 http://www.ucl.ac.uk/basc 1
4 http://www.ucl.ac.uk/festival-of-the-arts 1
4 http://blogs.ucl.ac.uk/museums/tag/exhibition 0
4 http://www.ucl.ac.uk/museums/uclart/whats-on 1
4 http://www.ucl.ac.uk/basc/prospective/pathways 1
4 http://iris.ucl.ac.uk/iris/browse/department/AH 1
4 http://blogs.ucl.ac.uk/museums/2014/05 0
4 http://www.ucl.ac.uk/slade/degrees/ma-mfa 1
4 http://blogs.ucl.ac.uk/museums/2012/08 0
4 http://www.ucl.ac.uk/slade/scemfa 1
4 http://www.ucl.ac.uk/prospective-students/scholarships 0
4 http://www.ucl.ac.uk/festival-of-the-arts/events 1
4 http://www.ucl.ac.uk/prospective-students/undergraduate/degrees/arts-sciences-basc 1
4 http://blogs.ucl.ac.uk/museums/category/uncategorized 0
4 http://www.bartlett.ucl.ac.uk 0
4 http://www.ucl.ac.uk/prospective-students/undergraduate/application/requirements/preferred-a-level-subjects 0
4 http://blogs.ucl.ac.uk/museums/category/uclart 0
4 http://www.ucl.ac.uk/slade/people/academic/profile/HJENE78 0
4 http://genesis.blogs.casa.ucl.ac.uk 0
4 http://www.ucl.ac.uk/north/bio 0
4 http://www.london-nano.com/homepage 0
4 http://www.ucl.ac.uk/slade/degrees/ba-bfa 1
4 http://www.ucl.ac.uk/art-history 2
4 http://www.ucl.ac.uk/library 0
4 http://blogs.ucl.ac.uk/museums/tag/petrie-museum 0
4 http://www.ucl.ac.uk/lapt/glossph.htm 0
4 http://www.ucl.ac.uk/slade/people/academic/profile/KRUGG33 0
4 http://www.ucl.ac.uk/museums-static/objectretrieval 0
4 http://www.ucl.ac.uk/museums/uclart 2
4 http://www.ucl.ac.uk/slade/degrees/study-abroad 1
4 http://www.ucl.ac.uk/prospective-students/graduate/taught/degrees/performing-arts-medicine-msc 1
4 http://www.ucl.ac.uk/basc/prospective/application/alevels 0
4 http://iris.ucl.ac.uk/iris/browse/department/SP 1
4 http://www.ucl.ac.uk/basc/faq 1
4 http://www.ucl.ac.uk/basc/prospective/pathways/cultures 1
4 http://blogs.ucl.ac.uk/museums/tag/ucl-art-museum 1
4 http://www.ucl.ac.uk/slade 2
4 http://www.ucl.ac.uk/basc/prospective 1
4 http://www.ucl.ac.uk/prospective-students/study-abroad-guide/application-study/subjects/as 0
4 http://www.ucl.ac.uk/prospective-students/undergraduate/subject-areas/arts-sciences 1
4 http://www.ucl.ac.uk/ah 2
4 http://www.ucl.ac.uk/slade/scemfa/2014/01 0
4 http://www.ucl.ac.uk/museums/whats-on 0
