33 http://www.ucl.ac.uk/hr 0
33 http://iris.ucl.ac.uk/iris/browse/researchGroup/1384 1
33 http://www.ucl.ac.uk/americas/people/academic-staff/DrParEngstrom 1
33 http://www.ucl.ac.uk/isd/services/research-it/help/faqs/iris-faqs 0
33 http://www.ucl.ac.uk/human-rights/ihr-news/2012/ronan-mccrea-hungarian-report 1
33 http://www.ucl.ac.uk/dpu-projects/drivers_urb_change/urb_society/pdf_violence_rights/COHRE_global_survey_forced_evictions.pdf 0
33 http://www.ucl.ac.uk/dpu-projects/drivers_urb_change/urb_society/pdf_violence_rights/PDHRE_claiming_human_rights.pdf 0
33 http://iris.ucl.ac.uk/iris/browse/researchTheme/31 1
33 http://www.ucl.ac.uk/spp/publications/unit-publications/37.pdf 0
33 http://www.ucl.ac.uk/hr/od/pdp/sdas-w/index.php 0
33 http://www.ucl.ac.uk/hr/index.php 0
33 http://www.ucl.ac.uk/lmcb/users/buzz-baum 0
33 http://iris.ucl.ac.uk/iris/browse/department/ST 1
33 http://www.ucl.ac.uk/hr/docs/right_to_work.php 0
33 http://iris.ucl.ac.uk/iris/browse/researchGroup/1082 2
33 http://www.ucl.ac.uk/hr/od 0
33 http://www.ucl.ac.uk/human-rights/research/ucl-hrr/docs/hrreviewissue3/robertson 0
33 http://www.ucl.ac.uk/hr/equalities/the_law.php 0
33 http://www.ucl.ac.uk/human-rights/research/ucl-hrr/docs/hrreviewissue3/ramcharan 1
33 http://www.ucl.ac.uk/hr/equalities/lgbt/index.php 0
33 http://www.ucl.ac.uk/lc-ccr/centrepublications/index 0
33 http://www.laws.ucl.ac.uk/by-department/academic-staff 0
33 http://www.ucl.ac.uk/human-rights/research/ucl-hrr/docs/hrreviewissue3/pentassuglia 0
33 http://www.ucl.ac.uk/unions/UCU/rights/npf/index.htm 0
33 http://www.ucl.ac.uk/medical-education/publications/all 0
33 http://www.ucl.ac.uk/teaching-learning/events/conference/2016/UCLTL2016Abstracts 0
33 http://www.ucl.ac.uk/human-rights/ihr-news/2012/colm-nuffield 1
33 http://readinglists.ucl.ac.uk/items/2CA7086A-1B25-A2C8-2A1B-BB2DCF643BC0.html 1
33 http://www.ucl.ac.uk/human-rights/ihr-news/2012/sarah-snyder 1
33 http://www.ucl.ac.uk/complex/students 0
33 http://blogs.ucl.ac.uk/dis-blog 0
33 http://www.ucl.ac.uk/hr/staff/hr-org-charts-2016/index.php 0
33 http://www.ucl.ac.uk/hr/equalities/contacts/index.php 0
33 http://www.ucl.ac.uk/laws/lri/papers/VMantouvalou_Are_labour_rights_human_rights.pdf 0
33 http://www.ucl.ac.uk/human-rights 2
33 http://www.london-nano.com/meet-the-women-in-nanoscience 0
