32 http://www.ucl.ac.uk/ion/articles/news/20150216 0
32 http://www.ucl.ac.uk/sustainable-cities/results/gcsc-events 0
32 http://www.ucl.ac.uk/sustainable-cities/prev-announce 0
32 http://www.ucl.ac.uk/human-wellbeing/results 0
32 http://www.ucl.ac.uk/chime/publications 0
32 http://iris.ucl.ac.uk/iris/browse/researchGroup/list/byTheme?themeId=76 1
32 http://www.bartlett.ucl.ac.uk/programmes/programme-finder 0
32 http://www.ucl.ac.uk/human-wellbeing/events 0
32 http://www.cege.ucl.ac.uk/php/iris/staffprofile.php?ref=LCIRI23 1
32 http://iris.ucl.ac.uk/iris/browse/researchGroup/list/byTheme?themeId=24 1
32 http://iris.ucl.ac.uk/iris/browse/profile/researchActivities?upi=JGTAY63 0
32 http://iris.ucl.ac.uk/iris/browse/profile/researchActivities?upi=HALTA34 1
32 http://www.cege.ucl.ac.uk/HIRG/?Mobile=1 1
32 http://www.cege.ucl.ac.uk/HIRG/Pages/UPath/U-path.aspx 0
32 http://www.ucl.ac.uk/bartlett/iede/research/themes/healthy-buildings 0
32 http://blogs.ucl.ac.uk/events/2012/06/06/ucl-lancet-commission-shaping-cities-for-health/?dm_i=GTF%2CU8V3%2C3XF3MO%2C2HDKF%2C1 0
32 http://www.homepages.ucl.ac.uk/~uceshfa/index.htm 0
32 http://www.ucl.ac.uk/uclic/news-events/seminars 0
32 http://www.ucl.ac.uk/sustainable-cities/results 0
32 http://www.ucl.ac.uk/research/domains/Environment_Domain_Chair_-_role.docx 0
32 http://www.bartlett.ucl.ac.uk/people/?school=iede&upi=HALTA34 1
32 http://www.ucl.ac.uk/women-in-engineering/profiles/kaman-profile 1
32 http://iris.ucl.ac.uk/iris/browse/profile?upi=HALTA34 1
32 http://www.ucl.ac.uk/bartlett/iede/research/project-directory/projects 0
32 http://www.ucl.ac.uk/adaptablesuburbs/staff 0
32 http://www.ucl.ac.uk/prospective-students/graduate/life/ucl-advantage 0
32 http://iris.ucl.ac.uk/iris/browse/researchActivity/list 0
32 http://www.cege.ucl.ac.uk/HIRG/Pages/Projects.aspx 0
32 http://iris.ucl.ac.uk/iris/browse/profile?upi=LCIRI23 1
32 http://www.cege.ucl.ac.uk/HIRG/Pages/People.aspx 1
32 http://iris.ucl.ac.uk/iris/browse/researchGroup/list/byDepartment?orgId=ENG 1
32 http://www.cege.ucl.ac.uk/HIRG/Pages/Facilities.aspx 1
32 http://www.ucl.ac.uk/sustainable-cities/projects 0
32 http://www.cege.ucl.ac.uk/HIRG/Pages/default.aspx 2
32 http://www.ucl.ac.uk/sustainable-cities/events/past-events 0
32 http://iris.ucl.ac.uk/iris/browse/researchTheme/17 1
32 http://www.cege.ucl.ac.uk/HIRG/Pages/Contact-Us.aspx 2
32 http://www.cege.ucl.ac.uk/HIRG 2
32 http://www.ucl.ac.uk/sustainable-cities/prev-news 0
32 http://uclexcites.wordpress.com 0
32 http://iris.ucl.ac.uk/iris/browse/researchGroup/1580 2
32 http://www.cege.ucl.ac.uk/HIRG/Pages/Publications.aspx 2
32 http://www.bartlett.ucl.ac.uk/iede/research/project-directory/projects/healthy-infrastructure-research-group 2
32 http://www.cege.ucl.ac.uk/HIRG/Pages/Our-Work.aspx 2
32 http://www.ucl.ac.uk/sustainable-cities/smallgrants/small-grants-2013 0
32 http://www.cege.ucl.ac.uk/HIRG/Pages/AirPath/AirPath.aspx 0
32 http://www.cege.ucl.ac.uk/HIRG/Pages/Sanitation.aspx 1
32 http://www.cege.ucl.ac.uk/Research 0
32 http://www.cege.ucl.ac.uk/HIRG/Pages/RIBS.aspx 1
32 http://iris.ucl.ac.uk/iris/browse/researchGroup/list/byTheme?themeId=17 1
32 http://www.cege.ucl.ac.uk/HIRG/Pages/consultancy.aspx 1
32 http://iris.ucl.ac.uk/iris/browse/department/EC 1
