48 http://www0.cs.ucl.ac.uk/staff/A.Finkelstein/papers/betterbiosupp.pdf 1
48 http://www.ucl.ac.uk/lmcb/supervisors 1
48 http://bioinf.cs.ucl.ac.uk/contact 2
48 http://www0.cs.ucl.ac.uk/staff/cozzetto/cv.htm 1
48 http://www.ucl.ac.uk/lmcb/bioinformatics-image-core-bionic 2
48 http://www.ucl.ac.uk/lmcb/alumni 2
48 http://bioinf.cs.ucl.ac.uk/index.php?id=780 2
48 http://www.ucl.ac.uk/lmcb/users/stephen-nurrish 1
48 http://www.cs.ucl.ac.uk/students/syllabus/undergrad/m058_bioinformatics 2
48 http://www.ucl.ac.uk/computational-biology/LaunchEvent14Feb2012/index/UCLTALK_Feb2012.pdf 2
48 http://www.ucl.ac.uk/news/news-articles/0214/06022104-UCL-medical-bioinformatics-grant 2
48 http://bioinf.cs.ucl.ac.uk/?id=754 2
48 http://www.ucl.ac.uk/smb/perkins/bioinformatics 2
48 http://www.prion.ucl.ac.uk/research/mrc-research-groups/bioinformatics 2
48 http://iris.ucl.ac.uk/iris/browse/profile?upi=DTJON81 1
48 http://www.gatsby.ucl.ac.uk/~gretton/papers/BorGreRasKriSchSmo06.pdf 2
48 http://www.ucl.ac.uk/lmcb/users/janos-kriston-vizi 2
48 http://www.ucl.ac.uk/lmcb/users/mark-marsh 0
48 http://www.ucl.ac.uk/lmcb/users/cristina-azevedo 0
48 http://www.ucl.ac.uk/iha/iha-news/PhD_studentship 2
48 http://bioinf.cs.ucl.ac.uk/software_downloads 2
48 http://www.ucl.ac.uk/lmcb/electron-microscopy 1
48 http://www0.cs.ucl.ac.uk/staff/A.Finkelstein/papers/bioinfuse.pdf 2
48 http://bioinf.cs.ucl.ac.uk/publications 2
48 http://bioinf.cs.ucl.ac.uk/?id=755 2
48 http://www.ucl.ac.uk/lmcb/users/paul-gissen 0
48 http://www.ucl.ac.uk/smb/academic-staff/bioinformatics 1
48 http://iris.ucl.ac.uk/iris/browse/profile?upi=KBRYS82 0
48 http://www0.cs.ucl.ac.uk/staff/D.Jones/index.html 0
48 http://www.ucl.ac.uk/lmcb/users/yanlan-mao 1
48 http://bioinf.cs.ucl.ac.uk/introduction 2
48 http://www.ucl.ac.uk/lmcb/links 1
48 http://bioinfadmin.cs.ucl.ac.uk 2
48 http://www.ucl.ac.uk/lmcb/users/sara-mole 1
48 http://bioinf.cs.ucl.ac.uk/introduction 2
48 http://bioinf.cs.ucl.ac.uk/software_downloads/biorat 2
48 http://www.ucl.ac.uk/lmcb/group-leaders 1
48 http://www.ucl.ac.uk/~ucberal/IEEE-CIS-TF-OMBB.html 2
48 http://bioinf.cs.ucl.ac.uk/people 2
48 http://bioinfadmin.cs.ucl.ac.uk 2
48 http://www.ucl.ac.uk/lmcb/users/robin-ketteler 1
48 http://www.ucl.ac.uk/lmcb/users/buzz-baum 1
48 http://www.cs.ucl.ac.uk/teaching_learning/syllabus/mscml/gi10_bioinformatics 2
48 http://www.ucl.ac.uk/functional-gene-annotation/teaching/go-workshop 2
48 http://bioinf.cs.ucl.ac.uk 2
48 http://bioinf.cs.ucl.ac.uk/projects 2
48 http://www.ucl.ac.uk/lmcb/meshplugin 1
48 http://bioinf.cs.ucl.ac.uk/vacancies 1
48 http://bioinf.cs.ucl.ac.uk/web_servers 2
48 http://iris.ucl.ac.uk/iris/browse/profile?upi=ACRMA18 1
48 http://www.ucl.ac.uk/gee/gee-news-publication/201203May 1
48 http://www0.cs.ucl.ac.uk/staff/D.Jones 0
