38 http://events.ucl.ac.uk/calendar 2
38 http://www.ucl.ac.uk/media/library/LHLautumn08 2
38 http://events.ucl.ac.uk/calendar/date:2016-03-11/tab:lunch_hour_lectures 2
38 http://events.ucl.ac.uk/calendar/date:2016-03-13/tab:lunch_hour_lectures 2
38 http://events.ucl.ac.uk/calendar/date:2016-03-07/tab:lunch_hour_lectures 2
38 http://events.ucl.ac.uk/event/event:t2c-ie2wnv0p-h4csp1/lunch-hour-lectures-truth-and-lies-medicine-in-the-media 2
38 http://www.ucl.ac.uk/statistics/news/news-151013 1
38 http://www.ucl.ac.uk/cinemamemories/events/LunchHourLecture 2
38 http://events.ucl.ac.uk/calendar/date:2016-03-09/tab:lunch_hour_lectures 2
38 http://events.ucl.ac.uk/event/even:ya1-ii7h0x5r-3haoar 1
38 http://www.ucl.ac.uk/clie/learning-resources/lectures 1
38 http://events.ucl.ac.uk/calendar/date:2016-03-10/tab:lunch_hour_lectures 2
38 http://www.ucl.ac.uk/constitution-unit/constitution-unit-news/141014 2
38 http://events.ucl.ac.uk/calendar/date:2016-03-17/tab:lunch_hour_lectures 2
38 http://events.ucl.ac.uk/calendar/date:2016-03-08/tab:lunch_hour_lectures 2
38 http://www.ucl.ac.uk/dcal/dcal-events-publication/macsweeney_lunchtime_lecture 2
38 http://events.ucl.ac.uk/calendar/date:2016-03-01/tab:lunch_hour_lectures 2
38 http://www.ucl.ac.uk/lhl 2
38 http://events.ucl.ac.uk/event/event:e25-ie2uzm2t-g2trh0/lunch-hour-lectures-bubbles-and-science 2
38 http://events.ucl.ac.uk/calendar/tab:lunch_hour_lectures 2
38 http://www.ucl.ac.uk/lhl/streamed 2
38 http://www.ucl.ac.uk/lhl/streamed/archived-lectures 2
38 http://www.ucl.ac.uk/sustainable-cities/events/associated-events/lhl 2
38 http://www.ucl.ac.uk/media/library/Lunch_Hour_Lectures_listing2 2
38 http://www.ucl.ac.uk/lhlontour 2
38 http://events.ucl.ac.uk/calendar/date:2016-03-05/tab:lunch_hour_lectures 2
38 http://events.ucl.ac.uk/event/event:s1p-ie1hv5lz-o93sgx/lunch-hour-lectures-hearts-minds-and-environment 2
38 http://blogs.ucl.ac.uk/events/tag/lunch-hour-lecture 2
38 http://www.ucl.ac.uk/brain-sciences/events-feed/lunch_hour_kilner 2
38 http://events.ucl.ac.uk/calendar/date:2016-03-31/tab:lunch_hour_lectures 2
38 http://www.ucl.ac.uk/jdi/research/evidence-network/Events/e19 2
38 http://events.ucl.ac.uk/calendar/date:2016-03-03/tab:lunch_hour_lectures 2
38 http://events.ucl.ac.uk/calendar/date:2016-03-04/tab:lunch_hour_lectures 2
38 http://events.ucl.ac.uk/calendar/date:2016-03-06/tab:lunch_hour_lectures 2
38 http://www.ucl.ac.uk/americas/ia-events/archive/mm-lunchhour-lecture 2
38 http://www.ucl.ac.uk/igp-events-pub/lunch-hour-lectures-glaciers 2
38 http://www.ucl.ac.uk/media/library/lhlspring09 2
38 http://events.ucl.ac.uk/calendar/date:2016-02-01/tab:lunch_hour_lectures 2
38 http://www.ucl.ac.uk/ssees/centenary/centenary-events/lhl-rachelmorley 2
38 http://events.ucl.ac.uk/event/event:b28-ie2vqihx-sgxo29/lunch-hour-lectures-telling-stories-family-life-and-social-science-research 2
38 http://events.ucl.ac.uk/event/event:s26-ie2vc04d-5gr5dx/lunch-hour-lectures-looking-for-life-on-mars 2
38 http://www.ucl.ac.uk/european-institute/events/2015-16/provost-lecture 2
38 http://www.igp.ucl.ac.uk/igp-events-pub/lunch-hour-lectures-glaciers 2
38 http://events.ucl.ac.uk/calendar/date:2016-04-01/tab:lunch_hour_lectures 2
38 http://events.ucl.ac.uk/event/event:k1o-ie1h8ldp-myp3jy/lunch-hour-lectures-disaster-diplomacy-does-catastrophe-end-conflict 2
38 http://events.ucl.ac.uk/event/event:s1p-ie1hv5lz-o93sgx/lunch-hour-lectures-hearts-minds-and-environment 2
38 http://events.ucl.ac.uk/event/event:fbl-icpzwpzz-qxkty2/ucl-provosts-lunch-hour-lecture 2
38 http://events.ucl.ac.uk/event/event:c1r-ie1jga55-dkm5j0/lunch-hour-lectures-human-rights-vs-british-rights 2
38 http://events.ucl.ac.uk/calendar/date:2016-03-02/tab:lunch_hour_lectures 2
38 http://www.ucl.ac.uk/lhl/streamed/live_view 2
38 http://www.ucl.ac.uk/media/library/lhlautumn09 2
38 http://www.ucl.ac.uk/brain-sciences/events-feed/lavie_lunch_hour 2
38 http://www.ucl.ac.uk/cps/cps-events-publications/coates-lunchhourlecture 2
38 http://events.ucl.ac.uk/calendar/date:2016-03-15/tab:lunch_hour_lectures 2
38 http://events.ucl.ac.uk/event/event:t23-ie2uiuji-pwp0wz/lunch-hour-lectures-its-so-unfair-stress-in-adolescence 2
