41 http://www.ucl.ac.uk/economics/people/admin 2
41 http://crf.casa.ucl.ac.uk/screenRoute.aspx?s=68&d=71&w=False 2
41 http://courses.grad.ucl.ac.uk/maps/location.pht?location_ID=75 2
41 http://roombooking.ucl.ac.uk/rb/bookableSpace/search/searchBookableSpace.html?invoker=EFD 2
41 http://www.ucl.ac.uk/economics/people/phd_ta 2
41 http://www.ucl.ac.uk/economics/non-seminar 1
41 http://www.ucl.ac.uk/economics/people/emeritus_affil 2
41 http://www.ucl.ac.uk/economics/people/prof_readers_lecturers/k_o 1
41 http://www.ucl.ac.uk/estates/news/buildings-register/d/drayton-house 2
41 http://crf.casa.ucl.ac.uk/screenRoute.aspx?s=68&d=74&w=False 2
41 http://www.ucl.ac.uk/economics/visitors-agenda 1
41 http://www.ucl.ac.uk/economics/news-library/visitors/lentz 1
41 http://www.ucl.ac.uk/economics/news-library/february14/drayton 1
41 http://www.ucl.ac.uk/economics/people/prof_readers_lecturers 2
41 http://www.ucl.ac.uk/economics/people/prof_readers_lecturers/p_z 2
41 http://www.ucl.ac.uk/economics/news-library/visitors/neumark2 2
41 http://www.ucl.ac.uk/economics/news-library/visitors/ziliak 1
41 http://www.ucl.ac.uk/economics/people/visitors 1
41 http://www.ucl.ac.uk/estates/roombooking/building-location/?id=107 2
41 http://crf.casa.ucl.ac.uk/screenRoute.aspx?s=1178&d=70&w=False 2
41 http://www.ucl.ac.uk/economics/news-library/visitors/barany 2
41 http://www.ucl.ac.uk/economics/people/prof_readers_lecturers/e_j 1
41 http://www.ucl.ac.uk/~uctpb21/contact.htm 0
41 http://www.ucl.ac.uk/economics/visitors-agenda/?view=view_agenda 1
41 http://www.ucl.ac.uk/economics/people/visitors 1
41 http://www.ucl.ac.uk/economics/news-library/visitors/porreca 1
41 http://crf.casa.ucl.ac.uk/screenRoute.aspx?s=416&d=69&w=False 2
41 http://www.ucl.ac.uk/economics/people/teaching-fellows 1
41 http://www.ucl.ac.uk/economics/people/phd_ta/p-z 1
41 http://else.econ.ucl.ac.uk/newweb/people.php 0
41 http://www.ucl.ac.uk/maps/drayton-house 2
41 http://www.ucl.ac.uk/economics/people/phd_ta/l-o 1
41 http://www.ucl.ac.uk/economics/people/prof_readers_lecturers/a_d 1
41 http://crf.casa.ucl.ac.uk/screenRoute.aspx?s=386&d=75&w=False 2
41 http://else.econ.ucl.ac.uk/newweb/contacts.php 0
41 http://www.ucl.ac.uk/economics/people/phd_ta/p-z 0
41 http://www.ucl.ac.uk/efd/roombooking/building-location/?id=107 2
41 http://www.ucl.ac.uk/~uctpdwi 0
41 http://www.ucl.ac.uk/economics/people/research_fac 1
