47 http://blogs.ucl.ac.uk/researchers-in-museums/tag/literature 0
47 http://www.ucl.ac.uk/Bentham-Project/documents/leaflets/transcribe-bentham2.pdf 2
47 http://www.ucl.ac.uk/Bentham-Project/who 2
47 http://digitool-b.lib.ucl.ac.uk:8881/R/G7E1I76AH8QRLIS1N6UPLFUBDGF3295J5MYVM9IXFCYVFP4VY7-04453?local_base=BENTHAM 0
47 http://www.ucl.ac.uk/Bentham-Project/who/autoicon 2
47 http://www.ucl.ac.uk/Bentham-Project 2
47 http://www.ucl.ac.uk/news/news-articles/0813/30082013-Bentham-recipe-St-John 2
47 http://blogs.ucl.ac.uk/museums/tag/australia 0
47 http://www.ucl.ac.uk/Bentham-Project/transcribe_bentham 2
47 http://digitool-b.lib.ucl.ac.uk:8881/R/G7E1I76AH8QRLIS1N6UPLFUBDGF3295J5MYVM9IXFCYVFP4VY7-04454?local_base=BENTHAM 1
47 http://www.ucl.ac.uk/Bentham-Project/tools 1
47 http://www.ucl.ac.uk/library/about/projects 1
47 http://discovery.ucl.ac.uk/1322977/1/011_Peonidis__2009_.pdf 1
47 http://blogs.ucl.ac.uk/museums/tag/jack-ashby/page/2 0
47 http://www.ucl.ac.uk/Bentham-Project/documents/brit_acad_rev 1
47 http://blogs.ucl.ac.uk/transcribe-bentham/2011/12 1
47 http://blogs.ucl.ac.uk/transcribe-bentham/information-for-schools/transcribe-bentham-in-the-classroom 1
47 http://www.laws.ucl.ac.uk/news-article/leverhulme-grant-bentham-economic-writings 2
47 http://ojs.lib.ucl.ac.uk/index.php/index/index 0
47 http://ojs.lib.ucl.ac.uk/index.php/index 0
47 http://blogs.ucl.ac.uk/transcribe-bentham/people 1
47 http://blogs.ucl.ac.uk/museums/2014/06/04/figure-of-the-moment 0
47 http://discovery.ucl.ac.uk/view/year/1988.html 1
47 http://blogs.ucl.ac.uk/transcribe-bentham/2013/03 1
47 http://ojs.lib.ucl.ac.uk 2
47 http://www.ucl.ac.uk/lhl/streamed/spring2007 2
47 http://blogs.ucl.ac.uk/museums/tag/documentation 0
47 http://blogs.ucl.ac.uk/museums/tag/thylacine 0
47 http://blogs.ucl.ac.uk/transcribe-bentham/publicity 2
47 http://blogs.ucl.ac.uk/museums/tag/photography 0
47 http://www.benthampapers.ucl.ac.uk 1
47 http://blogs.ucl.ac.uk/museums/2016/02/29/age-of-revolutions 0
47 http://www.ucl.ac.uk/news/news-articles/1105/11052701 2
47 http://www.ucl.ac.uk/Bentham-Project/publications/npbj/npbj.html 2
47 http://blogs.ucl.ac.uk/transcribe-bentham/faq 1
47 http://discovery.ucl.ac.uk/1354678/1/Causer_Terras_IJHAC.pdf 2
47 http://discovery.ucl.ac.uk/1393567/1/CauserTerras_Crowdsourcing_our_Cultural_Heritage_.pdf 2
47 http://www.ucl.ac.uk/research-it-services/case-studies-pub/2016-02-data-bentham 2
47 http://www.ucl.ac.uk/ucl-press/journals 0
47 http://discovery.ucl.ac.uk/1353164/2/014%20Steadman%202012.pdf 2
47 http://blogs.ucl.ac.uk/transcribe-bentham/information-for-schools 1
47 http://blogs.ucl.ac.uk/museums/tag/exploration 0
47 http://www.ucl.ac.uk/Bentham-Project/about/staff/JHBurns 1
47 http://blogs.ucl.ac.uk/transcribe-bentham/palaeography 1
47 http://www.ucl.ac.uk/about-ucl/history 2
47 http://discovery.ucl.ac.uk/1370228/1/Secular%20Prophet%20Text%203rd%20edn.pdf 2
47 http://blogs.ucl.ac.uk/transcribe-bentham/information-for-schools/a-levels-and-scottish-highers 1
47 http://www.ucl.ac.uk/museums/jeremy-bentham/about/history/auto-icon.xls 2
47 http://www.ucl.ac.uk/Bentham-Project/news/archive/2011_archive/BITC 1
47 http://blogs.ucl.ac.uk/museums/category/jeremy-bentham 1
47 http://www.ucl.ac.uk/ucl-press 0
47 http://www.ucl.ac.uk/Bentham-Project/journals/newsletter_12 2
