21 http://www.ucl.ac.uk/maths/courses/undergraduates/detailed-degree-info/outside-options 1
21 http://readinglists.ucl.ac.uk/lists/CFD183AA-9451-1E08-2AF9-950AD33CD41F/bibliography.pdf?style=oscola 0
21 http://readinglists.ucl.ac.uk/departments/stats_map.html 1
21 http://www.cs.ucl.ac.uk/mobile/students/undergrad_inf/curriculum/year_3_meng_math_computation 1
21 http://readinglists.ucl.ac.uk/modules/stat3102.html 2
21 http://readinglists.ucl.ac.uk/lists/A5225A02-A7D4-AAF1-7DD1-3B1069ADF828.html 2
21 http://www.ucl.ac.uk/mathematical-physical-sciences/natural-sciences/resources/modules-1415.docx 0
21 http://readinglists.ucl.ac.uk/lists/A5225A02-A7D4-AAF1-7DD1-3B1069ADF828/bibliography.pdf?style=modern-language-association-with-url 0
21 http://www.ucl.ac.uk/maths/courses/undergraduates/detailed-degree-info/outside-options-docs/modules_ug_stats_modules 0
21 http://timetable.ucl.ac.uk/tt/deptTimet.do?firstReq=Y&deptId=ECONS_SHS&deptYear=2 1
21 http://www.cs.ucl.ac.uk/teaching_learning/undergrad_inf/curriculum/year_3_meng_math_computation 1
21 http://www.ucl.ac.uk/maths/courses/undergraduates/detailed-degree-info/all-options 1
21 http://www.cs.ucl.ac.uk/students/undergrad_inf/curriculum/year_3_meng_math_computation 1
21 http://www.cs.ucl.ac.uk/mobile/teaching_learning/undergrad_inf/curriculum/year_3_meng_math_computation 1
21 http://www.ucl.ac.uk/statistics/current/ugmath.pdf 0
21 http://readinglists.ucl.ac.uk/lists/CFD183AA-9451-1E08-2AF9-950AD33CD41F/events.html?title=STAT3102%3A+Stochastic+Processes 1
21 http://www.ucl.ac.uk/maths/courses/undergraduates/detailed-degree-info/designated-yr3 0
21 http://readinglists.ucl.ac.uk/lists/A5225A02-A7D4-AAF1-7DD1-3B1069ADF828/events.html?title=STAT3102%3A+Stochastic+Processes 1
21 http://www.ucl.ac.uk/statistics/research/ltcc/stochastic 2
21 http://timetable.ucl.ac.uk/tt/moduleTimet.do?firstReq=Y&moduleId=STAT3102 1
21 http://www.ucl.ac.uk/statistics/current 0
21 http://www.ucl.ac.uk/maths/undergraduates/options-by-area 1
21 http://www.ucl.ac.uk/mathematical-physical-sciences/natural-sciences/overview/modules-1516 0
21 http://readinglists.ucl.ac.uk/lists/A5225A02-A7D4-AAF1-7DD1-3B1069ADF828/bibliography.pdf?style=national-library-of-medicine-grant-proposals 0
