1 http://metalib-c.lib.ucl.ac.uk:80/V/JMU11RGYG1MLE6QF1KNPTUKBA8BT15EKALJYEAT2YMBHD192RK-00607?doc_num=000002350&func=find-db-info 0
1 http://www.ucl.ac.uk/dh 1
1 http://www.engineering.ucl.ac.uk/about 1
1 http://www.ucl.ac.uk/eng_sci_viewer 1
1 http://metalib-c.lib.ucl.ac.uk:80/V/JMU11RGYG1MLE6QF1KNPTUKBA8BT15EKALJYEAT2YMBHD192RK-00595?doc_num=000003029&func=find-db-info 0
1 http://www.engineering.ucl.ac.uk/departments-index 2
1 http://www.engineering.ucl.ac.uk/postgraduate-study 2
1 http://www.ucl.ac.uk/lmcb/users/yanlan-mao 0
1 http://www.ucl.ac.uk/bartlett/iede 0
1 http://metalib-c.lib.ucl.ac.uk:80/V/D1EC441LYG69J5324ND7755I57RBCBCH4A9R9UE6661FLSCPVT-02209?doc_num=000003029&func=find-db-info 0
1 http://www.ee.ucl.ac.uk/undergraduate 1
1 http://metalib-c.lib.ucl.ac.uk:80/V/TFHFQQAUX42I7SY2DD4M5EVNXRSJUIM2YNHMTV6EM45EEJXP9J-00743?doc_num=000002350&func=find-db-info 0
1 http://iris.ucl.ac.uk/iris/browse/profile/researchActivities?upi=UCHEE56 0
1 http://healthcare-eng.ucl.ac.uk 2
1 http://www.engineering.ucl.ac.uk/students 1
1 http://www.ucl.ac.uk/biochemeng 2
1 http://www.engineering.ucl.ac.uk/integrated-engineering/minors 1
1 http://www.ucl.ac.uk/prospective-students/undergraduate/degrees/engineering-civil-beng 2
1 http://www.ucl.ac.uk/prospective-students/undergraduate/degrees/engineering-biochemical-beng 2
1 http://metalib-c.lib.ucl.ac.uk:80/V/D1EC441LYG69J5324ND7755I57RBCBCH4A9R9UE6661FLSCPVT-02201?doc_num=000005552&func=find-db-info 0
1 http://www.engineering.ucl.ac.uk/people-list 1
1 http://www.engineering.ucl.ac.uk/engineering-exchange 1
1 http://engdveiv.ucl.ac.uk 2
1 http://www.ucl.ac.uk/centre-for-engineering-education 1
1 http://www.engineering.ucl.ac.uk/sitemap 1
1 http://www.ucl.ac.uk/mecheng 2
1 http://www.london-nano.com/homepage 0
1 http://www.engineering.ucl.ac.uk/integrated-engineering 1
1 http://www.ucl.ac.uk/medphys 1
1 http://www.cege.ucl.ac.uk/Pages/default.aspx 2
1 http://www.engineering.ucl.ac.uk/news-around-ucl 1
1 http://www.engineering.ucl.ac.uk/news-articles 1
1 http://www.engineering.ucl.ac.uk/institutes-and-centres 1
1 http://www.engineering.ucl.ac.uk/engineers-without-borders 1
1 http://www.engineering.ucl.ac.uk/events/list 1
1 http://www.ucl.ac.uk/maps 0
1 http://www.engineering.ucl.ac.uk/groups-and-societies 1
1 http://metalib-c.lib.ucl.ac.uk:80/V/4T8BPIH3QYDRJFTF7N9IDULP8TXINVB7G26PF9S5JLUINN1K45-02494?doc_num=000002350&func=find-db-info 0
1 http://www.bartlett.ucl.ac.uk 1
1 http://www.ucl.ac.uk/usar 0
1 http://www.ucl.ac.uk/lapt/glossph.htm 0
1 http://www.uclbiopro.co.uk 1
1 http://www.cege.ucl.ac.uk 2
1 http://www.engineering.ucl.ac.uk/postgraduate-study/postgraduate-taught-programmes 1
1 http://www.ee.ucl.ac.uk 2
1 http://metalib-c.lib.ucl.ac.uk:80/V/65GEBLP6CNU5RKXB5EUFJSRQF2XBLIHUM97696N21BU3TGYJA8-00251?doc_num=000003029&func=find-db-info 0
1 http://www.ucl.ac.uk/chemeng 2
1 http://metalib-c.lib.ucl.ac.uk:80/V/2GEBNUQ4ST9T3JBJ9XJ51GFECJKQ9XCQII1DP7NNV3S5X5LCMN-00591?doc_num=000002350&func=find-db-info 0
1 http://www.ucl.ac.uk/cmic/homepage 1
1 http://www.ucl.ac.uk/prospective-students/undergraduate/degrees/engineering-mechanical-beng 0
1 http://www.engineering.ucl.ac.uk/contact 1
1 http://www.ucl.ac.uk/prospective-students/undergraduate/degrees/engineering-chemical-beng 1
1 http://www.engineering.ucl.ac.uk 2
1 http://metalib-c.lib.ucl.ac.uk:80/V/D1EC441LYG69J5324ND7755I57RBCBCH4A9R9UE6661FLSCPVT-02213?doc_num=000002350&func=find-db-info 0
1 http://metalib-c.lib.ucl.ac.uk:80/V/IDTFJSNMV1FDBYVKAEESUFR8KA24DG42U2QKX4C55JNGD89AHT-02582?doc_num=000002973&func=find-db-info 0
