20 http://www.ucl.ac.uk/sts/prospective/ibsc/handout_PCE.pdf 0
20 http://www.ucl.ac.uk/sts/study/bsc/documents/local_rules_for_sts_degrees/2013_entry_local_rules_july2014 0
20 http://www.ucl.ac.uk/prospective-students/study-abroad-ucl/study-abroad-guide/modules/hpsc3046 2
20 http://www.ucl.ac.uk/mathematical-physical-sciences/natural-sciences/resources/modules-1415.docx 0
20 http://www.ucl.ac.uk/sts/prospective/ibsc/2015_11_04_PCE_handout_rev2 0
20 http://readinglists.ucl.ac.uk/items/8BDD5508-D687-6D49-5A46-47B0F60942B8.html 2
20 http://www.ucl.ac.uk/sts/study/hpsc/2014-15_syllabi/hpsc3046_2014-15_scienceandfilmproduction.pdf 0
20 http://www.ucl.ac.uk/prospective-students/study-abroad-ucl/study-abroad-guide/subjects/science-technology-studies-global-citizenship%20 0
20 http://www.ucl.ac.uk/medicalschool/staff-students/course-information/year-3/docs/pce1617 0
20 http://www.ucl.ac.uk/prospective-students/study-abroad-ucl/study-abroad-guide/subjects/science-technology-studies 1
20 http://www.ucl.ac.uk/sts/prospective/bsc/science-and-society-bsc-ucas-u80-l391 1
20 http://www.ucl.ac.uk/sts/study/hpsc/2015-16_syllabi/2015_12_23_Coursework_Deadlines_Term1_2015-16 0
20 http://readinglists.ucl.ac.uk/lists/976F5FE3-DFE7-A2C4-CDF6-3DE0B3BF9F26/bibliography.pdf?style=springer-lecture-notes-in-computer-science 0
20 http://readinglists.ucl.ac.uk/departments/scits_map.html 1
20 http://readinglists.ucl.ac.uk/modules/hpsc3046.html 2
20 http://timetable.ucl.ac.uk/tt/moduleTimet.do?firstReq=Y&moduleId=HPSC3046 2
20 http://www.ucl.ac.uk/prospective-students/study-abroad-ucl/study-abroad-guide/subjects/science-technology-studies-global-citizenship 0
20 http://readinglists.ucl.ac.uk/items/1FCFCDF6-BFFD-49CE-1271-FA9EC6EFEEA2.html 1
20 http://www.ucl.ac.uk/sts/study/bsc/documents/module_catalogue.pdf 0
20 http://www.ucl.ac.uk/prospective-students/study-abroad-ucl/study-abroad-guide/subjects/science-technology-studies%20 1
20 http://www.ucl.ac.uk/sts/study/ibsc/ibsc_pce_2014-15.pdf 0
20 http://www.ucl.ac.uk/sts/study/hpsc 1
