10 http://www.ucl.ac.uk/prospective-students/undergraduate/degrees/physics-msci 1
10 http://www.phys.ucl.ac.uk/contact/index.php?subdept=YY&submitted=1 0
10 http://www.phys.ucl.ac.uk 2
10 http://www.ucl.ac.uk/phys/admissions/msc/physics 1
10 http://www.ucl.ac.uk/phys/vacancies 0
10 http://iris.ucl.ac.uk/iris/browse/researchGroup/63 1
10 http://www.ucl.ac.uk/medphys/undergrad/bsc 1
10 http://www.ucl.ac.uk/phys/research 1
10 http://www.ucl.ac.uk/prospective-students/undergraduate/degrees/theoretical-physics-bsc 1
10 http://www.ucl.ac.uk/prospective-students/undergraduate/degrees/physics-medical-physics-bsc 1
10 http://www.ulo.ucl.ac.uk/students-prosp 1
10 http://iris.ucl.ac.uk/iris/browse/researchTheme/22 1
10 http://www.ucl.ac.uk/sts/staff/bultitude 0
10 http://www.ucl.ac.uk/medphys/research 1
10 http://iris.ucl.ac.uk/iris/browse/profile?upi=GBRAN40 0
10 http://www.ucl.ac.uk/CNDA/about/papers/index.html 0
10 http://www.ucl.ac.uk/mssl/space-plasma-physics/news 0
10 http://www.ucl.ac.uk/news/news-articles/1115/251115-chocolate-fountain-physics 0
10 http://www.ucl.ac.uk/mssl/space-plasma-physics/publications 0
10 http://www.ucl.ac.uk/medphys 1
10 http://www.ucl.ac.uk/maps 0
10 http://iris.ucl.ac.uk/iris/browse/researchTheme/19 0
10 http://www.ucl.ac.uk/phys/about 1
10 http://www.ucl.ac.uk/phys/find 1
10 http://www.ucl.ac.uk/phys/admissions/undergraduate 1
10 http://www.ucl.ac.uk/phys/news 1
10 http://www.ucl.ac.uk/phys/amopp 1
10 http://www.phys.ucl.ac.uk/contact/index.php 1
10 http://www.ucl.ac.uk/physics-living-systems 1
10 http://www.ucl.ac.uk/prospective-students/undergraduate/degrees/physics-bsc 1
10 http://www.ucl.ac.uk/prospective-students/graduate/taught/degrees/physics-msc 1
10 http://www.ucl.ac.uk/lapt/glossph.htm 0
10 http://iris.ucl.ac.uk/iris/browse/researchGroup/1006 0
10 http://www.ucl.ac.uk/phys/outreach 1
10 http://www.ucl.ac.uk/teaching-learning/events/conference/2016/UCLTL2016Abstracts 0
10 http://www.phys.ucl.ac.uk/contact/index.php?subdept=XX&submitted=1 0
10 http://www.phys.ucl.ac.uk/contact/index.php?subdept=ZZ&submitted=1 0
10 http://www.ucl.ac.uk/medphys/msc/pem 1
10 http://www.ucl.ac.uk/prospective-students/undergraduate/degrees/medical-physics-msci 1
10 http://www.ucl.ac.uk/mssl/space-plasma-physics 0
10 http://enfolding.blogs.casa.ucl.ac.uk 0
10 http://www.ucl.ac.uk/medphys/undergrad/msci 1
10 http://www.ucl.ac.uk/complex 0
10 http://www.hep.ucl.ac.uk 1
10 http://www.ucl.ac.uk/phys/alumni 1
10 http://www.ucl.ac.uk/mssl 1
10 http://www.ucl.ac.uk/medphys/msc/dist 1
10 http://iris.ucl.ac.uk/iris/browse/researchTheme/37 0
10 http://www.phys.ucl.ac.uk/contact 1
10 http://www.london-nano.com/homepage 0
10 http://www.ucl.ac.uk/phys/admissions 1
10 http://www.medphys.ucl.ac.uk 1
10 http://www.ucl.ac.uk/chemistry/redirected 0
