28 http://www.cs.ucl.ac.uk/computer_science_news/computer_science_news_archive/select_category/4,5/archive/2013 0
28 http://www.cs.ucl.ac.uk/mobile/computer_science_news/computer_science_news_archive/article/ingemar-cox-paper-wins-sustained-impact-paper-award 2
28 http://mediafutures.cs.ucl.ac.uk/people/IngemarCox/publications 1
28 http://www0.cs.ucl.ac.uk/staff/ingemar/Content/papers/1997/ip97.ps 0
28 http://www.mssl.ucl.ac.uk/www_astro/guides/beginners_spectra.html 1
28 http://discovery.ucl.ac.uk/view/UCL/EL/1996.html 1
28 http://sec.cs.ucl.ac.uk/people/m_angela_sasse/angelas_publication_list 0
28 http://www.cs.ucl.ac.uk/computer_science_news/computer_science_news_archive/select_category/4,5/archive/2015 0
28 http://www.cs.ucl.ac.uk/admissions/phd_programme/applying 0
28 http://www0.cs.ucl.ac.uk/staff/ingemar/Content/papers/2002/jasp02.pdf 0
28 http://www.cs.ucl.ac.uk/computer_science_news/computer_science_news_archive/article/ingemar-cox-paper-wins-sustained-impact-paper-award 2
28 http://www0.cs.ucl.ac.uk/staff/ingemar/Content/papers/2000/spie00.pdf 0
28 http://reality.cs.ucl.ac.uk/projects/watermark/p_Cot04.html 0
28 http://blogs.ucl.ac.uk/dh-in-practice/chapter-7 0
28 http://www.ucl.ac.uk/prospective-students/graduate/research/degrees/computer-science-mphil-phd 0
28 http://www.cs.ucl.ac.uk/mobile/computer_science_news/computer_science_news_archive 0
28 http://www.cs.ucl.ac.uk/index.php?id=8015 0
28 http://sec.cs.ucl.ac.uk/people/m_angela_sasse/angelas_research_projects 0
28 http://www.cs.ucl.ac.uk/degrees/phd_programme/applying 0
28 http://www0.cs.ucl.ac.uk/staff/ingemar/Content/papers/2001/mmsp01.pdf 0
28 http://mediafutures.cs.ucl.ac.uk/people/IngemarCox/patents 1
28 http://www.ucl.ac.uk/european-institute/study 0
28 http://www.cs.ucl.ac.uk/computer_science_news/computer_science_news_archive 0
28 http://sec.cs.ucl.ac.uk/publications 0
28 http://www.cs.ucl.ac.uk/students/syllabus/mscncs/gz05_multimedia_systems 0
28 http://www0.cs.ucl.ac.uk/staff/ingemar/Content/Patents/6154571.pdf 0
28 http://web4.cs.ucl.ac.uk/staff/ingemar/Content/papers/1997/ip97.ps 0
28 http://www0.cs.ucl.ac.uk/staff/ingemar/Content/Patents/5848155.pdf 0
28 http://sec.cs.ucl.ac.uk/people/m_angela_sasse/angelas_phd_students 0
28 http://www.ucl.ac.uk/prospective-students/graduate/research/degrees/virtual-environments-imaging-visualisation-mres-engd 0
28 http://www0.cs.ucl.ac.uk/staff/ingemar/Content/papers/1998/jsac98.ps 0
28 http://www.cs.ucl.ac.uk/mobile/computer_science_news/computer_science_news_archive/select_category/4%2C5/archive/2015 0
28 http://mediafutures.cs.ucl.ac.uk/wp-publication/pub.html 0
28 http://www0.cs.ucl.ac.uk/staff/I.Cox/Content/papers/2001/TransIP01.pdf 0
28 http://nrg.cs.ucl.ac.uk/people.html 0
28 http://www.cs.ucl.ac.uk/computer_science_news/computer_science_news_archive/select_category/4%2C5/archive/2015 0
28 http://www0.cs.ucl.ac.uk/staff/I.Cox/Content/papers/2000/icip00.ps 0
28 http://discovery.ucl.ac.uk/3882 0
28 http://www0.cs.ucl.ac.uk/staff/I.Cox/Content/Patents/6208735.pdf 0
28 http://reality.cs.ucl.ac.uk/projects/watermark/p_Cot04.pdf 0
28 http://web4.cs.ucl.ac.uk/staff/ingemar/Content/papers/1996/cam96.ps 0
28 http://www.cs.ucl.ac.uk/computer_science_news/computer_science_news_archive/select_category/4,5/archive/2014 0
28 http://www.cs.ucl.ac.uk/mobile/computer_science_news/computer_science_news_archive/select_category/4,5/archive/2015/?newtemplate=1&cHash=744a805517c9adee8a555ba2a4a14a9b 0
28 http://www.cs.ucl.ac.uk/computer_science_news/computer_science_news_archive/select_category/4,5/archive/2012 0
28 http://www0.cs.ucl.ac.uk/staff/ingemar/Content/papers/1998/acm98.pdf 0
