49 http://www.cs.ucl.ac.uk/mobile/teaching_learning/student_information/individual_projects/projects_with_internal_supervisors 2
49 http://www.cs.ucl.ac.uk/teaching_learning/student_information/individual_projects/projects_with_internal_supervisors 2
49 http://www.ucl.ac.uk/orengo-group/lab-members/christine-orengo 1
49 http://bioinf.cs.ucl.ac.uk/web_servers/psipred_server/obtain_threader_3_licence 2
49 http://iris.ucl.ac.uk/iris/browse/profile?upi=CDESS31 1
49 http://www.ucl.ac.uk/lmcb/bioinformatics-image-core-bionic 1
49 http://iris.ucl.ac.uk/iris/browse/profile?upi=DTJON81 2
49 http://www.ucl.ac.uk/lmcb/users/paul-gissen 0
49 http://bioinf.cs.ucl.ac.uk/people 2
49 http://www.cs.ucl.ac.uk/degrees/common_pages/course_information_msc_csml 2
49 http://www.ucl.ac.uk/~ucberal/IEEE-CIS-TF-OMBB.html 2
49 http://bioinf.cs.ucl.ac.uk/software_downloads 2
49 http://www.ucl.ac.uk/lmcb/users/buzz-baum 0
49 http://www.ucl.ac.uk/news/news-articles/0214/06022104-UCL-medical-bioinformatics-grant 0
49 http://iris.ucl.ac.uk/iris/browse/people/list/byGroup?groupId=1315 2
49 http://bioinf.cs.ucl.ac.uk 2
49 http://iris.ucl.ac.uk/iris/browse/researchGroup/1315 2
49 http://www.ucl.ac.uk/lmcb/group-leaders 1
49 http://www.ucl.ac.uk/computational-biology 2
49 http://bioinfadmin.cs.ucl.ac.uk 2
49 http://www.ucl.ac.uk/big-data/bdi/research-staff 2
49 http://bioinf.cs.ucl.ac.uk/?id=755 2
49 http://www.ucl.ac.uk/lmcb/users/robin-ketteler 0
49 http://bioinf.cs.ucl.ac.uk/contact 2
49 http://www.ucl.ac.uk/ukpdc/collaborators/kcl-bsge-bioinformatics-statistical-genetics-and-epigenetics 0
49 http://www.ucl.ac.uk/lmcb/news 0
49 http://iris.ucl.ac.uk/iris/browse/profile?upi=ACRMA18 2
49 http://bioinf.cs.ucl.ac.uk/software_downloads/biorat 0
49 http://bioinf.cs.ucl.ac.uk/web_servers 0
49 http://www.ucl.ac.uk/lmcb/supervisors 2
49 http://bioinf.cs.ucl.ac.uk/publications 1
49 http://bioinf.cs.ucl.ac.uk/projects 1
49 http://abacus.gene.ucl.ac.uk 0
49 http://www.gatsby.ucl.ac.uk/index.html 1
49 http://www.ucl.ac.uk/lmcb 0
49 http://www0.cs.ucl.ac.uk/staff/cozzetto/cv.htm 0
49 http://bioinf.cs.ucl.ac.uk/index.php?id=780 1
49 http://www.ucl.ac.uk/lmcb/users/cristina-azevedo 0
49 http://www.ucl.ac.uk/lmcb/links 1
49 http://www.ucl.ac.uk/lmcb/image-analysis 1
49 http://iris.ucl.ac.uk/iris/browse/profile?upi=AHING65 1
49 http://www.ucl.ac.uk/lmcb/users/ricardo-henriques 0
49 http://www.ucl.ac.uk/lmcb/users/ewa-paluch 0
49 http://www.cs.ucl.ac.uk/research 1
49 http://iris.ucl.ac.uk/iris/browse/profile?upi=KBRYS82 2
49 http://www0.cs.ucl.ac.uk/staff/D.Jones 2
49 http://www.cs.ucl.ac.uk/staff/D.Jones 2
49 http://www.ucl.ac.uk/lmcb/users/yanlan-mao 1
49 http://www.ucl.ac.uk/cancer/research/department-cancer-biology/regulatory-genomics-group/index 1
49 http://bioinf.cs.ucl.ac.uk/vacancies 1
49 http://www.cs.ucl.ac.uk/students/student_information/individual_projects/projects_with_internal_supervisors 2
49 http://bioinf.cs.ucl.ac.uk/?id=754 1
49 http://bioinf.cs.ucl.ac.uk/introduction 2
49 http://bioinfadmin.cs.ucl.ac.uk 1
49 http://www.cs.ucl.ac.uk/mobile/students/student_information/individual_projects/projects_with_internal_supervisors 2
49 http://www0.cs.ucl.ac.uk/staff/D.Jones/index.html 2
