29 http://www.ucl.ac.uk/european-institute/highlights/2015-16/ian-preston 0
29 http://discovery.ucl.ac.uk/view/year/1991.html 0
29 http://blogs.ucl.ac.uk/sustainable-resources/2015/05/26/investments-in-resource-efficiency-understanding-benefits-overcoming-barriers 0
29 http://www.ucl.ac.uk/cles/law-econ-soc-news-publication/2015/Shelanski_20150513 0
29 http://www.ucl.ac.uk/~uctpb21/research_migration.htm 1
29 http://discovery.ucl.ac.uk/view/year/2008.html 0
29 http://www.ucl.ac.uk/dcal/dcal-news/specialist_neurological_clinic 0
29 http://www.ucl.ac.uk/~uctpb21/index.htm 0
29 http://www.ucl.ac.uk/media/library/BenefitOfImmigration 1
29 http://readinglists.ucl.ac.uk/lists/F158A43A-6603-574A-1BB7-B84F7A9B8892/bibliography.pdf?style=american-medical-association 0
29 http://readinglists.ucl.ac.uk/lists/2415C4C0-B841-D23D-60F2-6B04C1567E42/bibliography.pdf?style=harvard1 0
29 http://readinglists.ucl.ac.uk/lists/2415C4C0-B841-D23D-60F2-6B04C1567E42/bibliography.pdf?style=ieee-with-url 0
29 http://www.ucl.ac.uk/~uctpb21/Cpapers/DustmannFadlonWeiss2011.pdf 0
29 http://www.ucl.ac.uk/library/open-access/publications-policy 0
29 http://www.ucl.ac.uk/~uctpb21/bio.htm 0
29 http://discovery.ucl.ac.uk/68169 2
29 http://www.ucl.ac.uk/~uctp39a/pub.html 0
29 http://www.ucl.ac.uk/lifelearning 0
29 http://www.ucl.ac.uk/~uctpa15/npi.htm 0
29 http://www.geog.ucl.ac.uk/research/transnational-spaces/migration-research-unit/working-papers/Ana%20Macouzet%202014%204.pdf 0
29 http://www.ucl.ac.uk/constitution-unit/research/europe 0
29 http://discovery.ucl.ac.uk/view/UCL/SE/2010.html 1
29 http://readinglists.ucl.ac.uk/lists/2415C4C0-B841-D23D-60F2-6B04C1567E42/bibliography.pdf?style=springer-lecture-notes-in-computer-science 0
29 http://readinglists.ucl.ac.uk/lists/F158A43A-6603-574A-1BB7-B84F7A9B8892/bibliography.pdf?style=modern-language-association-with-url 0
29 http://www.ucl.ac.uk/~uctpb21/media.htm 1
29 http://search2.ucl.ac.uk/s/search.html?collection=impact&f.Department%7CY=economics&f.Faculty%7CZ=shs&query=&sort=date 0
29 http://discovery.ucl.ac.uk/18263 2
29 http://www.ucl.ac.uk/australia/ucl-australia-news/depreciate-100-per-cent-shale-exploration-costs-to-stimulate-jobs 0
29 http://discovery.ucl.ac.uk/view/UCL/SE/2009.html 1
29 http://www.ucl.ac.uk/~uctpb21/reports/Cost&Benefits_veryfinal.pdf 0
29 http://readinglists.ucl.ac.uk/lists/F158A43A-6603-574A-1BB7-B84F7A9B8892/bibliography.html?style=apa 1
29 http://readinglists.ucl.ac.uk/lists/F158A43A-6603-574A-1BB7-B84F7A9B8892/bibliography.html?style=oscola 1
29 http://discovery.ucl.ac.uk/view/year/1989.html 0
29 http://discovery.ucl.ac.uk/view/subjects/12040.type.html 1
29 http://discovery.ucl.ac.uk/view/year/2002.html 0
29 http://www.geog.ucl.ac.uk/admissions/masters/msc-global-migration 0
29 http://blogs.ucl.ac.uk/sustainable-resources/2013/12/09/fossil-fuel-markets-and-the-costs-of-distorted-incentives 0
29 http://www.ucl.ac.uk/~uctpb21/research.htm 1
29 http://www.ucl.ac.uk/economics/centres-papers 0
29 http://www.ucl.ac.uk/~uctpb21/Cpapers/DustmannFrattiniHalls2010.pdf 0
29 http://www.ucl.ac.uk/hr/pensions/uss/uss_qas.php 0
29 http://www.ucl.ac.uk/~uctpb21/doc/cvdustmann.pdf 0
29 http://www.econ.ucl.ac.uk/EPemsj/Prodetails/Migration.htm 0
