18 http://www.cs.ucl.ac.uk/teaching_learning/syllabus/mscml/gi15_information_retrieval_data_mining 2
18 http://www.cs.ucl.ac.uk/students/syllabus/mscml/gi15_information_retrieval_data_mining 2
18 http://www.cs.ucl.ac.uk/mobile/teaching_learning/syllabus/undergrad/m052_information_retrieval_and_data_mining 2
18 http://www0.cs.ucl.ac.uk/teaching/SUB.htm 1
18 http://www.cs.ucl.ac.uk/fileadmin/UCL-CS/students/documents/final_revision_timetable_v3.pdf 0
18 http://www.cs.ucl.ac.uk/mobile/students/syllabus/mscml/gi15_information_retrieval_data_mining 2
18 http://www0.cs.ucl.ac.uk/teaching/INDIVIDUAL.htm 1
18 http://www.cs.ucl.ac.uk/mobile/students/syllabus/undergrad/m052_information_retrieval_and_data_mining 2
18 http://www.cs.ucl.ac.uk/fileadmin/UCL-CS/students/documents/Exam_Board_Schedule/Sub_Board_Schedule_Gordon_Blair_9_June_2015.xlsx.pdf 0
18 http://timetable.ucl.ac.uk/tt/deptTimet.do?firstReq=Y&deptId=COMPS_ENG&deptYear=G 1
18 http://www.cs.ucl.ac.uk/fileadmin/UCL-CS/students/documents/AM1213COMPMXXXb.pdf 0
18 http://timetable.ucl.ac.uk/tt/moduleTimet.do?firstReq=Y&moduleId=COMPM052 2
18 http://www0.cs.ucl.ac.uk/teaching/annualmonitoring0809/Undergraduate_4thyear.pdf 0
18 http://www.cs.ucl.ac.uk/fileadmin/UCL-CS/students/documents/Revision_Timetable_April14_v4.pdf 0
18 http://timetable.ucl.ac.uk/tt/routeTimet.do?firstReq=Y&courseId=TMSBUSSANC01&courseYear=1 1
18 http://timetable.ucl.ac.uk/tt/routeTimet.do?firstReq=Y&courseId=TMSCOMSNET01&courseYear=1 1
18 http://www0.cs.ucl.ac.uk/teaching/staff/Examiners09_001.htm 1
18 http://www.cs.ucl.ac.uk/teaching_learning/syllabus/undergrad/m052_information_retrieval_and_data_mining 2
18 http://www.cs.ucl.ac.uk/fileadmin/UCL-CS/students/timetables/Final_Revision_Timetable_2015.pdf 0
18 http://www.cs.ucl.ac.uk/students/syllabus/undergrad/m052_information_retrieval_and_data_mining 2
18 http://www.cs.ucl.ac.uk/fileadmin/UCL-CS/students/teachers.xls 0
18 http://www.cs.ucl.ac.uk/mobile/degrees/msc_ml 0
18 http://www.cs.ucl.ac.uk/students/syllabus/mscml/gi15_information_retrieval_data_mining 2
18 http://timetable.ucl.ac.uk/tt/routeTimet.do?firstReq=Y&courseId=TMSCOMSWEB01&courseYear=1 1
18 http://www.cs.ucl.ac.uk/fileadmin/UCL-CS/students/documents/AM0910COMPM_.pdf 0
18 http://www.cs.ucl.ac.uk/fileadmin/UCL-CS/students/documents/Exam_Board_Schedule/Individual_Meetings_Gordon_Blair_9_June_2015.xlsx.pdf 0
18 http://www.cs.ucl.ac.uk/fileadmin/UCL-CS/students/Annual_Monitoring/2013-14/COMPM041-M064_Module__Report_Forms.pdf 0
