13 http://blogs.ucl.ac.uk/sts-observatory/2015/02 0
13 http://www.ucl.ac.uk/prospective-students/undergraduate/degrees/philosophy-history-art-ba 0
13 http://www.ucl.ac.uk/art-history/prospective-students/hoa-ba-ch 0
13 http://www.ucl.ac.uk/art-history/prospective-students/hoa-ba-ch/philosophy-hoa-ba 0
13 http://www.ucl.ac.uk/philosophy/current-students/Sample-Syllabi 0
13 http://iris.ucl.ac.uk/iris/browse/department/AT 0
13 http://www.ucl.ac.uk/prospective-students/graduate/taught/degrees/history-philosophy-science-msc 0
13 http://www.ucl.ac.uk/sts/research/conferences/2010-mathematics 0
13 http://readinglists.ucl.ac.uk/lists/B28DD891-CAD1-E1F0-F789-B9512B1C3B3B/bibliography.pdf?style=bmj 0
13 http://readinglists.ucl.ac.uk/modules/phil1010.html 1
13 http://blogs.ucl.ac.uk/sts-observatory/2010/12/03/ten-problems-in-history-and-philosophy-of-science 0
13 http://www.ucl.ac.uk/library/subject-support 0
13 http://www.ucl.ac.uk/classics/staff 0
13 http://www.ucl.ac.uk/selcs/prospective-students/undergraduate 0
13 http://www.ucl.ac.uk/sts/about_sts 0
13 http://iris.ucl.ac.uk/iris/browse/researchGroup/list/intermediate/byTheme 0
13 http://discovery.ucl.ac.uk/2498/1/2498.pdf 0
13 http://www.ucl.ac.uk/sts/staff/gillies/guide_to_publications.htm 0
13 http://www.ucl.ac.uk/sts/research/conferences/ihpsw2012 0
13 http://www.ucl.ac.uk/prospective-students/study-abroad-ucl/study-abroad-guide/modules/phil1010 2
13 http://www.ucl.ac.uk/selcs/interdepartmental-modules/intermediate-modules-15-16/intermediate-modules-15-16/elcs6057-1516-an-introduction-to-european-thought-for-students-of-medieval-and-renaissance-literature 0
13 http://www.ucl.ac.uk/library/subject-support/guides/science-tech 0
13 http://www.ucl.ac.uk/prospective-students/undergraduate/degrees 0
13 http://www.ucl.ac.uk/prospective-students/study-abroad-ucl/study-abroad-guide/modules/phil1011 1
13 http://www.ucl.ac.uk/philosophy 1
13 http://www.ucl.ac.uk/sts/students/everett 0
13 http://iris.ucl.ac.uk/iris/browse/researchTheme/31 0
13 http://readinglists.ucl.ac.uk/lists/B28DD891-CAD1-E1F0-F789-B9512B1C3B3B/bibliography.html?style=vancouver 1
13 http://www.ucl.ac.uk/srs/staff-support/portico-codes/code_2008-09_t3 0
13 http://iris.ucl.ac.uk/iris/browse/department/MG 0
13 http://readinglists.ucl.ac.uk/lists/B28DD891-CAD1-E1F0-F789-B9512B1C3B3B/bibliography.pdf?style=apa 0
13 http://www.ucl.ac.uk/sts/study/natsci/ucl_natural_sciences_hpsss_core_stream 0
13 http://www.ucl.ac.uk/sts/about_sts 0
13 http://www.ucl.ac.uk/prospective-students/undergraduate/degrees/history-philosophy-science-bsc 0
13 http://www.ucl.ac.uk/sts/sts-publication-news/news_archive/2011_10_24_Vacancy_Lecturer 0
13 http://www.ucl.ac.uk/sts 0
13 http://readinglists.ucl.ac.uk/lists/B28DD891-CAD1-E1F0-F789-B9512B1C3B3B.pdf 0
13 http://www.ucl.ac.uk/jdi/research/evidence-network/Events/s16 0
13 http://www.ucl.ac.uk/sts/prospective/msc/historyandphilosophyofscience 0
13 http://www.ucl.ac.uk/sts/prospective/ibsc 0
13 http://www.ucl.ac.uk/philosophy/prospective-students/undergraduate/philosophy-history-of-art-ba 0
13 http://www.ucl.ac.uk/sts/sts-publication-events/2015_10_14_stsseminar 0
13 http://readinglists.ucl.ac.uk/lists/B28DD891-CAD1-E1F0-F789-B9512B1C3B3B/bibliography.html?style=chicago-author-date 1
13 http://www.ucl.ac.uk/sts/sts-publication-news/news_archive/2012_03_09_job_phil_sci 0
13 http://readinglists.ucl.ac.uk/lists/B28DD891-CAD1-E1F0-F789-B9512B1C3B3B/bibliography.pdf?style=modern-language-association-with-url 0
13 http://www.ucl.ac.uk/sts/prospective/bsc/history-and-philosophy-of-science-bsc-ucas-u80-v550 0
13 http://www.ucl.ac.uk/library/subject-support/guides 0
13 http://wiki.ucl.ac.uk/dashboard/configurerssfeed.action 0
13 http://www.ucl.ac.uk/sts/research/reading_groups/adhoc 0
13 http://iris.ucl.ac.uk/iris/browse/researchTheme/35 0
13 http://readinglists.ucl.ac.uk/lists/B28DD891-CAD1-E1F0-F789-B9512B1C3B3B/bibliography.pdf?style=nature 0
13 http://www.ucl.ac.uk/selcs/prospective-students/undergraduate/modern-languages-plus/entry-requirements 0
13 http://www.ucl.ac.uk/sts 0
13 http://iris.ucl.ac.uk/iris/browse/profile?upi=JCAIN78 0
13 http://blogs.ucl.ac.uk/transcribe-bentham/information-for-schools/a-levels-and-scottish-highers 0
