24 http://www.cs.ucl.ac.uk/students/student_information/survival_guide 1
24 http://www.cs.ucl.ac.uk/students/student_information/staff_student_committee/minutes/march_12_2015 1
24 http://www0.cs.ucl.ac.uk/staff/G.Roberts/courses2005_6/1007/Slides5.pdf 0
24 http://www0.cs.ucl.ac.uk/staff/G.Roberts/courses2005_6/1007/IntroductionSlides.pdf 0
24 http://www.ucl.ac.uk/teaching-learning/case-studies-news/e-learning/graham-roberts 2
24 http://iris.ucl.ac.uk/iris/browse/researchGroup/1582 1
24 http://www.cs.ucl.ac.uk/students/student_information/staff_student_committee/representatives/representatives_for_20142015 1
24 http://www0.cs.ucl.ac.uk/staff/G.Roberts/courses2005_6/1008/miniprojectadvice.pdf 0
24 http://www.cs.ucl.ac.uk/teaching_learning/your_degree_programme/fourth_year/welcome_back 1
24 http://www.cs.ucl.ac.uk/fileadmin/UCL-CS/images/students/ComputingGuide/firstyearwelcome14.pdf 0
24 http://www.cs.ucl.ac.uk/teaching_learning/teaching_matters/changing_your_degree 1
24 http://www.engineering.ucl.ac.uk/people/graham-roberts 2
24 http://www.cs.ucl.ac.uk/teaching_learning/student_information/staff_student_committee/agendas/march_18th_2011 1
24 http://www.cs.ucl.ac.uk/students/student_information/staff_student_committee/agendas/march_18th_2011 1
24 http://www.cs.ucl.ac.uk/fileadmin/UCL-CS/images/students/ComputingGuide/introslides15.pdf 0
24 http://www0.cs.ucl.ac.uk/staff/G.Roberts/unixintro/unxdoc.pdf 0
24 http://www.cs.ucl.ac.uk/cs_people/G.Roberts.html 2
24 http://advancedteaching.cs.ucl.ac.uk/introduction 0
24 http://www.cs.ucl.ac.uk/event_details/?eventnum=1259 0
24 http://www0.cs.ucl.ac.uk/people/G.Roberts.html 2
24 http://www.cs.ucl.ac.uk/mobile/contacts 1
24 http://www.cs.ucl.ac.uk/teaching_learning/help_and_guidance/?newtemplate=1%25252F 1
24 http://www.cs.ucl.ac.uk/students/student_information/staff_student_committee/minutes/february_23rd_2009 1
24 http://www0.cs.ucl.ac.uk/staff/G.Roberts/courses2005_6/1008/Slides4.pdf 0
24 http://www0.cs.ucl.ac.uk/staff/G.Roberts/courses2005_6/1007/Slides1.pdf 0
24 http://www.cs.ucl.ac.uk/students/help_and_guidance 1
24 http://www.cs.ucl.ac.uk/teaching_learning/student_information/staff_student_committee/representatives/representatives_for_20142015 1
24 http://www.cs.ucl.ac.uk/cs_people/R.Bruce.html 0
24 http://www.cs.ucl.ac.uk/computer_science_news/article/epsrc-autonomous-manufacturing-research-grant 0
24 http://www.cs.ucl.ac.uk/event_details/?eventnum=1260 0
24 http://advancedteaching.cs.ucl.ac.uk/e_learning 0
24 http://www.cs.ucl.ac.uk/students/student_information/staff_student_committee/minutes/november_25th_2011 1
24 http://www0.cs.ucl.ac.uk/staff/G.Roberts/courses2005_6/1007/Slides2.pdf 0
24 http://www0.cs.ucl.ac.uk/staff/G.Roberts/courses2005_6/1008/Slides1.pdf 0
24 http://www.cs.ucl.ac.uk/wics/contact_us 1
24 http://www.cs.ucl.ac.uk/teaching_learning/your_degree_programme/fourth_year/tutorials 0
24 http://www0.cs.ucl.ac.uk/staff/G.Roberts/courses2005_6/1008/Slides12.pdf 0
24 http://www.cs.ucl.ac.uk/teaching_learning/student_information/staff_student_committee 1
24 http://www0.cs.ucl.ac.uk/staff/G.Roberts/courses2005_6/1008/Slides10.pdf 0
24 http://www.cs.ucl.ac.uk/students/student_information/staff_student_committee/minutes/march_25th_2014 1
24 http://www.cs.ucl.ac.uk/mobile/teaching_learning/student_information/staff_student_committee/agendas/march_18th_2011 1
24 http://iris.ucl.ac.uk/iris/browse/profile?upi=GAROB82 2
24 http://www0.cs.ucl.ac.uk/staff/G.Roberts/courses2005_6/1008/Slides8.pdf 1
