25 http://sql-ssrs01.ad.ucl.ac.uk/RPSDATA.SVC/pubs/sguil73?orderby=year 0
25 http://www.fil.ion.ucl.ac.uk/Research/physics_info/HResImaging.html 0
25 http://www.ucl.ac.uk/ion/departments/sobell/Research/Bday/Vestibular 0
25 http://blogs.ucl.ac.uk/gee-research/2015/05/07/finding-shared-genes-species 0
25 http://iris.ucl.ac.uk/iris/browse/profile/publications/paged?isFirstReq=true&isLastPage=false&itemsPerPage=10&orderBy=4+D&pageNum=1&upi=FLCOL30 0
25 http://www.ucl.ac.uk/silva/life-sciences/Faculty_contacts 0
25 http://iris.ucl.ac.uk/iris/browse/profile?upi=ICGLO82 0
25 http://www.ucl.ac.uk/mssl/research-degrees/student_profiles/student_profiles/glover 0
25 http://iris.ucl.ac.uk/iris/browse/profile/publications/paged?isFirstReq=true&isLastPage=false&itemsPerPage=10&orderBy=4+D&pageNum=1&upi=LMALK36 0
25 http://www.ucl.ac.uk/lbs/firm/view/-1121771630 0
25 http://iris.ucl.ac.uk/iris/browse/profile?upi=JSUNG19 0
25 http://iris.ucl.ac.uk/iris/browse/profile/publications/paged?isFirstReq=true&isLastPage=false&itemsPerPage=10&orderBy=4+D&pageNum=1&upi=SEPAR06 0
25 http://discovery.ucl.ac.uk/1317542/1/246075.pdf 0
25 http://iris.ucl.ac.uk/iris/browse/profile?upi=DGLOV46 0
25 http://www.ucl.ac.uk/advances/advances-news/2016/ucl-shining-example 0
25 http://www.ucl.ac.uk/isd/comprep/listreps.php 0
25 http://www.ucl.ac.uk/rps_includes/RPSDATA.SVC/pubs/ccast68?orderby=type 0
25 http://www.ucl.ac.uk/library/content/accs/accs0507.htm 0
25 http://www.ucl.ac.uk/finance/docs/docs-myfinance/IDT_Roles 0
25 http://iris.ucl.ac.uk/iris/browse/profile/publications/paged?isFirstReq=true&isLastPage=false&itemsPerPage=10&orderBy=4+D&pageNum=1&upi=BLDAY54 0
25 http://discovery.ucl.ac.uk/1317542/1/246075.pdf 0
25 http://www.ucl.ac.uk/philosophy/alumni/katherine-backhouse-obituary 0
25 http://www.ucl.ac.uk/library/content/accs/accs0507.htm 0
25 http://www.ucl.ac.uk/isd/comprep/listreps.php 0
25 http://www.ucl.ac.uk/english/staff/neil-rennie 0
25 http://iris.ucl.ac.uk/iris/browse/profile/achievements/paged?isFirstReq=true&isLastPage=false&itemsPerPage=10&orderBy=1+D&pageNum=1&upi=ILLOR45 0
25 http://www.ucl.ac.uk/finance/docs/docs-myfinance/IDT_Roles 0
25 http://www.ucl.ac.uk/silva/life-sciences/Faculty_contacts 0
25 http://www.ucl.ac.uk/mssl/research-degrees/student_profiles/glover 0
25 http://iris.ucl.ac.uk/iris/browse/profile/publications/paged?isFirstReq=true&isLastPage=false&itemsPerPage=10&orderBy=4+D&pageNum=1&upi=BJFCR68 0
