23 http://blogs.ucl.ac.uk/museums/tag/centre-for-planetary-sciences 1
23 http://blogs.ucl.ac.uk/events/tag/film-screening 1
23 http://iris.ucl.ac.uk/iris/browse/profile/publications/paged?isFirstReq=true&isLastPage=false&itemsPerPage=10&orderBy=4+D&pageNum=1&upi=SJDAW90 0
23 http://www.ucl.ac.uk/makeyourmark/mym-philanthropy/UCL_students_at_campusmoviefest 0
23 http://www.ucl.ac.uk/selcs/interdepartmental-modules/intermediate-modules-15-16/intermediate-modules-15-16/elcs6031-1516-considering-narrative-structure-in-film 1
23 http://www.ucl.ac.uk/news/dev/headlines-viewer/?view=view_archive&month=11&year=2014&offset=60 1
23 http://www.ucl.ac.uk/news/news-articles/0606/06062201 2
23 http://resources.clie.ucl.ac.uk/home/sac/english/films/all/5 1
23 http://iris.ucl.ac.uk/iris/browse/profile/publications/paged?isFirstReq=true&isLastPage=false&itemsPerPage=10&orderBy=4+D&pageNum=1&upi=FNOLA65 0
23 http://www.ucl.ac.uk/news/headlines/1114/031114-christopher-nolan 2
23 http://wiki.ucl.ac.uk/display/SLAISFAlumni/Christopher+Nolan 2
23 http://www.ucl.ac.uk/about-ucl/history 1
23 http://www.ucl.ac.uk/laws/commercial/index.shtml?past_events 0
23 http://iris.ucl.ac.uk/iris/browse/profile?upi=LSNOL17 0
23 http://iris.ucl.ac.uk/iris/browse/profile/achievements/paged?isFirstReq=true&isLastPage=false&itemsPerPage=10&orderBy=1+D&pageNum=1&upi=EMCFI97 0
23 http://www.ucl.ac.uk/spierslab/podcasts 1
23 http://www.ucl.ac.uk/english/staff/philip-horne 0
23 http://blogs.ucl.ac.uk/museums/2014/10/22/sunshine-in-stratford 1
23 http://events.ucl.ac.uk/calendar/date:2013-12-01 0
23 http://www.ucl.ac.uk/advances/advances-news/2015/could-this-ucl-alumnus-be-the-next-mark-zuckerberg 0
23 http://discovery.ucl.ac.uk/view/year/1991.html 0
23 http://www.m3s.ucl.ac.uk/whatson 0
23 http://discovery.ucl.ac.uk/view/year/1992.html 0
23 http://www.ucl.ac.uk/srs/governance-and-committees/committees 0
23 http://iris.ucl.ac.uk/iris/browse/profile?upi=HNOLA60 0
23 http://iris.ucl.ac.uk/iris/browse/profile/publications/paged?isFirstReq=true&isLastPage=false&itemsPerPage=10&orderBy=4+D&pageNum=1&upi=LSNOL17 0
23 http://www.ucl.ac.uk/news/autobiography.pdf 0
23 http://iris.ucl.ac.uk/iris/browse/profile/publications/paged?isFirstReq=true&isLastPage=false&itemsPerPage=10&orderBy=4+D&pageNum=1&upi=GJJOH26 0
23 http://www.ucl.ac.uk/pals/people/profiles/research-staff/fiona-nolan 0
23 http://www.ucl.ac.uk/grand-challenges/UCLGC/donors_poster 1
23 http://www.ucl.ac.uk/news/news-articles/1014/22-10-14-UCL-space-film-evening-at-Stratford-Picture-House 1
23 http://iris.ucl.ac.uk/iris/browse/profile/publications/paged?isFirstReq=true&isLastPage=false&itemsPerPage=10&orderBy=4+D&pageNum=1&upi=GKMAD15 0
23 http://www.ucl.ac.uk/enterprise/enterprise-news/could-this-ucl-alumnus-be-the-next-mark-zuckerberg 0
23 http://www.ucl.ac.uk/prospective-students/study-abroad-ucl/study-abroad-guide/modules/elcs6031 1
23 http://www.ucl.ac.uk/cancertrust/what-we-do/Our-supporters 1
23 http://www.ucl.ac.uk/news/news-articles/0912/09120203 1
23 http://www.ssees.ucl.ac.uk/videos/dvd3889.htm 0
23 http://iris.ucl.ac.uk/iris/browse/profile/publications/paged?isFirstReq=true&isLastPage=false&itemsPerPage=10&orderBy=4+D&pageNum=1&upi=BARTO07 0
23 http://blogs.ucl.ac.uk/museums/2014/10 1
23 http://www.ucl.ac.uk/museums/uclart/visit/exhibitions/life-action-sentiment 1
23 http://www.ucl.ac.uk/pace/news/1114/half-term-success-at-UCL-museums 0
23 http://discovery.ucl.ac.uk/view/year/1989.html 0
23 http://iris.ucl.ac.uk/iris/browse/profile?upi=SGEMA09 0
23 http://www.ucl.ac.uk/museums/uclart/visit/exhibitions/index/edit/life-action-sentiment 1
23 http://www.ucl.ac.uk/news/students/032016/04032016-10-popular-sights-places-at-UCL 1
23 http://www.ucl.ac.uk/alumni/notable-alumni 2
23 http://www.ucl.ac.uk/festival-of-the-arts/foa-people-publication/2014-people/philip-horne 0
23 http://www.ucl.ac.uk/ioo/education/cpd/moorfields-eye-hospital-institute-of-ophthalmology-course-on-glaucoma 0
23 http://www.ucl.ac.uk/silva/news/news-articles/0505/batman-returns 2
23 http://events.ucl.ac.uk/event/event:z8s-ijttntsj-7n4ewp/rosalind-franklin-appathon-prize-and-tech-day 0
23 http://www.ucl.ac.uk/anthropology/contact 0
23 http://www.ucl.ac.uk/museums/uclart/about/collections/john-flaxman 1
