37 http://www.ucl.ac.uk/srs/parents/graduation 2
37 http://www.ucl.ac.uk/prospective-students/graduate/taught/fees-funding 0
37 http://www.ucl.ac.uk/graduation/merchandise 2
37 http://www.ucl.ac.uk/prospective-students/graduate/disclaimer 0
37 http://www.ucl.ac.uk/srs/academic-manual/c5/research-degrees/graduation 1
37 http://www.ucl.ac.uk/graduation/photography/classic 2
37 http://www.ucl.ac.uk/mssl 2
37 http://www.ucl.ac.uk/hear 2
37 http://www.ucl.ac.uk/qatar/qatar-news/2015-05-10 2
37 http://www.ucl.ac.uk/graduation/visa 2
37 http://www.ucl.ac.uk/prospective-students/graduate/taught/degree-types 1
37 http://www.ucl.ac.uk/library/sites/postgrad-spaces 0
37 http://www.ucl.ac.uk/basc/current/faqs 2
37 http://www.ucl.ac.uk/prospective-students/graduate/taught/application 1
37 http://payonline.ucl.ac.uk 1
37 http://www.ucl.ac.uk/media/press-releases 1
37 http://www.ucl.ac.uk/ioe/about/ioe-life/graduation 2
37 http://www.ucl.ac.uk/graduation/venues 2
37 http://www.ucl.ac.uk/prospective-students/graduate/ucl-plus 1
37 http://www.ucl.ac.uk/australia/ucl-australia-latest-news 1
37 http://www.ucl.ac.uk/graduation/1045am 2
37 http://www.ucl.ac.uk/australia/ucl-australia-news/graduation2015 2
37 http://www.ucl.ac.uk/graduation/tickets 2
37 http://www.ucl.ac.uk/qatar/qatar-news/2015-05-05 2
37 http://www.ucl.ac.uk/prospective-students/graduate/taught/events 1
37 http://www.ucl.ac.uk/graduation/yourdegree 2
37 http://www.ucl.ac.uk/alumni/new-graduates 1
37 http://www.ucl.ac.uk/current-students/exams_and_awards 1
37 http://www.ucl.ac.uk/ear/news/130705 2
37 http://www.ucl.ac.uk/prospective-students/graduate/taught/requirements 0
37 http://www.ucl.ac.uk/prospective-students/graduate/research/requirements 0
37 http://www.ucl.ac.uk/graduation/robes 2
37 http://www.ucl.ac.uk/prospective-students/graduate/life 1
37 http://www.ucl.ac.uk/prospective-students/graduate/contact-us 0
37 http://www.ucl.ac.uk/graduation/homepage/Information_for_Graduands_and_Guests 2
37 http://www.ucl.ac.uk/graduation/photography 2
37 http://www.ucl.ac.uk/graduation/homepage/2016_graduation_ceremony_terms_and_conditions.pdf 2
37 http://www.cs.ucl.ac.uk/mobile/teaching_learning/teaching_matters 2
37 http://www.ucl.ac.uk/prospective-students/graduate/apply 1
37 http://www.ucl.ac.uk/graduation 2
37 http://www.ucl.ac.uk/prospective-students/graduate/download 1
37 http://www.ucl.ac.uk/medicalschool/staff-students/general-information/graduation 2
37 http://www.ucl.ac.uk/news/students/022016/18022016-ucl-graduation-ceremony-tickets-update 2
37 http://www.ucl.ac.uk/prospective-students/graduate/research/doctoral-school 1
37 http://www.ucl.ac.uk/graduation/yourdegree/ucl_ioe_students 1
37 http://www.ucl.ac.uk/prospective-students/graduate 1
37 http://www.ucl.ac.uk/graduation/merchandise/eva_london_flyer 2
37 http://www.ucl.ac.uk/prospective-students/graduate/research/fees-funding 0
37 http://www.ucl.ac.uk/prospective-students/graduate/research/funded-opportunities/studentships 0
37 http://www.ucl.ac.uk/graduation/homepage/faqs 2
37 http://www.ucl.ac.uk/prospective-students/graduate/research/events 1
37 http://www.ucl.ac.uk/graduation/staff_attendance/staff_attend 2
