43 http://blogs.ucl.ac.uk/museums/tag/exhibition 1
43 http://www.ucl.ac.uk/museums/our-work 1
43 http://www.ucl.ac.uk/museums/research/spotlight_on_the_slade 2
43 http://blogs.ucl.ac.uk/museums/category/uclart 2
43 http://blogs.ucl.ac.uk/researchers-in-museums/tag/art-museum 2
43 http://www.ucl.ac.uk/museums/whats-on 2
43 http://blogs.ucl.ac.uk/museums/2014/05 1
43 http://www.ucl.ac.uk/museums/uclart/professional-use 2
43 http://www.ucl.ac.uk/museums/visit 1
43 http://www.ucl.ac.uk/museums/uclart/visit/exhibitions/Re-Launch 2
43 http://blogs.ucl.ac.uk/museums/tag/petrie-museum 0
43 http://www.ucl.ac.uk/museums/whats-on 1
43 http://blogs.ucl.ac.uk/museums/2016/02 1
43 http://artcat.museums.ucl.ac.uk 2
43 http://www.ucl.ac.uk/museums/uclart/visit/exhibitions/Rodericktye 2
43 http://www.ucl.ac.uk/museums/uclart/visit/find-us 2
43 http://www.ucl.ac.uk/museums/uclart/visit/exhibitions/girl-at-the-door 2
43 http://www.ucl.ac.uk/pace/news/March2015/Re-launch-at-UCL-Art-Museum 2
43 http://artcat.museums.ucl.ac.uk/search.aspx 2
43 http://www.ucl.ac.uk/museums/visit/locations 1
43 http://www.ucl.ac.uk/museums/uclart/about/collections 2
43 http://www.ucl.ac.uk/pace/news/1114/UCLArtMuseumRefurbishment 2
43 http://www.ucl.ac.uk/european-institute/events/2014-15/slade 2
43 http://www.ucl.ac.uk/slade/events/time-based-media-ucl-art-museum 2
43 http://www.ucl.ac.uk/3dim/pointcloud/printroom 1
43 http://blogs.ucl.ac.uk/museums/category/ethno 1
43 http://www.ucl.ac.uk/slade/people/academic/profile/DRGOO20 0
43 http://www.ucl.ac.uk/museums/uclart/visit 2
43 http://www.ucl.ac.uk/library 0
43 http://www.ucl.ac.uk/museums/uclart/visit/exhibitions/duet 2
43 http://blogs.ucl.ac.uk/museums/tag/art 1
43 http://www.ucl.ac.uk/slade/people/academic/profile/ASTAH06 0
43 http://blogs.ucl.ac.uk/museums/2014/06 1
43 http://www.ucl.ac.uk/museums/uclart/visit/exhibitions 2
43 http://www.ucl.ac.uk/museums/uclart/about 2
43 http://www.ucl.ac.uk/museums/our-work/overview 1
43 http://blogs.ucl.ac.uk/museums/2012/08 1
43 http://www.ucl.ac.uk/museums 2
43 http://www.ucl.ac.uk/museums/uclart/visit/exhibitions/popups 2
43 http://www.ucl.ac.uk/slade/people/academic/profile/MJCAL50 1
43 http://www.ucl.ac.uk/museums/uclart/catalogue 2
43 http://www.ucl.ac.uk/museums/uclart/visit/exhibitions/index/edit/vincula 2
43 http://www.ucl.ac.uk/museums/uclart 2
43 http://blogs.ucl.ac.uk/museums/tag/ucl-art-museum 2
43 http://blogs.ucl.ac.uk/museums/category/petrie 0
43 http://www.ucl.ac.uk/museums/uclart/visit/exhibitions/Revolutionunderaking 2
43 http://blogs.ucl.ac.uk/museums 0
43 http://blogs.ucl.ac.uk/museums/category/uncategorized 1
43 http://www.ucl.ac.uk/museums/uclart/whats-on 2
43 http://www.ucl.ac.uk/museums/uclart/about/our-staff 2
43 http://www.ucl.ac.uk/museums/research/contact 1
43 http://www.ucl.ac.uk/pace/news/Jan/UCL-Art-Museum-update 2
