12 http://www.ucl.ac.uk/european-institute/analysis-publications/resource_area/archives 0
12 http://www.ucl.ac.uk/ssees/research/polish-migration/profiles 0
12 http://www.ucl.ac.uk/esps/docs/pathways/economics_element 0
12 http://readinglists.ucl.ac.uk/lists/6118A154-3E7E-FDEB-0077-C9942957948E/bibliography.pdf?style=springer-lecture-notes-in-computer-science 0
12 http://discovery.ucl.ac.uk/view/UCL/VSF/2001.html 0
12 http://www.ucl.ac.uk/eme/seminars/PastEvents 0
12 http://www.ucl.ac.uk/esps/docs/pathways/urban_planning 0
12 http://readinglists.ucl.ac.uk/lists/6118A154-3E7E-FDEB-0077-C9942957948E/bibliography.pdf?style=royal-society-of-chemistry 0
12 http://www.ucl.ac.uk/ssees/research/polish-migration/publications-polish-migration 0
12 http://readinglists.ucl.ac.uk/lists/943A0B2C-B44A-AE92-826E-98DE5A6B93AC/bibliography.html?style=nature 0
12 http://readinglists.ucl.ac.uk/modules/esps2101.html 1
12 http://iris.ucl.ac.uk/iris/browse/profile/publications/paged?isFirstReq=true&isLastPage=false&itemsPerPage=10&orderBy=4+D&pageNum=1&upi=SDPRY73 0
12 http://www.homepages.ucl.ac.uk/~tcrndfu/downloads.htm 0
12 http://www.ucl.ac.uk/history/postgraduatestudy/taughtmasters/ma-modules/modern 0
12 http://readinglists.ucl.ac.uk/lists/6118A154-3E7E-FDEB-0077-C9942957948E/bibliography.pdf?style=oscola 0
12 http://iris.ucl.ac.uk/iris/browse/profile/publications/paged?isFirstReq=true&isLastPage=false&itemsPerPage=10&orderBy=4+D&pageNum=1&upi=PMARL29 0
12 http://www.ucl.ac.uk/chinahealth/teaching 0
12 http://www.ucl.ac.uk/esps/prospective-students/esps-ba/courses-2016-17 1
12 http://www.ucl.ac.uk/european-institute/analysis-publications/publications/WP3.pdf 0
12 http://www.ucl.ac.uk/european-institute/analysis-publications/FINAL.pdf 0
12 http://www.ucl.ac.uk/selcs/prospective-students/postgraduate/ma-modules/dutcg006a-contemporary 0
12 http://www.ucl.ac.uk/european-institute/newsletter/4.html 0
12 http://www.ucl.ac.uk/esps/prospective-students/esps-ba/courses-2015-16 1
12 http://readinglists.ucl.ac.uk/lists/6118A154-3E7E-FDEB-0077-C9942957948E/bibliography.pdf?style=american-sociological-association 0
12 http://www.geog.ucl.ac.uk/admissions/masters/msc-global-migration 0
12 http://readinglists.ucl.ac.uk/lists/6118A154-3E7E-FDEB-0077-C9942957948E/bibliography.pdf?style=harvard1 0
12 http://www.ucl.ac.uk/library/content/accs/accs0116.htm 0
12 http://www.ucl.ac.uk/esps/prospective-students/esps-ba/courses-2016-17/european-integration-in-historical-perspective 2
12 http://readinglists.ucl.ac.uk/lists/6118A154-3E7E-FDEB-0077-C9942957948E.html 1
12 http://www.ucl.ac.uk/sts/staff/cain/pubs 0
12 http://www.ucl.ac.uk/australia/study/msc 0
12 http://readinglists.ucl.ac.uk/lists/809D693B-85B9-9E3F-76F2-CC6761B0E790/bibliography.pdf?style=ieee-with-url 0
12 http://www.ucl.ac.uk/esps/prospective-students/esps-ba/courses-2015-16/european-integration-in-historical-perspective 2
12 http://www.ucl.ac.uk/esps/prospective-students/esps-ba 0
12 http://www.ucl.ac.uk/european-institute/publications 0
12 http://www.ucl.ac.uk/intercultural-interaction/themes 0
12 http://www.ucl.ac.uk/prospective-students/study-abroad-ucl/study-abroad-guide/subjects/european-social-political-studies%20 0
12 http://www.laws.ucl.ac.uk/site-map 0
12 http://readinglists.ucl.ac.uk/lists/943A0B2C-B44A-AE92-826E-98DE5A6B93AC/bibliography 1
12 http://www.ucl.ac.uk/archaeology/about/publications/lcp 0
12 http://iris.ucl.ac.uk/iris/browse/researchActivity/list 0
12 http://www.ucl.ac.uk/cth/teaching 0
12 http://www.ucl.ac.uk/spp/people/academic/richard-bellamy 0
12 http://www.ucl.ac.uk/americas/events/podcasts-uclia 0
12 http://www.ucl.ac.uk/esps/prospective-students/esps-dual-degree-ba 0
12 http://www.ucl.ac.uk/mariecuriesocanth/partners.php 0
12 http://www.ucl.ac.uk/european-institute/newsletter/8.html 0
12 http://readinglists.ucl.ac.uk/lists/809D693B-85B9-9E3F-76F2-CC6761B0E790/bibliography.pdf?style=acm-sig-proceedings 0
12 http://blogs.ucl.ac.uk/sts-observatory/2013/08 0
12 http://www.geog.ucl.ac.uk/about-the-department/events-seminars/refuge-in-a-moving-world-seminar-series-interdisciplinary-conversations 0
12 http://www.ucl.ac.uk/prospective-students/study-abroad-ucl/study-abroad-guide/modules/esps2101 2
12 http://www.ucl.ac.uk/dis/people/melissaterras/research 0
12 http://www.ucl.ac.uk/spp/people/academic/cecile-laborde 0
12 http://www.ucl.ac.uk/dis/people/juliannenyhan/publications 0
12 http://readinglists.ucl.ac.uk/lists/6118A154-3E7E-FDEB-0077-C9942957948E/bibliography.pdf?style=chicago-author-date 0
