40 http://www.ucl.ac.uk/museums/uclart/visit 0
40 http://roombooking.ucl.ac.uk/rb/roomBookingsHomePage.html?invoker=EFD 1
40 http://www.ucl.ac.uk/isd 0
40 http://www.ucl.ac.uk/research/domains/events 0
40 http://crf.casa.ucl.ac.uk/screenRoute.aspx?s=386&d=1353&w=False 2
40 http://www.ucl.ac.uk/news/news-articles/0903/09032603 2
40 http://www.ucl.ac.uk/museums/uclart/about 1
40 http://www.ucl.ac.uk/economics/visitors-agenda 1
40 http://www.london-nano.com/our-people/%5Bfield_people_section-raw%5D/huiyun-liu 0
40 http://roombooking.ucl.ac.uk/rb/bookableSpace/viewAllBookableSpace.html?invoker=EFD 1
40 http://www.ucl.ac.uk/museums/uclart 0
40 http://www.ucl.ac.uk/library/sites/main 0
40 http://www.ucl.ac.uk/isd/services/print-copy-scan/about/device-locations 0
40 http://www.ucl.ac.uk/maps 1
40 http://www.grad.ucl.ac.uk/resources 2
40 http://www.ucl.ac.uk/makeyourmark/mym-philanthropy/printroom-cafe 2
40 http://www.ucl.ac.uk/estates/roombooking/guidelines 1
40 http://www.ucl.ac.uk/alumni/events/alumni-led/accordian01/roomhirecafesbars 2
40 http://crf.casa.ucl.ac.uk/screenRoute.aspx?s=1309&d=125&w=False 2
40 http://www.ucl.ac.uk/maths/graduate-students/msc-modelling/info-booklet 1
40 http://www.ucl.ac.uk/museums/uclart/catalogue 1
40 http://www.ucl.ac.uk/selcs/contact-us 1
40 http://www.ucl.ac.uk/about-ucl/history 0
40 http://roombooking.ucl.ac.uk/rb/bookableSpace/search/searchBookableSpace.html?invoker=EFD 1
40 http://www.ucl.ac.uk/library/sites/postgrad-spaces 0
40 http://www.ucl.ac.uk/library/articles/2016/new-research-grid-science-library 0
40 http://www.ucl.ac.uk/library/articles/2016/eastman-refurbished-reading-room 0
40 http://www.ucl.ac.uk/library/sites/cruciform 0
40 http://www.ucl.ac.uk/isd/services/learning-teaching/spaces/locations 0
40 http://www.ucl.ac.uk/news/news-articles/0909/09092401 2
40 http://crf.casa.ucl.ac.uk/screenRoute.aspx?s=386&d=125&w=False 2
40 http://www.ucl.ac.uk/isd/workrooms 0
40 http://www.ucl.ac.uk/museums/about/our-staff 0
40 http://www.ucl.ac.uk/museums/uclart/visit/exhibitions/popups 1
40 http://www.ucl.ac.uk/silva/news/news-articles/0304/flaxman-exhibition 1
40 http://www.ucl.ac.uk/estates/post 0
40 http://www.ucl.ac.uk/slade/degrees/ma-mfa 0
40 http://mappinglondon.co.uk 0
40 http://www.ucl.ac.uk/earth-sciences/facilities 0
40 http://www.ucl.ac.uk/library 0
40 http://www.ucl.ac.uk/staff/work-matters 0
40 http://www.ucl.ac.uk/library/sites/science 0
40 http://www.ucl.ac.uk/maths/graduate-students/msc-financial/info-booklet 1
40 http://www.ucl.ac.uk/statistics/people/franz-kiraly 0
40 http://www.ucl.ac.uk/estates/roombooking 1
40 http://www.ucl.ac.uk/estates/news/a-z-services/catering/cafes 2
40 http://www.ucl.ac.uk/museums/uclart/shop 1
40 http://www.ucl.ac.uk/slade/know/3588 0
40 http://www.ucl.ac.uk/hr/od/pdp/sdsip-eawt/index.php 0
40 http://www.ucl.ac.uk/library/sites/cruciform 0
40 http://crf.casa.ucl.ac.uk/screenRoute.aspx?s=808&d=125&w=False 2
40 http://www.ucl.ac.uk/isd/services/learning-teaching/spaces/locations 1
40 http://www.ucl.ac.uk/library/sites/learning-spaces 1
40 http://www.ucl.ac.uk/maps/print-room-cafe 2
40 http://www.instituteofmaking.org.uk/blog/2012/04/lunchtime-makes 1
40 http://www.ucl.ac.uk/iss/orientation/postgraduate-students 2
40 http://www.ucl.ac.uk/iss/orientation/postgraduate-students/graduates2015 2
