42 http://www.ucl.ac.uk/library/disabled-users 1
42 http://www.ucl.ac.uk/library/sites/group-work 2
42 http://www.ucl.ac.uk/medicalschool/staff-students/hubs 2
42 http://www.ucl.ac.uk/library/sites/building-news/cruciform-hub 2
42 http://wiki.ucl.ac.uk/display/LibraryServices/Cruciform+Library+Enquiry+Services 2
42 http://www.ucl.ac.uk/library/training/schedule/2015/Evidence-SRs-Cruci-2015-07-16 1
42 http://www.ucl.ac.uk/transforming-ucl/major-projects/cruciform-hub 2
42 http://www.ucl.ac.uk/greenucl/greenucl-news-publication/2015-03-25-cruciform-hub-ska-gold 2
42 http://www.ucl.ac.uk/library/sites/building-news/cruciform-hub/about 2
42 http://blogs.ucl.ac.uk/cruciform-library-iskills/category/researcher-support 1
42 http://www.ucl.ac.uk/wibr/cruciform-building 2
42 http://www.ucl.ac.uk/library/training/schedule/2015/NHS-eresources-cruci-2015-07-14 1
42 http://www.ucl.ac.uk/library/training/schedule/2015/EndNote-Cruci-2015-02-16 1
42 http://www.ucl.ac.uk/silva/library/sites/cruciform 2
42 http://www.ucl.ac.uk/library/training/schedule/2015/Mendeley-cruci-2015-08-04 2
42 http://www.ucl.ac.uk/library/training/schedule/2015/WoS-Cruci-2015-02-11 1
42 http://www.ucl.ac.uk/library/training/schedule/2014/WoSCruci-2014-11-12 1
42 http://www.ucl.ac.uk/library/opening 2
42 http://www.ucl.ac.uk/transforming-ucl/transformingucl-news/news-cruciformhubopensitsdoors 2
42 http://www.ucl.ac.uk/library/articles/2016/new-research-grid-science-library 0
42 http://www.ucl.ac.uk/teaching-learning/pdfs/Cruciform_Art_Cat.pdf 1
42 http://www.ucl.ac.uk/library/training/schedule/2015/Mendeley-cruci-2015-07-17 1
42 http://blogs.ucl.ac.uk/cruciform-library-iskills/2015/08/07/new-uclh-computers 0
42 http://www.ucl.ac.uk/library/sites/building-news 1
42 http://www.ucl.ac.uk/news/news-articles/0513/30052013-Cruciform-Building-Hub-update-and-library-move 2
42 http://www.ucl.ac.uk/library/articles/2015/extended-opening-hours-exam-period 2
42 http://blogs.ucl.ac.uk/cruciform-library-iskills/2014/09/04/cruciform-hub 2
42 http://www.ucl.ac.uk/library/sites/building-news/rfid-and-self-service 1
42 http://www.ucl.ac.uk/transforming-ucl/transformingucl-news/transforming-ucl-improvements-receives-industry-recognition 2
42 http://www.ucl.ac.uk/library/docs/survey/cruciform-hub-survey 2
42 http://www.ucl.ac.uk/library/training/schedule/2015/PubMed-Cruci-2015-02-10 1
42 http://wiki.ucl.ac.uk/pages/diffpagesbyversion.action?pageId=14593080&selectedPageVersions=315&selectedPageVersions=316 0
42 http://www.ucl.ac.uk/library/about/newbuild/cruciform-hub 2
42 http://www.ucl.ac.uk/library/sites/quiet-study 2
42 http://www.ucl.ac.uk/news/staff/staff-news/0313/22032013-uclbloomsburymasterplancruciformhub 2
42 http://blogs.ucl.ac.uk/cruciform-library-iskills/tag/cruciform-hub 2
42 http://www.ucl.ac.uk/estates-news/CurrentProjects/CruciformHub 2
42 http://www.ucl.ac.uk/library/sites/cruciform 2
42 http://www.ucl.ac.uk/medicalschool/uclms-news/news-20140901 2
42 http://www.ucl.ac.uk/transforming-ucl/transformingucl-news/news-how-we-are-transforming-ucl 1
42 http://www.ucl.ac.uk/transforming-ucl/masterplan/mp2 2
42 http://www.ucl.ac.uk/medicalschool/uclms-news/news-20150123 2
42 http://www.ucl.ac.uk/maps 1
42 http://wiki.ucl.ac.uk/display/LibraryServices/Laptop+Loans 1
42 http://wiki.ucl.ac.uk/spaces/listattachmentsforspace.action?key=LibraryServices 1
42 http://blogs.ucl.ac.uk/cruciform-library-iskills/category/cruciform-hub-update 2
42 http://www.ucl.ac.uk/transforming-ucl/faqs/cruciformhub 2
42 http://www.ucl.ac.uk/library/articles/2016/easter 1
