16 http://www.ucl.ac.uk/uclic/uclic-news-publication/Seminar34 0
16 http://www0.cs.ucl.ac.uk/staff/N.Gold/research/publications/smacsmc2013_submission_113.pdf 0
16 http://www.ucl.ac.uk/prospective-students/graduate/apply 0
16 http://swdb.ucl.ac.uk 0
16 http://www.cs.ucl.ac.uk/staff/N.Gold/research/chips-project.html 0
16 http://crest.cs.ucl.ac.uk/projects/miclues 0
16 http://chips.cs.ucl.ac.uk 0
16 http://www.cs.ucl.ac.uk/students/syllabus/msccs/gc20_computer_music 2
16 http://mobblog.cs.ucl.ac.uk 0
16 http://www.cs.ucl.ac.uk/teaching_learning/undergrad_inf/curriculum/year_3_meng_cs 1
16 http://www.cs.ucl.ac.uk/students/your_degree_programme/ancillary 0
16 http://iris.ucl.ac.uk/iris/browse/profile?upi=NGOLD19 0
16 http://readinglists.ucl.ac.uk/lists/54F48B4B-7ECD-DC3E-2820-54098ABAFB44/bibliography.html?style=modern-humanities-research-association 1
16 http://discovery.ucl.ac.uk/1388184 0
16 http://readinglists.ucl.ac.uk/lists/54F48B4B-7ECD-DC3E-2820-54098ABAFB44.pdf 0
16 http://www.cs.ucl.ac.uk/teaching_learning/syllabus/msccs/gc20_computer_music 2
16 http://www0.cs.ucl.ac.uk/research/vr/Projects/PRESENCCIA/Public/presenccia_pub/sharedDocuments/presenccia_publications/Publications/wp2/UCL_lotto/Bergstrom_and_Lotto_(Leonardo).pdf 0
16 http://www.cs.ucl.ac.uk/staff/N.Gold/music-systems-engineering/publications.html 0
16 http://www.ucl.ac.uk/uclic/people/d-brumby 0
16 http://discovery.ucl.ac.uk/1349616 0
16 http://www.cs.ucl.ac.uk/students/syllabus/ug 0
16 http://www0.cs.ucl.ac.uk/staff/N.Gold/teaching 0
16 http://www.cs.ucl.ac.uk/mobile/industry_outreach/outreach 0
16 http://www.ucl.ac.uk/slade/people/academic/profile/JRTHO49 0
16 http://www0.cs.ucl.ac.uk/staff/N.Gold 0
16 http://crest.cs.ucl.ac.uk/projects/integratedaudio_symbolicmodelofmusicsimilarity 0
16 http://www0.cs.ucl.ac.uk/staff/N.Gold/research 0
16 http://chips.cs.ucl.ac.uk/?p=37 0
16 http://crest.cs.ucl.ac.uk/projects 0
16 http://www0.cs.ucl.ac.uk/staff/N.Gold/research/publications 0
16 http://www.ucl.ac.uk/dh/projects 0
16 http://www0.cs.ucl.ac.uk/staff/N.Gold/research/chips-project.html 0
16 http://crest.cs.ucl.ac.uk/projects/digitalmusiclab 0
16 http://www.cs.ucl.ac.uk/mobile/teaching_learning/syllabus/undergrad/6010_computer_music 2
16 http://www.cs.ucl.ac.uk/teaching_learning/syllabus/undergrad/6010_computer_music 2
16 http://www.cs.ucl.ac.uk/staff/N.Gold/music-systems-engineering 0
16 http://crest.cs.ucl.ac.uk/phd_opportunities 0
16 http://www.ucl.ac.uk/museums-static/objectretrieval/node/229 0
16 http://www.ucl.ac.uk/festival-of-the-arts/foa-people-publication/nicolas-gold 0
16 http://www0.cs.ucl.ac.uk/staff/N.Gold/music-systems-engineering/index.html 0
16 http://readinglists.ucl.ac.uk/modules/comp6010.html 1
16 http://readinglists.ucl.ac.uk/modules/compgc20.html 1
16 http://crest.cs.ucl.ac.uk/cow/21 0
16 http://www.cs.ucl.ac.uk/mobile/teaching_learning/syllabus/msccs/gc20_computer_music 2
16 http://www.cs.ucl.ac.uk/degrees/msc_cs 0
16 http://www.cs.ucl.ac.uk/students/syllabus/undergrad/6010_computer_music 2
16 http://www.cs.ucl.ac.uk/mobile/students/syllabus/undergrad/6010_computer_music 2
16 http://www.cs.ucl.ac.uk/events/events_listing 0
16 http://discovery.ucl.ac.uk/1409338 0
16 http://sse.cs.ucl.ac.uk/publications 0
16 http://crest.cs.ucl.ac.uk/projects/completed_projects/chips 0
16 http://discovery.ucl.ac.uk/1349616/1/362896_vol1.pdf 0
16 http://www.cs.ucl.ac.uk/mobile/degrees/msc_cs 0
16 http://discovery.ucl.ac.uk/1366720 0
16 http://www.ucl.ac.uk/prospective-students/study-abroad-ucl/study-abroad-guide/modules/comp6010 2
16 http://iris.ucl.ac.uk/research/personal/index?upi=NGOLD19 0
16 http://www0.cs.ucl.ac.uk/staff/N.Gold/research/phd-students.html 0
