2 http://www.ucl.ac.uk/consultants/our-services/testing-analysis/life 1
2 http://www.ucl.ac.uk/lifesciences-faculty/about-us 1
2 http://blogs.ucl.ac.uk/ucl-careers/tag/life-and-health-sciences 1
2 http://blogs.ucl.ac.uk/science/category/life-med-sci 1
2 http://blogs.ucl.ac.uk/ucl-careers/2016/03/07/life-health-sciences-week-resources-for-careers-in-health 1
2 http://iris.ucl.ac.uk/iris/browse/profile/researchActivities?upi=MKUMA95 0
2 http://www.ucl.ac.uk/slms/about-us/bls 1
2 http://www.ucl.ac.uk/srs/academic-manual/c8/life-sciences 0
2 http://iris.ucl.ac.uk/iris/browse/profile/researchActivities?upi=PHIGG88 0
2 http://www.clms.ucl.ac.uk 0
2 http://www.ucl.ac.uk/lifesciences-faculty/research-programmes 1
2 http://www.ucl.ac.uk/lifesciences-faculty-php/courses/search.php 0
2 http://www.ucl.ac.uk/departments/life_sci_viewer 1
2 http://iris.ucl.ac.uk/iris/browse/profile/researchActivities?upi=GOODM58 0
2 http://iris.ucl.ac.uk/iris/browse/profile/researchActivities?upi=AGSUT16 0
2 http://www.ucl.ac.uk/life-sciences 0
2 http://iris.ucl.ac.uk/iris/browse/profile/researchActivities?upi=BAILE75 0
2 http://discovery.ucl.ac.uk/past_stats/faculty/life-sci-2011-4.html 0
2 http://iris.ucl.ac.uk/iris/browse/profile/researchActivities?upi=DKUHX97 0
2 http://www.ucl.ac.uk/lifesciences-faculty/bogue 0
2 http://iris.ucl.ac.uk/iris/browse/profile/researchActivities?upi=LLIXX52 0
2 http://iris.ucl.ac.uk/iris/browse/profile/achievements/paged?isFirstReq=true&isLastPage=false&itemsPerPage=10&orderBy=1+D&pageNum=1&upi=JWSON04 0
2 http://www.ucl.ac.uk/lifesciences-faculty/homepage 2
2 http://www.ucl.ac.uk/slms 2
2 http://www.ucl.ac.uk/mathematical-physical-sciences/natural-sciences/internships/lifesci 1
2 http://iris.ucl.ac.uk/iris/browse/profile/researchActivities?upi=CLJON95 0
2 http://iris.ucl.ac.uk/iris/browse/profile/researchActivities?upi=JMEVA90 0
2 http://discovery.ucl.ac.uk/past_stats/faculty/life-sci-2011-3.html 0
2 http://www.ucl.ac.uk/current-students/money/scholarships/life 0
2 http://iris.ucl.ac.uk/iris/browse/profile/researchActivities?upi=NJLAN31 0
2 http://iris.ucl.ac.uk/iris/browse/profile/researchActivities?upi=AEPEA49 0
2 http://iris.ucl.ac.uk/iris/browse/profile/researchActivities?upi=KJMOO67 0
2 http://iris.ucl.ac.uk/iris/browse/researchTheme/62 1
2 http://iris.ucl.ac.uk/iris/browse/profile/researchActivities?upi=MRICH78 0
2 http://www.ucl.ac.uk/complex 1
2 http://www.ucl.ac.uk/srs/academic-manual/policy-az/responsibilities/directors 0
2 http://www.ucl.ac.uk/lifelearning/healthcare-medical-and-life-sciences 1
2 http://www.ucl.ac.uk/lifesciences-faculty/life_sci_viewer 1
2 http://www.ucl.ac.uk/prospective-students/widening-participation/activities/summer-schools/life-sciences 1
2 http://www.ucl.ac.uk/slms/ver2 2
2 http://www.ucl.ac.uk/mathematical-physical-sciences/natural-sciences/core-streams/life-sciences 1
2 http://www.ucl.ac.uk/lifesciences-faculty/people 1
2 http://iris.ucl.ac.uk/iris/browse/profile/researchActivities?upi=PHARD26 0
2 http://www.ucl.ac.uk/departments/faculties 0
2 http://iris.ucl.ac.uk/iris/browse/profile/researchActivities?upi=RJWEI29 0
2 http://discovery.ucl.ac.uk/past_stats/faculty/life-sci-2011-2.html 0
2 http://www.ucl.ac.uk/biosciences 1
2 http://www.ucl.ac.uk/prospective-students/undergraduate/download/life-sciences.pdf 1
2 http://iris.ucl.ac.uk/iris/browse/profile/researchActivities?upi=TCHAN29 0
2 http://www.ucl.ac.uk/lifesciences-faculty/degree-programmes 1
2 http://www.ucl.ac.uk/bru/bru-news-publication/2015-11-09 0
2 http://www.ucl.ac.uk/slms/open-event 0
2 http://www.ucl.ac.uk/life-sciences-headlines-viewer 1
