30 http://www.ucl.ac.uk/mecheng/student-handbook/student-hb-news-publication/2013-14/gravity-team-talk 1
30 http://wp.cs.ucl.ac.uk/anthonysteed 1
30 http://www.ucl.ac.uk/public-policy/policy-placements/secondments_case_studies/BIS-robotics 0
30 http://engdveiv.ucl.ac.uk/overview/collaborators/64-centre-for-medical-image-computing 1
30 http://iris.ucl.ac.uk/iris/browse/profile?upi=MSLAT78 0
30 http://www.ucl.ac.uk/news/news-articles/08010/08101703 1
30 http://www0.cs.ucl.ac.uk/staff/W.Steptoe/files/wsteptoe_cv.pdf 0
30 http://iris.ucl.ac.uk/iris/browse/researchGroup/1132 2
30 http://iris.ucl.ac.uk/iris/browse/profile/publications/paged?isFirstReq=true&isLastPage=false&itemsPerPage=10&orderBy=4+D&pageNum=1&upi=ASTEE91 0
30 http://www0.cs.ucl.ac.uk/staff/A.Sztrajman 1
30 http://www0.cs.ucl.ac.uk/people/A.Steed.html 1
30 http://engdveiv.ucl.ac.uk/overview 1
30 http://www.cs.ucl.ac.uk/research/?newtemplate=1%25252F 1
30 http://iris.ucl.ac.uk/iris/browse/profile?upi=ASTEE91 1
30 http://wp.cs.ucl.ac.uk/sebastianfriston 1
30 http://www.ucl.ac.uk/uclic/news-events/seminars 0
30 http://reality.cs.ucl.ac.uk/publications.html 0
30 http://engdveiv.ucl.ac.uk/academic-supervisors/28/145-niloy-mitra 0
30 http://www.cs.ucl.ac.uk/cs_people/A.Steed.html 1
30 http://www0.cs.ucl.ac.uk/staff/c.loscos 1
30 http://www.cs.ucl.ac.uk/teaching_learning/syllabus/msccgvi/gv07_virtual_environments 1
30 http://vecg.cs.ucl.ac.uk 2
30 http://www.cs.ucl.ac.uk/degrees 0
30 http://www0.cs.ucl.ac.uk/staff/M.MurciaLopez 1
30 http://www.cs.ucl.ac.uk/degrees/msc_cgvi 1
30 http://engdveiv.ucl.ac.uk/academic-supervisors 1
30 http://engdveiv.ucl.ac.uk/overview/collaborators 1
30 http://www.cs.ucl.ac.uk/research 1
30 http://swdb.ucl.ac.uk 0
30 http://www0.cs.ucl.ac.uk/people/S.Julier.html 1
30 http://vr.cs.ucl.ac.uk/about/people 1
30 http://www.cs.ucl.ac.uk/students/syllabus/msccgvi/gv07_virtual_environments 1
30 http://www.ucl.ac.uk/robotics/prospective-students/facilities 1
30 http://engdveiv.ucl.ac.uk/overview/collaborators/61-virtual-environments-and-computer-graphics 2
30 http://vr.cs.ucl.ac.uk 1
30 http://www.cs.ucl.ac.uk/research/?newtemplate=1 1
30 http://www.cs.ucl.ac.uk/students/syllabus/msccgvi/gv10_computer_graphics 1
30 http://www.cs.ucl.ac.uk/admissions/msc_cgvi 1
30 http://engdveiv.ucl.ac.uk/overview/collaborators/66-centre-for-computation-science 0
30 http://engdveiv.ucl.ac.uk/overview/collaborators/65-ucl-chorley-institute 0
30 http://engdveiv.ucl.ac.uk/overview/collaborators/63-ucl-interaction-centre 0
30 http://engdveiv.ucl.ac.uk/academic-supervisors/28/147-muki-haklay 0
30 http://iris.ucl.ac.uk/iris/browse/profile?upi=TAWEY36 1
30 http://engdveiv.ucl.ac.uk/academic-supervisors?start=9 0
30 http://engdveiv.ucl.ac.uk/academic-supervisors/28-supervisors 0
30 http://engdveiv.ucl.ac.uk/overview/collaborators?layout=default 1
30 http://reality.cs.ucl.ac.uk/weyrich.html 1
30 http://engdveiv.ucl.ac.uk/overview/collaborators/62-vr-centre-for-the-built-environment 0
