46 http://discovery.ucl.ac.uk/1335787/1/displayFulltext12.pdf 2
46 http://www.bartlett.ucl.ac.uk/space-syntax/research/publications/publications-archive/2002 1
46 http://discovery.ucl.ac.uk/view/year/1987.html 1
46 http://iris.ucl.ac.uk/iris/browse/profile/publications/paged?isFirstReq=true&isLastPage=false&itemsPerPage=10&orderBy=4+D&pageNum=1&upi=MBOBA10 1
46 http://www.ucl.ac.uk/library/special-collections/a-z/comfort 1
46 http://ethics.grad.ucl.ac.uk/codes_of_conduct.php 0
46 http://www.uclb.com/technologies/bioactive-coating 2
46 http://www.ucl.ac.uk/dementia-vision/project-team/mary-pat-sullivan 2
46 http://www.ucl.ac.uk/valid/publications 1
46 http://www.ucl.ac.uk/~ucbtdag/Gems_Erice_2014.pdf 1
46 http://www.ucl.ac.uk/shield/about-us/publications 2
46 http://discovery.ucl.ac.uk/view/UCL/SE/2009.html 1
46 http://www.ucl.ac.uk/iha/pdfs/181_-_Expression_of_human_uncoupling_protein-3_in_Drosophila.pdf 2
46 http://www.ucl.ac.uk/rps_includes/RPSDATA.SVC/pubs/sjdaw90?orderby=year 1
46 http://iris.ucl.ac.uk/iris/browse/profile/publications/paged?isFirstReq=true&isLastPage=false&itemsPerPage=10&orderBy=4+D&pageNum=1&upi=MEJWA23 1
46 http://www.icls.ac.uk/publications/articles 2
46 http://www.uclb.com/technologies/opsafe 1
46 http://www.uclb.com/technologies/ligplot?size=1 1
46 http://discovery.ucl.ac.uk/2610/1/2610.pdf 2
46 http://sfx.ucl.ac.uk/sfx_local?ctx_enc=info%3Aofi%2Fenc%3AUTF-8&ctx_ver=Z39.88-2004&rfr_id=info%3Asid%2Fsfxit.com%3Aazlist&rft.object_id=954925479560&rft.object_portfolio_id=&sfx.ignore_date_threshold=1&svc.fulltext=yes%0D%0A&url_ctx_fmt=info%3Aofi%2Ffmt%3Akev%3Amtx%3Actx&url_ver=Z39.88-2004 1
46 http://www.uclb.com/technologies/lrg-1-antagonists-direct-effect-upon-cancer-cells 1
46 http://www.ucl.ac.uk/~ucbzwdr/teaching/b250-99/Gems%202006.ppt 2
46 http://discovery.ucl.ac.uk/60349/1/download1.pdf 2
46 http://www.ucl.ac.uk/~ucbtdag/DGRefs.html 2
46 http://discovery.ucl.ac.uk/1460549 1
46 http://iris.ucl.ac.uk/iris/browse/profile/publications/paged?isFirstReq=true&isLastPage=false&itemsPerPage=10&orderBy=4+D&pageNum=1&upi=HCHAT26 0
46 http://www.uclb.com/technologies/bioactive-coating?size=2 2
46 http://iris.ucl.ac.uk/iris/browse/profile/publications/paged?isFirstReq=true&isLastPage=false&itemsPerPage=10&orderBy=4+D&pageNum=1&upi=RCOOP16 0
46 http://iris.ucl.ac.uk/iris/browse/profile/achievements/paged?isFirstReq=true&isLastPage=false&itemsPerPage=10&orderBy=1+D&pageNum=1&upi=PHIGG88 0
46 http://sfx.ucl.ac.uk/sfx_local/az/default?param_chinese_checkbox_save=&param_chinese_checkbox_type_save=&param_current_view_save=table&param_jumpToPage_save=&param_jumpToPage_value=9&param_lang_save=eng&param_langcode_save=en&param_letter_group_save=G&param_letter_group_script_save=Latin&param_pattern_save=&param_perform_save=searchTitle&param_services2filter_save=getFullTxt&param_sid_save=b055267394152d8b1628ccfbea1e1ee7&param_textSearchType_save=contains&param_type_save=browseLetterGroup&param_ui_control_scripts_save=chinese&param_ui_control_scripts_save=cyrillic&param_ui_control_scripts_save=greek&param_ui_control_scripts_save=hebrew&param_ui_control_scripts_save=japanese&param_ui_control_scripts_save=korean&param_ui_control_scripts_save=latin 0
46 http://www.ucl.ac.uk/chime/publications 0
46 http://iris.ucl.ac.uk/iris/browse/profile/publications/paged?isFirstReq=true&isLastPage=false&itemsPerPage=10&orderBy=4+D&pageNum=1&upi=COSCO81 0
46 http://www.ucl.ac.uk/dementia-vision/project-team/mary-gilhooly 2
46 http://www.ucl.ac.uk/human-wellbeing/events/searchfordrugs 1
46 http://discovery.ucl.ac.uk/1415895 2
46 http://www.ucl.ac.uk/dementia-vision/news-and-events 1
46 http://iris.ucl.ac.uk/iris/browse/profile/publications/paged?isFirstReq=true&isLastPage=false&itemsPerPage=10&orderBy=4+D&pageNum=1&upi=PHORV16 1
46 http://discovery.ucl.ac.uk/134707 1
46 http://crucible.cege.ucl.ac.uk/news/archive/date/2011-01 1
46 http://www.ucl.ac.uk/dementia-vision/project-team/ken-gilhooly 2
46 http://sfx.ucl.ac.uk/sfx_local?ctx_enc=info%3Aofi%2Fenc%3AUTF-8&ctx_ver=Z39.88-2004&rfr_id=info%3Asid%2Fsfxit.com%3Aazlist&rft.object_id=954927609822&rft.object_portfolio_id=&sfx.ignore_date_threshold=1&svc.fulltext=yes%0D%0A&url_ctx_fmt=info%3Aofi%2Ffmt%3Akev%3Amtx%3Actx&url_ver=Z39.88-2004 1
46 http://www.uclb.com/technology-search 1
46 http://discovery.ucl.ac.uk/83391 1
46 http://metalib-c.lib.ucl.ac.uk:80/V/4T8BPIH3QYDRJFTF7N9IDULP8TXINVB7G26PF9S5JLUINN1K45-02455?doc_num=000006970&func=find-db-info 1
46 http://iris.ucl.ac.uk/iris/browse/profile?upi=PHIGG88 1
46 http://discovery.ucl.ac.uk/view/year/1998.html 0
46 http://discovery.ucl.ac.uk/174778 2
46 http://discovery.ucl.ac.uk/3319 2
46 http://sfx.ucl.ac.uk/sfx_local?ctx_enc=info%3Aofi%2Fenc%3AUTF-8&ctx_ver=Z39.88-2004&rfr_id=info%3Asid%2Fsfxit.com%3Aazlist&rft.object_id=954926946763&rft.object_portfolio_id=&sfx.ignore_date_threshold=1&svc.fulltext=yes%0D%0A&url_ctx_fmt=info%3Aofi%2Ffmt%3Akev%3Amtx%3Actx&url_ver=Z39.88-2004 1
46 http://discovery.ucl.ac.uk/493335 1
46 http://iris.ucl.ac.uk/iris/browse/profile/publications/paged?isFirstReq=true&isLastPage=false&itemsPerPage=10&orderBy=4+D&pageNum=1&upi=LPART24 0
46 http://www.uclb.com/technologies 1
46 http://iris.ucl.ac.uk/iris/browse/profile/publications/paged?isFirstReq=true&isLastPage=false&itemsPerPage=10&orderBy=4+D&pageNum=1&upi=PLROU18 0
46 http://discovery.ucl.ac.uk/134833 1
46 http://iris.ucl.ac.uk/iris/browse/profile/publications/paged?isFirstReq=true&isLastPage=false&itemsPerPage=10&orderBy=4+D&pageNum=1&upi=AEPEA49 1
46 http://iris.ucl.ac.uk/iris/browse/profile/publications/paged?isFirstReq=true&isLastPage=false&itemsPerPage=10&orderBy=4+D&pageNum=1&upi=DGEMS65 1
46 http://www.icls.ac.uk/people 1
46 http://discovery.ucl.ac.uk/570785 1
