19 http://www.ucl.ac.uk/clie/CourseUnits/Staff/Meetings/Minutes/BoardofExaminersMeeting2010-06-09Minutes.pdf 0
19 http://www.ucl.ac.uk/clie/CourseUnits/Staff/Examinations/ReadingWriting/MarkingSchemes/Japanese/RWExam-Japanese-02-B-May2011-ANSWERS.pdf 0
19 http://www.ucl.ac.uk/clie/CourseUnits/Staff/Meetings/Minutes/BoardofExaminersMeeting2009-06-10Minutes.pdf 0
19 http://www.ucl.ac.uk/clie/CourseUnits/Staff/Examinations/ReadingWriting/MarkingSchemes/Japanese/RWExam-Japanese-02-B-May2010-ANSWERS.pdf 0
19 http://www.ucl.ac.uk/chemeng/ug-results-accordion/non-chemeng-results 1
19 http://www.ucl.ac.uk/clie/CourseUnits/Staff/Meetings/Minutes/BoardofExaminersMeeting2008-06-04Minutes.pdf 0
19 http://www.ucl.ac.uk/clie/CourseUnits/Staff/Examinations/Oral/OralBookingsR20150427-Japanese.pdf 0
19 http://www.ucl.ac.uk/economics/undergraduate/module-list/econ6002 0
19 http://www.ucl.ac.uk/clie/CourseUnits/Staff/Meetings/Minutes/BoardofExaminersMeeting2011-06-15Minutes.pdf 0
19 http://www.ucl.ac.uk/mecheng/student-handbook/docs/Year_3_Mechanical.pdf 0
19 http://www.ucl.ac.uk/clie/CourseUnits/Staff/Examinations/ReadingWriting/MarkingSchemes/Japanese/RWExam-Japanese-02-B-May2012-ANSWERS.pdf 0
19 http://www.ucl.ac.uk/clie/CourseUnits/MFL/Syllabi/Syllabus-Japanese-LCJA6002-B.pdf 0
19 http://www.ucl.ac.uk/clie/CourseUnits/Staff/Examinations/ReadingWriting/MarkingSchemes/Japanese/RWExam-Japanese-02-B-May2009-ANSWERS.pdf 0
19 http://www.ucl.ac.uk/clie/CourseUnits/Staff/Examinations/Oral/OralBookingsR20150428-Japanese.pdf 0
19 http://www.ucl.ac.uk/clie/CourseUnits/MFL/Books/CourseBooks-Japanese.pdf 0
19 http://www.ucl.ac.uk/clie/CourseUnits/Staff/Examinations/Oral/OralBookingsR20150429-Japanese.pdf 0
19 http://www.ucl.ac.uk/clie/CourseUnits/Staff/Coursework/In-class 1
19 http://www.ucl.ac.uk/clie/CourseUnits/Staff/Meetings/Minutes/BoardofExaminersMeeting2007-06-06Minutes.pdf 0
19 http://www.ucl.ac.uk/chemeng/ug-results-non-chemeng/lcja6002 2
19 http://www.ucl.ac.uk/clie/CourseUnits/Staff/Coursework/In-class/ICCA-FP-LCJA6002.pdf 0
