34 http://iris.ucl.ac.uk/iris/browse/profile?upi=MSTRL90 1
34 http://blogs.casa.ucl.ac.uk 0
34 http://iris.ucl.ac.uk/iris/browse/profile?upi=MUCCI66 1
34 http://mappinglondon.co.uk 0
34 http://www.ucl.ac.uk/human-wellbeing/events 0
34 http://iris.ucl.ac.uk/iris/browse/profile?upi=DTSHI69 1
34 http://iris.ucl.ac.uk/iris/browse/profile?upi=DMUMO03 1
34 http://blogs.casa.ucl.ac.uk/page/95 0
34 http://www.ucl.ac.uk/urbanlab/programmes 0
34 http://iris.ucl.ac.uk/iris/browse/profile?upi=HALTA34 1
34 http://www.ucl.ac.uk/science-society/past.php 0
34 http://iris.ucl.ac.uk/iris/browse/profile?upi=CSHRU11 1
34 http://www.chem.ucl.ac.uk/cosmicdust/starsintro.html 0
34 http://www.bartlett.ucl.ac.uk/iede/iede-news/systems_studentship_Jun2015 1
34 http://iris.ucl.ac.uk/iris/browse/profile?openTabNum=2&upi=CSHRU11 0
34 http://iris.ucl.ac.uk/research/group/showgroup?groupId=1400 2
34 http://iris.ucl.ac.uk/iris/browse/profile?upi=JGTAY63 1
34 http://www.bartlett.ucl.ac.uk/iede/research/project-directory/projects/cbes-platform-grant 0
34 http://www.ucl.ac.uk/human-wellbeing/results 0
34 http://www.ucl.ac.uk/gis/seminars 0
34 http://www.ucl.ac.uk/sustainable-cities/expertise 0
34 http://www.ucl.ac.uk/hr/staff/hr_staff_contacts_payroll.php 0
34 http://swdb.ucl.ac.uk 0
34 http://iris.ucl.ac.uk/iris/browse/profile?upi=PSYMO82 1
34 http://www.ucl.ac.uk/energy-models/models/hideem 1
34 http://www.ucl.ac.uk/slade/know/category/media 0
34 http://www.bartlett.ucl.ac.uk/people/?school=casa&upi=EARCA37 0
34 http://iris.ucl.ac.uk/iris/browse/profile?upi=LMARJ86 1
34 http://blogs.casa.ucl.ac.uk/category/built-environment 1
34 http://iris.ucl.ac.uk/iris/browse/profile?upi=PEKIN72 1
34 http://www.silva-sandbox.ucl.ac.uk/bartlett/graduate/research/complex-built-environment-systems 2
34 http://www.ucl.ac.uk/clues/people/research_team 0
34 http://iris.ucl.ac.uk/iris/browse/researchTheme/26 0
34 http://www.ucl.ac.uk/bartlett/space-syntax/research/projects/Green-UCL 0
34 http://www.ucl.ac.uk/urbanlab/people 0
34 http://medicalimaging-cdt.ucl.ac.uk/programmes/methodological-portfolio/interventional-systems 0
34 http://iris.ucl.ac.uk/iris/browse/people/list/byGroup?groupId=1400 2
34 http://www.bartlett.ucl.ac.uk/people/?school=cpm&upi=ADAVI16 0
34 http://www.bartlett.ucl.ac.uk/iede/iede-news/hew 1
34 http://www.ucl.ac.uk/institute-of-advanced-studies/research 0
34 http://www.bartlett.ucl.ac.uk/people/?school=iede&upi=CSHRU11 1
34 http://iris.ucl.ac.uk/iris/browse/profile?upi=RMSRA81 1
34 http://www.ucl.ac.uk/teaching-learning/events/conference/2016/UCLTL2016Abstracts 0
34 http://iris.ucl.ac.uk/iris/browse/profile?upi=HSHAY78 1
34 http://discovery.ucl.ac.uk/view/UCL/SC/2006.html 0
34 http://www.ucl.ac.uk/uclic/news-events/seminars 0
34 http://www.ucl.ac.uk/sensyt/supervisors 0
34 http://iris.ucl.ac.uk/iris/browse/profile?upi=KALSA78 0
34 http://www.silva-sandbox.ucl.ac.uk/bartlett/graduate/people/mphil-phd-students/complex-built-environment-systems/clive_shrubsole 0
34 http://www.ucl.ac.uk/sustainable-cities/events 0
34 http://iris.ucl.ac.uk/iris/browse/profile?upi=MDAVI86 1
34 http://iris.ucl.ac.uk/iris/browse/researchGroup/1400 2
