31 http://mig.cs.ucl.ac.uk/index.php?n=GHZhang.MPHYGB24 1
31 http://www0.cs.ucl.ac.uk/research/medic/ismrm/jobs/CCICPhD_microstructure4.pdf 0
31 http://mig.cs.ucl.ac.uk/index.php?n=People.MPHYGB24 0
31 http://mig.cs.ucl.ac.uk/index.php?n=People.GHZhang 1
31 http://mig.cs.ucl.ac.uk/index.php?n=Tutorial.MISST 1
31 http://mig.cs.ucl.ac.uk/index.php?n=Main.Resources 1
31 http://medicalimaging-cdt.ucl.ac.uk/news/microstructure-imaging-of-nerve-regeneration-network 0
31 http://mig.cs.ucl.ac.uk/index.php?n=Dr.IvanaDrobnjak 1
31 http://mig.cs.ucl.ac.uk/index.php?n=Main.Research 2
31 http://www.ucl.ac.uk/medphys/msc/mscprojects12 0
31 http://iris.ucl.ac.uk/iris/browse/researchActivity/815 1
31 http://mig.cs.ucl.ac.uk/index.php?n=Download.RecentChanges 0
31 http://mig.cs.ucl.ac.uk/index.php?n=Tutorial.GENsim 0
31 http://mig.cs.ucl.ac.uk/index.php?n=Vacancy.Placenta 1
31 http://www0.cs.ucl.ac.uk/staff/D.Alexander/Research.html 1
31 http://mig.cs.ucl.ac.uk/index.php?n=GHZhang.MPHYGB97 1
31 http://mig.cs.ucl.ac.uk/index.php?n=Main.AwayDays 1
31 http://mig.cs.ucl.ac.uk/index.php?n=GHZhang.MScMICProjects 1
31 http://mig.cs.ucl.ac.uk/index.php?n=Main.GENsim 1
31 http://mig.cs.ucl.ac.uk/index.php?n=Vacancy.RecentChanges 1
31 http://www0.cs.ucl.ac.uk/staff/I.Drobnjak 1
31 http://cmic.cs.ucl.ac.uk/research 1
31 http://mig.cs.ucl.ac.uk/index.php?n=Main.Publications 2
31 http://camino.cs.ucl.ac.uk/index.php?n=Main.Tutorials 1
31 http://mig.cs.ucl.ac.uk/index.php?n=Main.PublicEngagement 2
31 http://www.ucl.ac.uk/ion/articles/vacancies/quantitativemriphd 1
31 http://mig.cs.ucl.ac.uk/index.php?n=People.RecentChanges 1
31 http://iris.ucl.ac.uk/iris/browse/researchGroup/1465 2
31 http://www.ucl.ac.uk/CNT/list 0
31 http://mig.cs.ucl.ac.uk/index.php?n=Main.UsefulLinks 0
31 http://www0.cs.ucl.ac.uk/staff/I.Drobnjak/MIGThesis.html 1
31 http://mig.cs.ucl.ac.uk/index.php?n=People.AIanus 1
31 http://mig.cs.ucl.ac.uk/index.php?n=Site.Search 1
31 http://mig.cs.ucl.ac.uk/index.php?n=Main.Website 0
31 http://mig.cs.ucl.ac.uk 2
31 http://www.ucl.ac.uk/cmic/research 1
31 http://iris.ucl.ac.uk/iris/browse/profile?upi=HZHAN50 1
31 http://mig.cs.ucl.ac.uk/index.php?n=Main.IDrobnjak 0
31 http://mig.cs.ucl.ac.uk/index.php?n=Main.RecentChanges 1
31 http://iris.ucl.ac.uk/iris/browse/profile?upi=DALEX06 1
31 http://mig.cs.ucl.ac.uk/index.php?n=Main.Vacancies 1
31 http://mig.cs.ucl.ac.uk/index.php?n=Main.Projects 2
31 http://mig.cs.ucl.ac.uk/index.php?n=Main.Computing 0
31 http://mig.cs.ucl.ac.uk/index.php?n=Main.HomePage 2
31 http://mig.cs.ucl.ac.uk/index.php 2
