39 http://dockmonitor.blogs.casa.ucl.ac.uk/archives/tag/millharbour-millwall 2
39 http://www.ucl.ac.uk/library/borrowing 0
39 http://dockmonitor.blogs.casa.ucl.ac.uk/archives/tag/serpentine-car-park-hyde-park 0
39 http://bioinfadmin.cs.ucl.ac.uk:8080/JSPWiki/Login.jsp 0
39 http://dockmonitor.blogs.casa.ucl.ac.uk/archives/tag/malet-street-bloomsbury 0
39 http://www.ucl.ac.uk/staff/personal-matters 2
39 http://solarb.mssl.ucl.ac.uk/eiswiki 0
39 http://blogs.ucl.ac.uk/events/2013/05/08/lost-and-found-in-translation-honorary-british-dramatists 1
39 http://readinglists.ucl.ac.uk/items/830CB666-9D8F-D5A1-ABFA-E2702A3FD306.html 1
39 http://bioinfadmin.cs.ucl.ac.uk:8080/JSPWiki/Wiki.jsp?page=LoginHelp 0
39 http://readinglists.ucl.ac.uk/items/92550A3B-5091-93B3-A8C0-295FAC401EFA.html 0
39 http://www.ucl.ac.uk/estates/security/lost-property/lost-property-enquiry-sheet.docx 2
39 http://bioinfadmin.cs.ucl.ac.uk:8080/JSPWiki/Login.jsp?redirect=RecentChanges 0
39 http://solarb.mssl.ucl.ac.uk/eiswiki/Wiki.jsp?page=SqlSearch 0
39 http://dockmonitor.blogs.casa.ucl.ac.uk/category/lost-and-found/page/2 1
39 http://www.ucl.ac.uk/estates/security 2
39 http://www.ucl.ac.uk/estates/news/a-z-services/security-at-UCL/lost-and-found-property 2
39 http://www.ucl.ac.uk/gee/gee-news-publication/20110504-1 1
39 http://www.ucl.ac.uk/estates/security/lost-property 2
39 http://solarb.mssl.ucl.ac.uk/eiswiki/Login.jsp?redirect=EisCoreStudy 0
39 http://discovery.ucl.ac.uk/1423866 1
39 http://discovery.ucl.ac.uk/40883 1
39 http://discovery.ucl.ac.uk/240415 1
39 http://dockmonitor.blogs.casa.ucl.ac.uk/archives/tag/bramham-gardens-earls-court 1
39 http://discovery.ucl.ac.uk/16294 1
39 http://discovery.ucl.ac.uk/80478 1
39 http://discovery.ucl.ac.uk/174101 1
39 http://dockmonitor.blogs.casa.ucl.ac.uk/archives/tag/eaton-gate-belgravia 1
39 http://dockmonitor.blogs.casa.ucl.ac.uk/archives/date/2012/06 1
39 http://iris.ucl.ac.uk/iris/publication/831997/1 1
39 http://discovery.ucl.ac.uk/27761 1
39 http://discovery.ucl.ac.uk/167803 1
39 http://dockmonitor.blogs.casa.ucl.ac.uk/archives/tag/wenlock-road-hoxton 1
39 http://bioinfadmin.cs.ucl.ac.uk:8080/JSPWiki/Wiki.jsp?page=About 0
39 http://discovery.ucl.ac.uk/1372472 1
39 http://www.ucl.ac.uk/estates/news/faqs 2
39 http://bioinfadmin.cs.ucl.ac.uk:8080/JSPWiki/Wiki.jsp?page=MoreMenu 0
39 http://bioinfadmin.cs.ucl.ac.uk:8080/JSPWiki/Wiki.jsp?page=Main 0
39 http://www.ucl.ac.uk/basc/prospective/pathways/cultures/ENGL 0
39 http://dockmonitor.blogs.casa.ucl.ac.uk/archives/tag/triangle-car-park-hyde-park 1
39 http://dockmonitor.blogs.casa.ucl.ac.uk/archives/date/2012/01 1
39 http://bioinfadmin.cs.ucl.ac.uk:8080/JSPWiki/Wiki.jsp?page=TitleBox 0
39 http://dockmonitor.blogs.casa.ucl.ac.uk/archives/date/2011/04 1
39 http://bioinfadmin.cs.ucl.ac.uk:8080/JSPWiki/Wiki.jsp?page=CopyrightNotice 0
39 http://www.ucl.ac.uk/srs/parents/security 2
39 http://www.ucl.ac.uk/staff/personal-matters/personal-matter/q.shtml?lost_property 2
39 http://www.ucl.ac.uk/library/special-collections/highlights-treasures 0
39 http://discovery.ucl.ac.uk/47663 1
39 http://www.ucl.ac.uk/estates/security/systems 2
39 http://www.icn.ucl.ac.uk/nburgess/papers/Pengas2010_memory_AD_SD.pdf 1
39 http://blogs.ucl.ac.uk/museums/2011/05/31/not-so-lost-cities 1
39 http://discovery.ucl.ac.uk/1401333 1
39 http://dockmonitor.blogs.casa.ucl.ac.uk/category/lost-and-found 1
39 http://dockmonitor.blogs.casa.ucl.ac.uk/category/lost-and-found/page/3 1
39 http://dockmonitor.blogs.casa.ucl.ac.uk/archives/tag/finsbury-circus-liverpool-street 1
39 http://www.ucl.ac.uk/estates/security 2
39 http://dockmonitor.blogs.casa.ucl.ac.uk/archives/tag/queen-marysmile-end 0
39 http://dockmonitor.blogs.casa.ucl.ac.uk/archives/date/2011/07/page/2 1
