26 http://blogs.ucl.ac.uk/events/tag/ucl-2034 1
26 http://www.ucl.ac.uk/news/staff/staff-news/0615/26062015-provosts-view-women-in-science 1
26 http://www.ucl.ac.uk/hr/od/pdp/sdwil/index.php 0
26 http://www.ucl.ac.uk/news/headlines/0913/270913-Michael-Arthur-interview 2
26 http://www.ucl.ac.uk/global/partnerships-collaborations/santander-universities 0
26 http://www.ucl.ac.uk/infection-sense/news/provostvisit 1
26 http://www.ucl.ac.uk/library/content/accs/accs0116.htm 0
26 http://www.ucl.ac.uk/biosciences/biosciences-news-publication/2014-green-impact-award-for-darwin-building 1
26 http://blogs.ucl.ac.uk/events/tag/provost/page/2 1
26 http://www.ucl.ac.uk/teaching-learning/tl-news/provost-michael-arthur-arena-principal-fellowship 2
26 http://www.london-nano.com/our-people/%5Bfield_people_section-raw%5D/neil-curson 0
26 http://blogs.ucl.ac.uk/events/category/student-life 0
26 http://www.ucl.ac.uk/provost/contact 2
26 http://www.ucl.ac.uk/news/staff/staff-news/1115/19112015-provosts-view-government-green-paper 1
26 http://www.ucl.ac.uk/news/students/062015/062015-12062015-provosts-perspective-teaching-awards-2015 1
26 http://events.ucl.ac.uk/event/event:xe-hobmesz1-pt3gqx/why-isnt-my-professor-black 1
26 http://www.ucl.ac.uk/enterprise/about/awards/2014/gallery1 1
26 http://events.ucl.ac.uk/event/event:zcv-id1qtkxy-8hdw3b/health-gap-a-conversation 1
26 http://www.ucl.ac.uk/ioe/news-events/news-pub/jan-2016/gillian-anderson-ioe-reading-recovery 1
26 http://www.ucl.ac.uk/teaching-learning/tl-news/provost-ucl-teaching-learning-conference-speech 2
26 http://www.ucl.ac.uk/professional-services/prof-services-conference 1
26 http://www.ucl.ac.uk/provost 2
26 http://www.ee.ucl.ac.uk/undergraduate/success-for-the-department-at-the-provosts-engineering-engagement-awards 1
26 http://www.ucl.ac.uk/news/staff/staff-news/1013/09102013-provost-long-view-vision-for-ucl 2
26 http://blogs.ucl.ac.uk/events/tag/michael-arthur 2
26 http://www.ucl.ac.uk/live/diversity 1
26 http://blogs.ucl.ac.uk/events/category/uncategorized 0
26 http://www.ucl.ac.uk/provost/biography 2
26 http://blogs.ucl.ac.uk/events/tag/provost 2
26 http://www.ucl.ac.uk/public-policy/events 0
26 http://www.ucl.ac.uk/stream/media/swatch?v=7eb6f753e244 1
26 http://www.ucl.ac.uk/mecheng/mecheng-news-publications/media_communicator_2014 1
26 http://blogs.ucl.ac.uk/events/category/professional-services 0
26 http://www.london-nano.com/about/organisation/advisory-board 0
26 http://www.ucl.ac.uk/mecheng/mecheng-news-publications/NAS-award-stuff-matters 0
26 http://www.ucl.ac.uk/european-institute/news-repository/2013-14/provost 2
26 http://www.ucl.ac.uk/news/news-articles/0813/130902-Professor-Michael-Arthur-starts-as-UCL-President-and-Provost 2
26 http://www.ucl.ac.uk/unions/UCU/index.htm 0
26 http://www.london-nano.com/our-people/%5Bfield_people_section-raw%5D/cyrus-hirjibehedin 0
26 http://blogs.ucl.ac.uk/events/tag/scholarships 0
26 http://blogs.ucl.ac.uk/events/tag/philanthropy 0
26 http://events.ucl.ac.uk/event/event:fbl-icpzwpzz-qxkty2/ucl-provosts-lunch-hour-lecture 2
26 http://blogs.ucl.ac.uk/ucl-global/2015/02 0
26 http://www.ucl.ac.uk/news/news-articles/1212/101212-provostnewsannouncement 1
26 http://www.ucl.ac.uk/news/news-articles/1212/121210-Professor-Michael-Arthur-to-be-new-President-and-Provost-of-UCL 2
26 http://www.ucl.ac.uk/hr/equalities/contacts/index.php 0
26 http://www.ucl.ac.uk/hr/od/pdp/sdpw/index.php 2
26 http://www.ucl.ac.uk/news/staff/staff-news/0114/290114-provostlongviewdiversity 2
26 http://blogs.ucl.ac.uk/events/2015/10/19/ucl-president-provosts-lunch-hour-lecture 2
26 http://www.ucl.ac.uk/ref2014/ref2014-results/UCL-REF2014-Results 0
26 http://www.ucl.ac.uk/srs/governance-and-committees/committees/isgc 1
26 http://www.ucl.ac.uk/festival-of-the-arts/podcasts 0
26 http://www.ucl.ac.uk/new-students/news/0000-inspire-me/professor-michael-arthur-inspire-me 2
26 http://www.ucl.ac.uk/crick/opportunities 1
26 http://www.london-nano.com/our-people/%5Bfield_people_section-raw%5D/des-mcmorrow 0
26 http://www.ucl.ac.uk/news/news-articles/0414/060414-challenges-in-uae 1
