15 http://www.ucl.ac.uk/~ucahcjm/combopt/combopt_ex_1.pdf 0
15 http://www.uclb.com/technologies/maxflow-software 0
15 http://discovery.ucl.ac.uk/1334459 0
15 http://iris.ucl.ac.uk/iris/browse/profile/publications/paged?isFirstReq=true&isLastPage=false&itemsPerPage=10&orderBy=4+D&pageNum=1&upi=JPETK66 0
15 http://www.cs.ucl.ac.uk/mobile/students/undergrad_inf/curriculum/year_3_bsc_cs 1
15 http://daase.cs.ucl.ac.uk/news 0
15 http://discovery.ucl.ac.uk/14631 0
15 http://www.ucl.ac.uk/~ucahcjm/combopt/solns6_09.pdf 0
15 http://www.icn.ucl.ac.uk/nburgess/papers/index.html 0
15 http://www.ucl.ac.uk/~ucahcjm/combopt/combopt_ex_6.pdf 0
15 http://web4.cs.ucl.ac.uk/staff/jun.wang/blog/topics/uncategorized 0
15 http://www.ucl.ac.uk/~ucahcjm/combopt/solns1_09.pdf 0
15 http://www.ucl.ac.uk/~ucahcjm/combopt/solns7_09.pdf 0
15 http://www.cs.ucl.ac.uk/teaching_learning/undergrad_inf/curriculum/year_3_meng_cs 1
15 http://www.cs.ucl.ac.uk/teaching_learning/student_information/individual_projects/projects_with_internal_supervisors 0
15 http://www.ucl.ac.uk/~ucahcjm/combopt/combopt_ex_5.pdf 0
15 http://web4.cs.ucl.ac.uk/staff/jun.wang/blog/2014/07/24/yahoo-faculty-research-and-engagement-award 0
15 http://discovery.ucl.ac.uk/20202 0
15 http://readinglists.ucl.ac.uk/departments/maths_map.html 0
15 http://daase.cs.ucl.ac.uk/people 0
15 http://www.ucl.ac.uk/~ucahcjm/combopt/combopt_ex_4.pdf 0
15 http://web4.cs.ucl.ac.uk/staff/jun.wang/blog 0
15 http://discovery.ucl.ac.uk/171122 0
15 http://www.ucl.ac.uk/prospective-students/study-abroad-ucl/study-abroad-guide/modules 0
15 http://discovery.ucl.ac.uk/view/year/1987.html 0
15 http://www.ucl.ac.uk/biochemeng/industry/epsrc/team/accordion-staff/sf 0
15 http://readinglists.ucl.ac.uk/modules/math3502.html 1
15 http://www.ucl.ac.uk/~ucahcjm/combopt/combopt_ex_2.pdf 0
15 http://web4.cs.ucl.ac.uk/staff/jun.wang/blog/2014/07 0
15 http://www.ucl.ac.uk/prospective-students/study-abroad-ucl/study-abroad-guide/subjects/mathematics 0
15 http://sebase.cs.ucl.ac.uk/members/project_members 0
15 http://www.cs.ucl.ac.uk/mobile/students/undergrad_inf/curriculum/year_3_meng_math_computation 1
15 http://www.ucl.ac.uk/biochemeng/students/course_modules/bengm023 0
15 http://www.cs.ucl.ac.uk/teaching_learning/undergrad_inf/curriculum/year_3_bsc_cs 1
15 http://www.ucl.ac.uk/rps_includes/RPSDATA.SVC/pubs/ippar53?orderby=year 0
15 http://www.cs.ucl.ac.uk/mobile/students/undergrad_inf/curriculum/year_3_meng_cs 1
15 http://vis.cs.ucl.ac.uk/publications 0
15 http://www.ucl.ac.uk/~ucahcjm/combopt/solns3_09.pdf 0
15 http://www.cs.ucl.ac.uk/teaching_learning/undergrad_inf/curriculum/year_3_meng_math_computation 1
15 http://www.uclb.com/technologies/maxflow-software?size=2 0
15 http://www.ucl.ac.uk/maths/courses/undergraduates/modules/year3/math3502 2
15 http://crest.cs.ucl.ac.uk/news/archive 0
15 http://www.ucl.ac.uk/maths/courses/undergraduates/modules/year3/year3_syllabuses/3502 1
15 http://quaestio.blogweb.casa.ucl.ac.uk/category/research 0
15 http://www.ucl.ac.uk/~ucahcjm/combopt/solns2_09.pdf 0
15 http://www.ucl.ac.uk/maths/courses/undergraduates 1
15 http://www.ucl.ac.uk/prospective-students/study-abroad-ucl/study-abroad-guide/modules/math3502 2
15 http://cip.cs.ucl.ac.uk/staff 0
15 http://www.ucl.ac.uk/~ucahcjm/combopt/solns5_09.pdf 0
15 http://iris.ucl.ac.uk/iris/browse/profile/publications/paged?isFirstReq=true&isLastPage=false&itemsPerPage=10&orderBy=4+D&pageNum=1&upi=IPPAR53 0
15 http://www.ucl.ac.uk/~ucahcjm/combopt/combopt_ex_7.pdf 0
15 http://discovery.ucl.ac.uk/91149 0
15 http://crest.cs.ucl.ac.uk/news 0
15 http://timetable.ucl.ac.uk/tt/moduleTimet.do?acadYearFl=N&firstReq=Y&moduleId=MATH3502 1
15 http://www.ucl.ac.uk/~ucahcjm/combopt/combopt_ex_3.pdf 0
15 http://crest.cs.ucl.ac.uk/publications 0
15 http://www.ucl.ac.uk/~ucahcjm/combopt/solns4_09.pdf 0
15 http://discovery.ucl.ac.uk/191 0
