14 http://readinglists.ucl.ac.uk/lists/3928D1B3-F34F-B8BA-A65B-740DD61FF82E/bibliography.pdf?style=nature 0
14 http://www.ucl.ac.uk/history/undergraduate/affiliate_students/affiliate_handbook/Assessment_2012-13 0
14 http://www.ucl.ac.uk/srs/governance-and-committees/qme/ucl-prog-specs/shs-prog-specs/BA-Ancient-History.doc 0
14 http://www.ucl.ac.uk/prospective-students/undergraduate/degrees/history-ba 1
14 http://blogs.ucl.ac.uk/cchh 0
14 http://www.ucl.ac.uk/spp/people/academic/richard-bellamy 0
14 http://www.ucl.ac.uk/history/people/academic-staff/john-sabapathy/john-sabapathy 1
14 http://readinglists.ucl.ac.uk/lists/EFBDAB28-6E1D-FBA9-1D7E-87540F9AB805/bibliography.pdf?style=acm-sig-proceedings 0
14 http://www.ucl.ac.uk/fatks/classification_system.htm 0
14 http://blogs.ucl.ac.uk/museums/category/engineering-collections 0
14 http://blogs.ucl.ac.uk/cchh/2013/07 0
14 http://blogs.ucl.ac.uk/cchh/tag/religion 0
14 http://blogs.ucl.ac.uk/cchh/tag/china 0
14 http://quaestio.blogweb.casa.ucl.ac.uk 0
14 http://blogs.ucl.ac.uk/cchh/2013/07/05 0
14 http://www.ucl.ac.uk/prospective-students/undergraduate/degrees/history-year-abroad-ba/2016 1
14 http://readinglists.ucl.ac.uk/lists/3928D1B3-F34F-B8BA-A65B-740DD61FF82E.pdf 0
14 http://www.ucl.ac.uk/prospective-students/undergraduate/degrees/ancient-history-ba 1
14 http://readinglists.ucl.ac.uk/modules/hist1008.html 2
14 http://www.ucl.ac.uk/teaching-learning/events/conference/2016/UCLTL2016Abstracts 0
14 http://blogs.ucl.ac.uk/cchh/tag/mediaeval 0
14 http://www.ucl.ac.uk/institute-of-advanced-studies/research 0
14 http://discovery.ucl.ac.uk/1317693 0
14 http://www.ucl.ac.uk/basc/prospective/pathways/cultures 0
14 http://www.ucl.ac.uk/qatar/study/short-courses 0
14 http://www.ucl.ac.uk/sts/staff/tobin 0
14 http://www.ucl.ac.uk/prospective-students/undergraduate/degrees/history-ba 1
14 http://blogs.ucl.ac.uk/dpublog/2016/02/19/from-theory-to-practice-real-life-social-policy-for-development 0
14 http://www.ucl.ac.uk/north/bio 0
14 http://readinglists.ucl.ac.uk/lists/EFBDAB28-6E1D-FBA9-1D7E-87540F9AB805/bibliography.pdf?style=vancouver 0
14 http://www.ucl.ac.uk/prospective-students/undergraduate/degrees/history-ba/2017 1
14 http://www.ucl.ac.uk/history/undergraduate/current-undergraduates/core_courses/hist1002 2
14 http://www.ucl.ac.uk/history/undergraduate/current-undergraduates/UCL-History-Undergraduate-Timetable 0
14 http://iris.ucl.ac.uk/iris/browse/profile?upi=RWSAL86 0
14 http://www.ucl.ac.uk/prospective-students/undergraduate/degrees/history-european-language-ba/2016 1
14 http://www.ucl.ac.uk/history/undergraduate/current-undergraduates/core_courses 1
14 http://blogs.ucl.ac.uk/researchers-in-museums/projects-exhibitions/foreign-bodies 0
14 http://www.ucl.ac.uk/CNDA/about/papers/index.html 0
14 http://www.fil.ion.ucl.ac.uk/spm/doc 0
14 http://www.ucl.ac.uk/history/undergraduate/current-undergraduates/your_degree/course-types 1
14 http://readinglists.ucl.ac.uk/lists/3928D1B3-F34F-B8BA-A65B-740DD61FF82E/bibliography.pdf?style=royal-society-of-chemistry 0
14 http://blogs.ucl.ac.uk/museums/2011/03 0
14 http://readinglists.ucl.ac.uk/departments/histr_shs.html 0
14 http://www.ucl.ac.uk/history/people/academic-staff/hans-vanwees/hans-vanwees 0
14 http://blogs.ucl.ac.uk/museums/category/uncategorized 0
14 http://blogs.ucl.ac.uk/cchh/category/history 0
14 http://www.ucl.ac.uk/prospective-students/undergraduate/degrees/history-european-language-ba 1
14 http://blogs.ucl.ac.uk/museums/category/uclart 0
14 http://blogs.ucl.ac.uk/museums/category/octagon-gallery 0
14 http://www.ucl.ac.uk/archaeology/studying/undergraduate/degrees/ba_history_egyptology/structure 1
14 http://www.ucl.ac.uk/srs/governance-and-committees/qme/ucl-prog-specs/shs-prog-specs/BA-History-with-a-year-abroad.doc 0
14 http://blogs.ucl.ac.uk/cchh/2013/07/05/daoists-doctors-and-deviants-in-early-medieval-china 0
14 http://blogs.ucl.ac.uk/cchh/tag/medicine 0
14 http://www.ucl.ac.uk/history/undergraduate/current-undergraduates/core_courses/hist1008 2
14 http://www.ucl.ac.uk/prospective-students/undergraduate/degrees/ancient-history-ba/2016 1
14 http://www.ucl.ac.uk/history/undergraduate/current-undergraduates/ug_course_choices/history_students/first-year-choices 1
14 http://www.ucl.ac.uk/history/undergraduate/current-undergraduates/core_courses/hist1002/hist1002 0
