6 http://www.ucl.ac.uk/advances/advances-programmes/applab 0
6 http://www.ucl.ac.uk/advances/advances-stories 1
6 http://www.ucl.ac.uk/advances/partners 0
6 http://www.ucl.ac.uk/advances/people 1
6 http://www.ucl.ac.uk/advances/advances-programmes/enterprise-scholarships 1
6 http://www.ucl.ac.uk/advances/competitions 1
6 http://www.ucl.ac.uk/advances/advances-programmes/lbs-electives 1
6 http://www.ucl.ac.uk/advances/advances-programmes/bright-ideas 1
6 http://www.ucl.ac.uk/advances/advances-programmes/summer-programme/2016/aia 1
6 http://www.ucl.ac.uk/advances/advances-stories/aire-access-to-financial-products-for-everybody 0
6 http://www.ucl.ac.uk/advances/giving-back 0
6 http://www.ucl.ac.uk/advances/advances-programmes/entrepreneurship-guest-lectures 0
6 http://www.ucl.ac.uk/prospective-students/graduate/life/international 0
6 http://www.ucl.ac.uk/advances/terms-and-conditions 1
6 http://www.ucl.ac.uk/advances/vacancies-tenders 1
6 http://www.ucl.ac.uk/advances/advances-programmes/enterprise-boot-camp 1
6 http://www.ucl.ac.uk/advances/departmental-policies 1
6 http://www.ucl.ac.uk/advances/advances-events/2016 1
6 http://wiki.ucl.ac.uk/dashboard/configurerssfeed.action 0
6 http://www.ucl.ac.uk/enterprise 0
6 http://www.uclb.com/news-and-events/news-post/759 1
6 http://www.ucl.ac.uk/advances/grow 1
6 http://www.ucl.ac.uk/advances/advances-programmes/one-to-one-business-advice 1
6 http://www.ucl.ac.uk/advances/supporters 0
6 http://www.ucl.ac.uk/advances/advances-programmes/student-consultancy-projects 1
6 http://www.ucl.ac.uk/advances/advances-programmes/hatchery 1
6 http://www.ucl.ac.uk/advances/connect 1
6 http://www.ucl.ac.uk/advances/giving-back 0
6 http://search2.ucl.ac.uk/search/search.cgi?collection=ucl-public-meta&form=advanced 0
6 http://www.ucl.ac.uk/advances/advances-programmes/summer-internships 1
6 http://www.ucl.ac.uk/advances/terms-and-conditions 1
6 http://www.ucl.ac.uk/advances/learn 1
6 http://www.ucl.ac.uk/advances/advances-programmes/short-courses-for-entrepreneurs 1
6 http://www.ucl.ac.uk/advances/advances-events/2016/leadership-and-management-20-04-16 0
6 http://www.ucl.ac.uk/advances/start 1
6 http://www.ucl.ac.uk/advances 2
6 http://www.ucl.ac.uk/advances/events-viewer 1
6 http://www.ucl.ac.uk/advances/business-directory 1
6 http://www.ucl.ac.uk/advances/contact 1
6 http://www.ucl.ac.uk/advances/advances-programmes 1
6 http://www.ucl.ac.uk/advances/about 1
6 http://www.ucl.ac.uk/advances/vacancies-tenders/kea 0
6 http://www.ucl.ac.uk/advances/advances-programmes/short-courses-for-entrepreneurs/courses 1
