50 http://www.cs.ucl.ac.uk/computer_science_news/?newtemplate=1 2
50 http://www.ucl.ac.uk/maps/russell-square-station 0
50 http://www.ucl.ac.uk/maps/downloads/ucl-bloomsbury-campus-map 0
50 http://www.cs.ucl.ac.uk/mobile/computer_science_news/article/ucl-students-win-google-firebase-hackathon 2
50 http://discovery.ucl.ac.uk/1221727/1/1221727.pdf 0
50 http://www.cs.ucl.ac.uk/computer_science_news 2
50 http://www.ucl.ac.uk/anthropology/news-and-events/newsletter/Anthropolitan-8-low.pdf 0
50 http://www.ucl.ac.uk/maps/public-transport 0
50 http://www.cs.ucl.ac.uk/computer_science_news/?newtemplate=1 2
50 http://www.ucl.ac.uk/staff 0
50 http://www.ucl.ac.uk/museums/zoology/whats-on 0
50 http://www.ucl.ac.uk/maps/euston-station 0
50 http://www.ucl.ac.uk/museums/zoology/whats-on 0
50 http://www.cs.ucl.ac.uk/home/?id=4059 1
50 http://www.ucl.ac.uk/maps/downloads 0
50 http://www.ucl.ac.uk/maps/euston-square-station 0
50 http://www.cs.ucl.ac.uk/mobile/computer_science_news/?newtemplate=1%27A%3D0 2
50 http://www.ucl.ac.uk/maps/dms-watson-building 0
50 http://www.cs.ucl.ac.uk/computer_science_news/article/ucl-students-win-google-firebase-hackathon 2
50 http://www.cs.ucl.ac.uk/computer_science_news 2
50 http://discovery.ucl.ac.uk/1221727/1/1221727.pdf 0
50 http://www.cs.ucl.ac.uk/mobile/computer_science_news 2
50 http://www.ucl.ac.uk/maps/warren-street-station 0
50 http://quaestio.blogweb.casa.ucl.ac.uk/35-big-data-and-high-speed-analytics 0
50 http://quaestio.blogweb.casa.ucl.ac.uk/dna 0
50 http://www.ucl.ac.uk/silva/art-history/people/academic-staff/maria-loh/pdfs/loh_oaj_32_2 0
50 http://www.cs.ucl.ac.uk/home/?id=4059 1
50 http://www.cs.ucl.ac.uk/computer_science_news/article/ucl-students-win-google-firebase-hackathon 2
50 http://www.ucl.ac.uk/maps 0
50 http://quaestio.blogweb.casa.ucl.ac.uk/about 0
50 http://www.ucl.ac.uk/maps/ucl-maps 0
50 http://www.cs.ucl.ac.uk/mobile/computer_science_news 2
50 http://quaestio.blogweb.casa.ucl.ac.uk/author-bio 0
50 http://www.ucl.ac.uk/anthropology/news-and-events/newsletter/Anthropolitan-8-low.pdf 0
50 http://www.ucl.ac.uk/maps/kings-cross-station 0
50 http://www.ucl.ac.uk 0
50 http://www.ucl.ac.uk/silva/art-history/people/academic-staff/maria-loh/pdfs/loh_oaj_32_2 0
