36 http://blogs.ucl.ac.uk/museums/2011/07 0
36 http://www.ucl.ac.uk/transition 2
36 http://www.ucl.ac.uk/alumni/groups/rumsalumni/accordian/sportsandsocieties 1
36 http://www.ucl.ac.uk/news/news-articles/0913/270913-UCLU-Welcome-Fair-on-Storify 2
36 http://www.ucl.ac.uk/registry-admin/pug_minutes/documents/New%20Students%202012-13.pdf 2
36 http://blogs.ucl.ac.uk/ucl-careers/tag/recruiters 0
36 http://www.ucl.ac.uk/iss/orientation/onlineinduction/laura-interview 1
36 http://www.ucl.ac.uk/silva/news/news-articles/0309/history-summer-school 1
36 http://blogs.ucl.ac.uk/ucl-careers/tag/graduate-schemes 0
36 http://www.silva-sandbox.ucl.ac.uk/economics/undergraduate/information-for-new-students/induction18sep14.pdf 1
36 http://blogs.ucl.ac.uk/ucl-careers/tag/internships 0
36 http://www.ucl.ac.uk/chemistry/undergraduate/courses/synopses/year1/1004_evaluation_0910.pdf 0
36 http://blogs.ucl.ac.uk/ucl-careers/tag/pwc 0
36 http://blogs.ucl.ac.uk/ucl-careers/2016/02/02/ucl-medical-students-success-at-pwc-opportunity-challenge-congratulations 0
36 http://blogs.ucl.ac.uk/museums/2015/10/09/all-hands-on-deck-the-petrie-team-welcome-term 1
36 http://blogs.ucl.ac.uk/ucl-careers/tag/volunteering 1
36 http://www.ucl.ac.uk/library 0
36 http://www.ucl.ac.uk/iss/orientation/onlineinduction/alfred-interview 1
36 http://blogs.ucl.ac.uk/ucl-careers/tag/vsu 1
36 http://www.ucl.ac.uk/history/undergraduate/affiliate_students/history-affiliate-programme-information/Induction-week 2
36 http://www.ucl.ac.uk/news/staff/staff-news/21092011-freshersfayre 2
36 http://blogs.ucl.ac.uk/ucl-careers/tag/fair 0
36 http://www.ucl.ac.uk/economics/undergraduate/information-for-new-students/Economist_s_Society_Letter_2013 1
36 http://www.cs.ucl.ac.uk/mobile/degrees/common_pages/careers_after_graduating 0
36 http://www.engineering.ucl.ac.uk/engineers-without-borders/news-articles 1
36 http://blogs.ucl.ac.uk/ucl-careers/tag/business-competation 0
36 http://www.engineering.ucl.ac.uk/engineers-without-borders/news/october-update-time-flies-when-youre-having-fun 1
36 http://www.cs.ucl.ac.uk/degrees/common_pages/careers_after_graduating 0
36 http://www.ucl.ac.uk/clie/CourseUnits/Staff/Meetings/Minutes/TeachingCommitteeMeeting2005-09-21Minutes.pdf 2
36 http://blogs.ucl.ac.uk/events/2016/02/02/ucl-professional-services-conference-2016 1
36 http://wiki.ucl.ac.uk/display/MoodleResourceCentre/Enrolment+-+Portico+enrolments 1
36 http://www.ucl.ac.uk/basc/current/societies 2
36 http://blogs.ucl.ac.uk/ucl-careers/tag/jobs 0
36 http://blogs.ucl.ac.uk/ucl-careers/tag/careers-fair 0
36 http://www.ucl.ac.uk/news/students/102015/102015-03102015-provosts-perspective-welcome 2
36 http://www.ucl.ac.uk/lgbtalk/about-us/LGBTalk-constitution 2
36 http://www.ucl.ac.uk/brain-sciences/students/international-student-welcome 2
36 http://www.ucl.ac.uk/privacy/live-ucl 0
36 http://www.ucl.ac.uk/economics/undergraduate/information-for-students/registration-info/induction-week-timetable02sep15.pdf 2
36 http://blogs.ucl.ac.uk/ucl-careers/tag/ucl 0
36 http://www.ucl.ac.uk/transition/blogs 2
36 http://blogs.ucl.ac.uk/ucl-careers/category/competition 0
