5 http://www.ucl.ac.uk/prospective-students/graduate/apply-graduate-study/complete/eligibility/english-language 0
5 http://www.ucl.ac.uk/english-usage/projects/grammar-teaching 1
5 http://www.ucl.ac.uk/english/prospective/MA_EnglishLinguistics 1
5 http://iris.ucl.ac.uk/iris/browse/profile?upi=SHLAA17 0
5 http://www.ucl.ac.uk/english/prospective/mphil-eng-lang 1
5 http://www.ucl.ac.uk/clie/CourseUnits/Information/EAP/Courses/LCEN6001 0
5 http://www.ucl.ac.uk/mathematical-physical-sciences/undergraduate-study/mathematics 0
5 http://www.ucl.ac.uk/clie/short-courses/summer-spring-english-courses 1
5 http://blogs.ucl.ac.uk/events/tag/ucl-english-language-literature 0
5 http://www.ucl.ac.uk/english-usage 1
5 http://www.ucl.ac.uk/prospective-students/study-abroad-ucl/study-abroad-guide/how-to-apply/english-language 0
5 http://www.ucl.ac.uk/prospective-students/undergraduate/application/requirements/preferred-a-level-subjects 0
5 http://www.ucl.ac.uk/prospective-students/graduate/life/international 0
5 http://www.cs.ucl.ac.uk/mobile/degrees/phd_programme/entry_requirements 0
5 http://www.ucl.ac.uk/library/subject-support/guides 0
5 http://www.ucl.ac.uk/library/subject-support/guides/translation-studies 0
5 http://www.ucl.ac.uk/srs/academic-manual/c1/research-degree-admissions/english-lang 0
5 http://www.ucl.ac.uk/prospective-students/graduate/taught/requirements 0
5 http://courses.grad.ucl.ac.uk/list-training.pht 0
5 http://www.ucl.ac.uk/english/current/undergraduate 1
5 http://www.ucl.ac.uk/english-usage/archives/seu-biblio.htm 0
5 http://www.ucl.ac.uk/prospective-students/international/before-you-apply/english-language-requirements 0
5 http://www.ucl.ac.uk/library/subject-support/garside 0
5 http://www.ucl.ac.uk/clie/CourseUnits 1
5 http://www.ucl.ac.uk/library/special-collections/audio 0
5 http://www.ucl.ac.uk/clie 2
5 http://iris.ucl.ac.uk/iris/browse/department/AG 2
5 http://www.ucl.ac.uk/prospective-students/study-abroad-ucl/study-abroad-guide/modules/engl3012 1
5 http://iris.ucl.ac.uk/iris/browse/researchTheme/32 0
5 http://www.ucl.ac.uk/library/subject-support/guides/english 1
5 http://www.ucl.ac.uk/silva/english/prospective/BA_English 1
5 http://www.ucl.ac.uk/mathematical-physical-sciences/undergraduate-study/chemistry 0
5 http://www.ucl.ac.uk/srs/academic-manual/documents/annexes/chapter-1-annexes/annex-1-6-english-language-proficiency-requirements 0
5 http://www.ucl.ac.uk/prospective-students/undergraduate/application/requirements/accepted-english-qualifications 0
5 http://www.ucl.ac.uk/srs/academic-manual/c1/taught-admissions/english 0
5 http://www.ucl.ac.uk/english/current/undergraduate/ModEngLang 1
5 http://www.ucl.ac.uk/english 2
5 http://www.ucl.ac.uk/library/subject-support/garside/english 0
5 http://www.ucl.ac.uk/english/prospective/BA_English 1
5 http://www.ucl.ac.uk/prospective-students/undergraduate/application/requirements/accepted-english-qualifications 0
5 http://www.ucl.ac.uk/srs/academic-manual/overview 0
5 http://www.ucl.ac.uk/prospective-students/undergraduate/application/requirements/english-requirements 0
5 http://www.ucl.ac.uk/prospective-students/graduate/life/international/english-requirements 0
5 http://iris.ucl.ac.uk/iris/browse/profile?upi=TWILK05 0
5 http://www.cs.ucl.ac.uk/degrees/phd_programme/entry_requirements 0
5 http://www.ucl.ac.uk/srs/academic-manual/c1/professional-doctorate-admissions/english-lang 0
5 http://www.ucl.ac.uk/prospective-students/undergraduate/application/requirements/english-requirements/accepted-english-qualifications 0
5 http://www.ucl.ac.uk/silva/english/department 1
5 http://www.ucl.ac.uk/library/subject-support 0
5 http://www.ucl.ac.uk/english/department 1
5 http://www.ucl.ac.uk/selcs/prospective-students/postgraduate/ma-modules 0
5 http://www.ucl.ac.uk/prospective-students/graduate/apply-graduate-study/what-you-need/english-language-requirements 0
5 http://www.ucl.ac.uk/english-usage/other/ell.htm 0
