44 http://www.geog.ucl.ac.uk/about-the-department/support-services/drawing-office 0
44 http://www.ucl.ac.uk/london-2062/2062events/workshop2 2
44 http://www.london-nano.com/cleanroom-and-facilities/training/afm-training 2
44 http://crf.casa.ucl.ac.uk/screenRoute.aspx?s=386&d=121&w=False 2
44 http://www.geog.ucl.ac.uk/about-the-department/news/news-archive-2015/november-2015/from-foster-court-to-the-pearson-building 2
44 http://www.geog.ucl.ac.uk/about-the-department/events-seminars/running-club 1
44 http://www.geog.ucl.ac.uk/about-the-department/a-very-brief-history-of-the-department 1
44 http://www.ucl.ac.uk/maps/pearson 2
44 http://www.ucl.ac.uk/ijs/ijs-events-publication/my-father-the-good-nazi 0
44 http://www.ucl.ac.uk/estates/projects 0
44 http://www.cpom.org/contacts.html 1
44 http://www2.geog.ucl.ac.uk/~plewis/rnr 1
44 http://roombooking.ucl.ac.uk/rb/bookableSpace/search/searchBookableSpace.html?invoker=EFD 2
44 http://www.geog.ucl.ac.uk/about-the-department 1
44 http://www.ucl.ac.uk/excites/contact_us 2
44 http://www.london-nano.com/news-and-events/past-events?page=17 2
44 http://www.geog.ucl.ac.uk 1
44 http://www.geog.ucl.ac.uk/about-the-department/support-services/safety/safety-management-structure 1
44 http://www.ucl.ac.uk/london-2062/previous/workshop3 2
44 http://www.ucl.ac.uk/earth-sciences/facilities 2
44 http://crf.casa.ucl.ac.uk/screenRoute.aspx?s=1178&d=120&w=False 2
44 http://www.ucl.ac.uk/geospatial-analytics/people/mirco-musolesi 2
44 http://www2.geog.ucl.ac.uk/~plewis/CEGEG065 1
44 http://www.geog.ucl.ac.uk/downloads/eletterhead2-geog-pb.doc/view 1
44 http://roombooking.ucl.ac.uk/rb/bookableSpace/viewAllBookableSpace.html?invoker=EFD 2
44 http://crf.casa.ucl.ac.uk/screenRoute.aspx?s=386&d=117&w=False 2
44 http://www.geog.ucl.ac.uk/about-the-department/contacts-location 1
44 http://roombooking.ucl.ac.uk/rb/bookableSpace/roomPhoto.html?room=G22&building=003&invoker=EFD 2
44 http://www.ucl.ac.uk/statistics/department/history 2
44 http://www.geog.ucl.ac.uk/about-the-department/events-seminars/physical-geography-seminars 2
44 http://www.ucl.ac.uk/estates/news/buildings-register/p/pearson-building 2
44 http://www.geog.ucl.ac.uk/about-the-department/support-services/environment/images/GI%20PB%20Floorplan%202014.pdf 2
44 http://www.ucl.ac.uk/estates/roombooking/building-location/?id=003 1
44 http://www.geog.ucl.ac.uk/about-the-department/contacts-location/downloadable-maps/ucl-map-highlighting-pearson-building-and-26-bedford-way/image_view_fullscreen 2
44 http://www.ucl.ac.uk/london-2062/2062events/workshop4 2
44 http://www.geog.ucl.ac.uk/about-the-department/contacts-location/how-to-find-the-department 2
44 http://www.ucl.ac.uk/global-governance/people 1
44 http://crf.casa.ucl.ac.uk/screenRoute.aspx?s=117&d=118&w=False 2
44 http://www.geog.ucl.ac.uk/about-the-department/contacts-location/downloadable-maps/ucl-map-highlighting-pearson-building-and-26-bedford-way/view 2
44 http://www.ucl.ac.uk/london-2062/previous/workshop1 1
44 http://www.ucl.ac.uk/research/domains/events 2
44 http://www.ucl.ac.uk/isd/workrooms 0
44 http://crf.casa.ucl.ac.uk/screenRoute.aspx?s=386&d=120&w=False 2
44 http://www.geog.ucl.ac.uk/about-the-department/news/alumni-news/news-archive-2015/november-2015/from-foster-court-to-the-pearson-building 2
44 http://www.ucl.ac.uk/popfest-2014/venue 2
44 http://www.ucl.ac.uk/media/library/londondebate 2
44 http://www.ucl.ac.uk/european-institute/events/2013-14/past-transmission 2
44 http://www.ucl.ac.uk/london-2062/previous/workshop2 1
44 http://www.geog.ucl.ac.uk/about-the-department/contacts-location/downloadable-maps 1
44 http://crf.casa.ucl.ac.uk/screenRoute.aspx?s=386&d=119&w=False 2
44 http://www.ucl.ac.uk/hr/pensions/presentations.php 1
44 http://www.ucl.ac.uk/estates/roombooking 1
44 http://www.ucl.ac.uk/media/library/subglacial 1
